[
  {
    "timestamp": "2016-09-03 12:00:00.782086", 
    "testcases": [
      {
        "ptsPossible": 1.0, 
        "ptsEarned": 0.0, 
        "description": "Test that camelCaser returns NULL when given NULL", 
        "name": "implementationNullTerminated", 
        "log": "Trying to compile your code...\nFAILED TO COMPILE!\ncc_impl_main.c: In function \u2018test_correct_number_sentences\u2019:\ncc_impl_main.c:35:20: warning: implicit declaration of function \u2018strlen\u2019 [-Wimplicit-function-declaration]\n         success &= strlen(output[i]) == 10;\n                    ^\ncc_impl_main.c:35:20: warning: incompatible implicit declaration of built-in function \u2018strlen\u2019\ncc_impl_main.c:35:20: note: include \u2018<string.h>\u2019 or provide a declaration of \u2018strlen\u2019\ncc_impl_main.c: In function \u2018test_correct_number_words\u2019:\ncc_impl_main.c:49:16: warning: implicit declaration of function \u2018strcmp\u2019 [-Wimplicit-function-declaration]\n     success &= strcmp(output[0], correct_output[0]);\n                ^\ncc_impl_main.c: In function \u2018test_multiple_punc_edge_case\u2019:\ncc_impl_main.c:78:16: warning: incompatible implicit declaration of built-in function \u2018strlen\u2019\n     success &= strlen(output[0]) == 10;\n                ^\ncc_impl_main.c:78:16: note: include \u2018<string.h>\u2019 or provide a declaration of \u2018strlen\u2019\ncc_impl_main.c: In function \u2018test_incomplete_sentences\u2019:\ncc_impl_main.c:91:16: warning: incompatible implicit declaration of built-in function \u2018strlen\u2019\n     success &= strlen(output[0]) == 10;\n                ^\ncc_impl_main.c:91:16: note: include \u2018<string.h>\u2019 or provide a declaration of \u2018strlen\u2019\ncamelCaser.c:15:1: error: expected \u2018=\u2019, \u2018,\u2019, \u2018;\u2019, \u2018asm\u2019 or \u2018__attribute__\u2019 before \u2018char\u2019\n char **camel_caser(const char *input_str){\n ^\nmake: *** [camelCaser.o] Error 1\n"
      }, 
      {
        "ptsPossible": 1.0, 
        "ptsEarned": 0.0, 
        "description": "Test that camelCaser returns an array that is null terminated", 
        "name": "implementationLastElementNull", 
        "log": "Trying to compile your code...\nFAILED TO COMPILE!\ncamelCaser.c:15:1: error: expected \u2018=\u2019, \u2018,\u2019, \u2018;\u2019, \u2018asm\u2019 or \u2018__attribute__\u2019 before \u2018char\u2019\n char **camel_caser(const char *input_str){\n ^\nmake: *** [camelCaser.o] Error 1\n"
      }, 
      {
        "ptsPossible": 1.0, 
        "ptsEarned": 0.0, 
        "description": "Test that camelCaser returns an array with the correct number of elements", 
        "name": "implementationCorrectNumberSentences", 
        "log": "Trying to compile your code...\nFAILED TO COMPILE!\ncamelCaser.c:15:1: error: expected \u2018=\u2019, \u2018,\u2019, \u2018;\u2019, \u2018asm\u2019 or \u2018__attribute__\u2019 before \u2018char\u2019\n char **camel_caser(const char *input_str){\n ^\nmake: *** [camelCaser.o] Error 1\n"
      }, 
      {
        "ptsPossible": 1.0, 
        "ptsEarned": 0.0, 
        "description": "Test that camelCaser returns an array with elements that are the correct length", 
        "name": "implementationCorrectNumberWords", 
        "log": "Trying to compile your code...\nFAILED TO COMPILE!\ncamelCaser.c:15:1: error: expected \u2018=\u2019, \u2018,\u2019, \u2018;\u2019, \u2018asm\u2019 or \u2018__attribute__\u2019 before \u2018char\u2019\n char **camel_caser(const char *input_str){\n ^\nmake: *** [camelCaser.o] Error 1\n"
      }, 
      {
        "ptsPossible": 1.0, 
        "ptsEarned": 0.0, 
        "description": "Test that camelCaser returns sentences with the correct capitalization", 
        "name": "implementationCorrectCapitals", 
        "log": "Trying to compile your code...\nFAILED TO COMPILE!\ncamelCaser.c:15:1: error: expected \u2018=\u2019, \u2018,\u2019, \u2018;\u2019, \u2018asm\u2019 or \u2018__attribute__\u2019 before \u2018char\u2019\n char **camel_caser(const char *input_str){\n ^\nmake: *** [camelCaser.o] Error 1\n"
      }, 
      {
        "ptsPossible": 1.0, 
        "ptsEarned": 0.0, 
        "description": "Test that camelCaser returns a correct array with edge case punctuation and spaces", 
        "name": "implementationMultiplePunc", 
        "log": "Trying to compile your code...\nFAILED TO COMPILE!\ncamelCaser.c:15:1: error: expected \u2018=\u2019, \u2018,\u2019, \u2018;\u2019, \u2018asm\u2019 or \u2018__attribute__\u2019 before \u2018char\u2019\n char **camel_caser(const char *input_str){\n ^\nmake: *** [camelCaser.o] Error 1\n"
      }, 
      {
        "ptsPossible": 1.0, 
        "ptsEarned": 0.0, 
        "description": "Test that camelCaser returns output where incomplete sentences are ignored", 
        "name": "implementationIncompleteSentences", 
        "log": "Trying to compile your code...\nFAILED TO COMPILE!\ncamelCaser.c:15:1: error: expected \u2018=\u2019, \u2018,\u2019, \u2018;\u2019, \u2018asm\u2019 or \u2018__attribute__\u2019 before \u2018char\u2019\n char **camel_caser(const char *input_str){\n ^\nmake: *** [camelCaser.o] Error 1\n"
      }, 
      {
        "ptsPossible": 1.0, 
        "ptsEarned": 1.0, 
        "description": "Mysterious camelCaser implementation...", 
        "name": "Function1", 
        "log": "Trying to compile your code...\nSuccessfully compiled your code.."
      }, 
      {
        "ptsPossible": 1.0, 
        "ptsEarned": -1.0, 
        "description": "Mysterious camelCaser implementation...", 
        "name": "Function2", 
        "log": "Trying to compile your code...\nSuccessfully compiled your code..\nFailed test"
      }, 
      {
        "ptsPossible": 1.0, 
        "ptsEarned": -1.0, 
        "description": "Mysterious camelCaser implementation...", 
        "name": "Function3", 
        "log": "Trying to compile your code...\nSuccessfully compiled your code..\nFailed test"
      }, 
      {
        "ptsPossible": 1.0, 
        "ptsEarned": 1.0, 
        "description": "Mysterious camelCaser implementation...", 
        "name": "Function4", 
        "log": "Trying to compile your code...\nSuccessfully compiled your code.."
      }, 
      {
        "ptsPossible": 1.0, 
        "ptsEarned": -1.0, 
        "description": "Mysterious camelCaser implementation...", 
        "name": "Function5", 
        "log": "Trying to compile your code...\nSuccessfully compiled your code..\nFailed test"
      }, 
      {
        "ptsPossible": 1.0, 
        "ptsEarned": -1.0, 
        "description": "Mysterious camelCaser implementation...", 
        "name": "Function6", 
        "log": "Trying to compile your code...\nSuccessfully compiled your code..\nFailed test"
      }, 
      {
        "ptsPossible": 1.0, 
        "ptsEarned": 1.0, 
        "description": "Mysterious camelCaser implementation...", 
        "name": "Function7", 
        "log": "Trying to compile your code...\nSuccessfully compiled your code.."
      }, 
      {
        "ptsPossible": 1.0, 
        "ptsEarned": 1.0, 
        "description": "Mysterious camelCaser implementation...", 
        "name": "Function8", 
        "log": "Trying to compile your code...\nSuccessfully compiled your code.."
      }, 
      {
        "ptsPossible": 1.0, 
        "ptsEarned": -1.0, 
        "description": "Mysterious camelCaser implementation...", 
        "name": "Function9", 
        "log": "Trying to compile your code...\nSuccessfully compiled your code..\nFailed test"
      }, 
      {
        "ptsPossible": 1.0, 
        "ptsEarned": -1.0, 
        "description": "Mysterious camelCaser implementation...", 
        "name": "Function10", 
        "log": "Trying to compile your code...\nSuccessfully compiled your code..\nFailed test"
      }
    ], 
    "revision": "4400", 
    "checksum": "efc70d45faf98bfcf2ed14792653d342909d54df  camelCaser.c\n40f7d386b1d89886991c5af3fd097354d80c32fd  camelCaser_tests.c"
  }, 
  {
    "timestamp": "2016-09-04 12:00:00.806657", 
    "testcases": [
      {
        "description": "Test that camelCaser returns NULL when given NULL", 
        "ptsEarned": 0.0, 
        "log": "Trying to compile your code...\nFAILED TO COMPILE!\ncc_impl_main.c: In function \u2018test_correct_number_sentences\u2019:\ncc_impl_main.c:35:20: warning: implicit declaration of function \u2018strlen\u2019 [-Wimplicit-function-declaration]\n         success &= strlen(output[i]) == 10;\n                    ^\ncc_impl_main.c:35:20: warning: incompatible implicit declaration of built-in function \u2018strlen\u2019\ncc_impl_main.c:35:20: note: include \u2018<string.h>\u2019 or provide a declaration of \u2018strlen\u2019\ncc_impl_main.c: In function \u2018test_correct_number_words\u2019:\ncc_impl_main.c:49:16: warning: implicit declaration of function \u2018strcmp\u2019 [-Wimplicit-function-declaration]\n     success &= strcmp(output[0], correct_output[0]);\n                ^\ncc_impl_main.c: In function \u2018test_multiple_punc_edge_case\u2019:\ncc_impl_main.c:78:16: warning: incompatible implicit declaration of built-in function \u2018strlen\u2019\n     success &= strlen(output[0]) == 10;\n                ^\ncc_impl_main.c:78:16: note: include \u2018<string.h>\u2019 or provide a declaration of \u2018strlen\u2019\ncc_impl_main.c: In function \u2018test_incomplete_sentences\u2019:\ncc_impl_main.c:91:16: warning: incompatible implicit declaration of built-in function \u2018strlen\u2019\n     success &= strlen(output[0]) == 10;\n                ^\ncc_impl_main.c:91:16: note: include \u2018<string.h>\u2019 or provide a declaration of \u2018strlen\u2019\ncamelCaser.c:15:1: error: expected \u2018=\u2019, \u2018,\u2019, \u2018;\u2019, \u2018asm\u2019 or \u2018__attribute__\u2019 before \u2018char\u2019\n char **camel_caser(const char *input_str){\n ^\nmake: *** [camelCaser.o] Error 1\n", 
        "name": "implementationNullTerminated", 
        "ptsPossible": 1.0
      }, 
      {
        "description": "Test that camelCaser returns an array that is null terminated", 
        "ptsEarned": 0.0, 
        "log": "Trying to compile your code...\nFAILED TO COMPILE!\ncamelCaser.c:15:1: error: expected \u2018=\u2019, \u2018,\u2019, \u2018;\u2019, \u2018asm\u2019 or \u2018__attribute__\u2019 before \u2018char\u2019\n char **camel_caser(const char *input_str){\n ^\nmake: *** [camelCaser.o] Error 1\n", 
        "name": "implementationLastElementNull", 
        "ptsPossible": 1.0
      }, 
      {
        "description": "Test that camelCaser returns an array with the correct number of elements", 
        "ptsEarned": 0.0, 
        "log": "Trying to compile your code...\nFAILED TO COMPILE!\ncamelCaser.c:15:1: error: expected \u2018=\u2019, \u2018,\u2019, \u2018;\u2019, \u2018asm\u2019 or \u2018__attribute__\u2019 before \u2018char\u2019\n char **camel_caser(const char *input_str){\n ^\nmake: *** [camelCaser.o] Error 1\n", 
        "name": "implementationCorrectNumberSentences", 
        "ptsPossible": 1.0
      }, 
      {
        "description": "Test that camelCaser returns an array with elements that are the correct length", 
        "ptsEarned": 0.0, 
        "log": "Trying to compile your code...\nFAILED TO COMPILE!\ncamelCaser.c:15:1: error: expected \u2018=\u2019, \u2018,\u2019, \u2018;\u2019, \u2018asm\u2019 or \u2018__attribute__\u2019 before \u2018char\u2019\n char **camel_caser(const char *input_str){\n ^\nmake: *** [camelCaser.o] Error 1\n", 
        "name": "implementationCorrectNumberWords", 
        "ptsPossible": 1.0
      }, 
      {
        "description": "Test that camelCaser returns sentences with the correct capitalization", 
        "ptsEarned": 0.0, 
        "log": "Trying to compile your code...\nFAILED TO COMPILE!\ncamelCaser.c:15:1: error: expected \u2018=\u2019, \u2018,\u2019, \u2018;\u2019, \u2018asm\u2019 or \u2018__attribute__\u2019 before \u2018char\u2019\n char **camel_caser(const char *input_str){\n ^\nmake: *** [camelCaser.o] Error 1\n", 
        "name": "implementationCorrectCapitals", 
        "ptsPossible": 1.0
      }, 
      {
        "description": "Test that camelCaser returns a correct array with edge case punctuation and spaces", 
        "ptsEarned": 0.0, 
        "log": "Trying to compile your code...\nFAILED TO COMPILE!\ncamelCaser.c:15:1: error: expected \u2018=\u2019, \u2018,\u2019, \u2018;\u2019, \u2018asm\u2019 or \u2018__attribute__\u2019 before \u2018char\u2019\n char **camel_caser(const char *input_str){\n ^\nmake: *** [camelCaser.o] Error 1\n", 
        "name": "implementationMultiplePunc", 
        "ptsPossible": 1.0
      }, 
      {
        "description": "Test that camelCaser returns output where incomplete sentences are ignored", 
        "ptsEarned": 0.0, 
        "log": "Trying to compile your code...\nFAILED TO COMPILE!\ncamelCaser.c:15:1: error: expected \u2018=\u2019, \u2018,\u2019, \u2018;\u2019, \u2018asm\u2019 or \u2018__attribute__\u2019 before \u2018char\u2019\n char **camel_caser(const char *input_str){\n ^\nmake: *** [camelCaser.o] Error 1\n", 
        "name": "implementationIncompleteSentences", 
        "ptsPossible": 1.0
      }, 
      {
        "description": "Mysterious camelCaser implementation...", 
        "ptsEarned": 1.0, 
        "log": "Trying to compile your code...\nSuccessfully compiled your code..", 
        "name": "Function1", 
        "ptsPossible": 1.0
      }, 
      {
        "description": "Mysterious camelCaser implementation...", 
        "ptsEarned": -1.0, 
        "log": "Trying to compile your code...\nSuccessfully compiled your code..\nFailed test", 
        "name": "Function2", 
        "ptsPossible": 1.0
      }, 
      {
        "description": "Mysterious camelCaser implementation...", 
        "ptsEarned": -1.0, 
        "log": "Trying to compile your code...\nSuccessfully compiled your code..\nFailed test", 
        "name": "Function3", 
        "ptsPossible": 1.0
      }, 
      {
        "description": "Mysterious camelCaser implementation...", 
        "ptsEarned": 1.0, 
        "log": "Trying to compile your code...\nSuccessfully compiled your code..", 
        "name": "Function4", 
        "ptsPossible": 1.0
      }, 
      {
        "description": "Mysterious camelCaser implementation...", 
        "ptsEarned": -1.0, 
        "log": "Trying to compile your code...\nSuccessfully compiled your code..\nFailed test", 
        "name": "Function5", 
        "ptsPossible": 1.0
      }, 
      {
        "description": "Mysterious camelCaser implementation...", 
        "ptsEarned": -1.0, 
        "log": "Trying to compile your code...\nSuccessfully compiled your code..\nFailed test", 
        "name": "Function6", 
        "ptsPossible": 1.0
      }, 
      {
        "description": "Mysterious camelCaser implementation...", 
        "ptsEarned": 1.0, 
        "log": "Trying to compile your code...\nSuccessfully compiled your code..", 
        "name": "Function7", 
        "ptsPossible": 1.0
      }, 
      {
        "description": "Mysterious camelCaser implementation...", 
        "ptsEarned": 1.0, 
        "log": "Trying to compile your code...\nSuccessfully compiled your code..", 
        "name": "Function8", 
        "ptsPossible": 1.0
      }, 
      {
        "description": "Mysterious camelCaser implementation...", 
        "ptsEarned": -1.0, 
        "log": "Trying to compile your code...\nSuccessfully compiled your code..\nFailed test", 
        "name": "Function9", 
        "ptsPossible": 1.0
      }, 
      {
        "description": "Mysterious camelCaser implementation...", 
        "ptsEarned": -1.0, 
        "log": "Trying to compile your code...\nSuccessfully compiled your code..\nFailed test", 
        "name": "Function10", 
        "ptsPossible": 1.0
      }
    ], 
    "checksum": "efc70d45faf98bfcf2ed14792653d342909d54df  camelCaser.c\n40f7d386b1d89886991c5af3fd097354d80c32fd  camelCaser_tests.c", 
    "revision": "5079"
  }, 
  {
    "timestamp": "2016-09-05 12:00:00.778602", 
    "testcases": [
      {
        "log": "Trying to compile your code...\nFAILED TO COMPILE!\ncamelCaser.c:15:1: error: expected \u2018=\u2019, \u2018,\u2019, \u2018;\u2019, \u2018asm\u2019 or \u2018__attribute__\u2019 before \u2018char\u2019\n char **camel_caser(const char *input_str){\n ^\nmake: *** [camelCaser.o] Error 1\n", 
        "ptsEarned": 0.0, 
        "ptsPossible": 1.0, 
        "name": "implementationNullTerminated", 
        "description": "Test that camelCaser returns NULL when given NULL"
      }, 
      {
        "log": "Trying to compile your code...\nFAILED TO COMPILE!\ncamelCaser.c:15:1: error: expected \u2018=\u2019, \u2018,\u2019, \u2018;\u2019, \u2018asm\u2019 or \u2018__attribute__\u2019 before \u2018char\u2019\n char **camel_caser(const char *input_str){\n ^\nmake: *** [camelCaser.o] Error 1\n", 
        "ptsEarned": 0.0, 
        "ptsPossible": 1.0, 
        "name": "implementationLastElementNull", 
        "description": "Test that camelCaser returns an array that is null terminated"
      }, 
      {
        "log": "Trying to compile your code...\nFAILED TO COMPILE!\ncamelCaser.c:15:1: error: expected \u2018=\u2019, \u2018,\u2019, \u2018;\u2019, \u2018asm\u2019 or \u2018__attribute__\u2019 before \u2018char\u2019\n char **camel_caser(const char *input_str){\n ^\nmake: *** [camelCaser.o] Error 1\n", 
        "ptsEarned": 0.0, 
        "ptsPossible": 1.0, 
        "name": "implementationCorrectNumberSentences", 
        "description": "Test that camelCaser returns an array with the correct number of elements"
      }, 
      {
        "log": "Trying to compile your code...\nFAILED TO COMPILE!\ncamelCaser.c:15:1: error: expected \u2018=\u2019, \u2018,\u2019, \u2018;\u2019, \u2018asm\u2019 or \u2018__attribute__\u2019 before \u2018char\u2019\n char **camel_caser(const char *input_str){\n ^\nmake: *** [camelCaser.o] Error 1\n", 
        "ptsEarned": 0.0, 
        "ptsPossible": 1.0, 
        "name": "implementationCorrectNumberWords", 
        "description": "Test that camelCaser returns an array with elements that are the correct length"
      }, 
      {
        "log": "Trying to compile your code...\nFAILED TO COMPILE!\ncamelCaser.c:15:1: error: expected \u2018=\u2019, \u2018,\u2019, \u2018;\u2019, \u2018asm\u2019 or \u2018__attribute__\u2019 before \u2018char\u2019\n char **camel_caser(const char *input_str){\n ^\nmake: *** [camelCaser.o] Error 1\n", 
        "ptsEarned": 0.0, 
        "ptsPossible": 1.0, 
        "name": "implementationCorrectCapitals", 
        "description": "Test that camelCaser returns sentences with the correct capitalization"
      }, 
      {
        "log": "Trying to compile your code...\nFAILED TO COMPILE!\ncamelCaser.c:15:1: error: expected \u2018=\u2019, \u2018,\u2019, \u2018;\u2019, \u2018asm\u2019 or \u2018__attribute__\u2019 before \u2018char\u2019\n char **camel_caser(const char *input_str){\n ^\nmake: *** [camelCaser.o] Error 1\n", 
        "ptsEarned": 0.0, 
        "ptsPossible": 1.0, 
        "name": "implementationMultiplePunc", 
        "description": "Test that camelCaser returns a correct array with edge case punctuation and spaces"
      }, 
      {
        "log": "Trying to compile your code...\nFAILED TO COMPILE!\ncamelCaser.c:15:1: error: expected \u2018=\u2019, \u2018,\u2019, \u2018;\u2019, \u2018asm\u2019 or \u2018__attribute__\u2019 before \u2018char\u2019\n char **camel_caser(const char *input_str){\n ^\nmake: *** [camelCaser.o] Error 1\n", 
        "ptsEarned": 0.0, 
        "ptsPossible": 1.0, 
        "name": "implementationIncompleteSentences", 
        "description": "Test that camelCaser returns output where incomplete sentences are ignored"
      }, 
      {
        "log": "Trying to compile your code...\nSuccessfully compiled your code..", 
        "ptsEarned": 1.0, 
        "ptsPossible": 1.0, 
        "name": "Function1", 
        "description": "Mysterious camelCaser implementation..."
      }, 
      {
        "log": "Trying to compile your code...\nSuccessfully compiled your code..\nFailed test", 
        "ptsEarned": -1.0, 
        "ptsPossible": 1.0, 
        "name": "Function2", 
        "description": "Mysterious camelCaser implementation..."
      }, 
      {
        "log": "Trying to compile your code...\nSuccessfully compiled your code..\nFailed test", 
        "ptsEarned": -1.0, 
        "ptsPossible": 1.0, 
        "name": "Function3", 
        "description": "Mysterious camelCaser implementation..."
      }, 
      {
        "log": "Trying to compile your code...\nSuccessfully compiled your code..", 
        "ptsEarned": 1.0, 
        "ptsPossible": 1.0, 
        "name": "Function4", 
        "description": "Mysterious camelCaser implementation..."
      }, 
      {
        "log": "Trying to compile your code...\nSuccessfully compiled your code..\nFailed test", 
        "ptsEarned": -1.0, 
        "ptsPossible": 1.0, 
        "name": "Function5", 
        "description": "Mysterious camelCaser implementation..."
      }, 
      {
        "log": "Trying to compile your code...\nSuccessfully compiled your code..\nFailed test", 
        "ptsEarned": -1.0, 
        "ptsPossible": 1.0, 
        "name": "Function6", 
        "description": "Mysterious camelCaser implementation..."
      }, 
      {
        "log": "Trying to compile your code...\nSuccessfully compiled your code..", 
        "ptsEarned": 1.0, 
        "ptsPossible": 1.0, 
        "name": "Function7", 
        "description": "Mysterious camelCaser implementation..."
      }, 
      {
        "log": "Trying to compile your code...\nSuccessfully compiled your code..", 
        "ptsEarned": 1.0, 
        "ptsPossible": 1.0, 
        "name": "Function8", 
        "description": "Mysterious camelCaser implementation..."
      }, 
      {
        "log": "Trying to compile your code...\nSuccessfully compiled your code..\nFailed test", 
        "ptsEarned": -1.0, 
        "ptsPossible": 1.0, 
        "name": "Function9", 
        "description": "Mysterious camelCaser implementation..."
      }, 
      {
        "log": "Trying to compile your code...\nSuccessfully compiled your code..\nFailed test", 
        "ptsEarned": -1.0, 
        "ptsPossible": 1.0, 
        "name": "Function10", 
        "description": "Mysterious camelCaser implementation..."
      }
    ], 
    "revision": "6394", 
    "checksum": "efc70d45faf98bfcf2ed14792653d342909d54df  camelCaser.c\n40f7d386b1d89886991c5af3fd097354d80c32fd  camelCaser_tests.c"
  }, 
  {
    "timestamp": "2016-09-06 12:00:00.771462", 
    "testcases": [
      {
        "ptsPossible": 1.0, 
        "ptsEarned": 1.0, 
        "description": "Test that camelCaser returns NULL when given NULL", 
        "name": "implementationNullTerminated", 
        "log": "Trying to compile your code...\nSuccessfully compiled your code.."
      }, 
      {
        "ptsPossible": 1.0, 
        "ptsEarned": 1.0, 
        "description": "Test that camelCaser returns an array that is null terminated", 
        "name": "implementationLastElementNull", 
        "log": "Trying to compile your code...\nSuccessfully compiled your code.."
      }, 
      {
        "ptsPossible": 1.0, 
        "ptsEarned": 0.0, 
        "description": "Test that camelCaser returns an array with the correct number of elements", 
        "name": "implementationCorrectNumberSentences", 
        "log": "Trying to compile your code...\nSuccessfully compiled your code..\nFailed test"
      }, 
      {
        "ptsPossible": 1.0, 
        "ptsEarned": 0.0, 
        "description": "Test that camelCaser returns an array with elements that are the correct length", 
        "name": "implementationCorrectNumberWords", 
        "log": "Trying to compile your code...\nSuccessfully compiled your code..\nFailed test"
      }, 
      {
        "ptsPossible": 1.0, 
        "ptsEarned": 0.0, 
        "description": "Test that camelCaser returns sentences with the correct capitalization", 
        "name": "implementationCorrectCapitals", 
        "log": "Trying to compile your code...\nSuccessfully compiled your code..\nFailed test"
      }, 
      {
        "ptsPossible": 1.0, 
        "ptsEarned": 0.0, 
        "description": "Test that camelCaser returns a correct array with edge case punctuation and spaces", 
        "name": "implementationMultiplePunc", 
        "log": "Trying to compile your code...\nSuccessfully compiled your code..\nFailed test"
      }, 
      {
        "ptsPossible": 1.0, 
        "ptsEarned": 0.0, 
        "description": "Test that camelCaser returns output where incomplete sentences are ignored", 
        "name": "implementationIncompleteSentences", 
        "log": "Trying to compile your code...\nSuccessfully compiled your code..\nFailed test"
      }, 
      {
        "ptsPossible": 1.0, 
        "ptsEarned": 1.0, 
        "description": "Mysterious camelCaser implementation...", 
        "name": "Function1", 
        "log": "Trying to compile your code...\nSuccessfully compiled your code.."
      }, 
      {
        "ptsPossible": 1.0, 
        "ptsEarned": -1.0, 
        "description": "Mysterious camelCaser implementation...", 
        "name": "Function2", 
        "log": "Trying to compile your code...\nSuccessfully compiled your code..\nFailed test"
      }, 
      {
        "ptsPossible": 1.0, 
        "ptsEarned": -1.0, 
        "description": "Mysterious camelCaser implementation...", 
        "name": "Function3", 
        "log": "Trying to compile your code...\nSuccessfully compiled your code..\nFailed test"
      }, 
      {
        "ptsPossible": 1.0, 
        "ptsEarned": 1.0, 
        "description": "Mysterious camelCaser implementation...", 
        "name": "Function4", 
        "log": "Trying to compile your code...\nSuccessfully compiled your code.."
      }, 
      {
        "ptsPossible": 1.0, 
        "ptsEarned": -1.0, 
        "description": "Mysterious camelCaser implementation...", 
        "name": "Function5", 
        "log": "Trying to compile your code...\nSuccessfully compiled your code..\nFailed test"
      }, 
      {
        "ptsPossible": 1.0, 
        "ptsEarned": -1.0, 
        "description": "Mysterious camelCaser implementation...", 
        "name": "Function6", 
        "log": "Trying to compile your code...\nSuccessfully compiled your code..\nFailed test"
      }, 
      {
        "ptsPossible": 1.0, 
        "ptsEarned": 1.0, 
        "description": "Mysterious camelCaser implementation...", 
        "name": "Function7", 
        "log": "Trying to compile your code...\nSuccessfully compiled your code.."
      }, 
      {
        "ptsPossible": 1.0, 
        "ptsEarned": 1.0, 
        "description": "Mysterious camelCaser implementation...", 
        "name": "Function8", 
        "log": "Trying to compile your code...\nSuccessfully compiled your code.."
      }, 
      {
        "ptsPossible": 1.0, 
        "ptsEarned": -1.0, 
        "description": "Mysterious camelCaser implementation...", 
        "name": "Function9", 
        "log": "Trying to compile your code...\nSuccessfully compiled your code..\nFailed test"
      }, 
      {
        "ptsPossible": 1.0, 
        "ptsEarned": -1.0, 
        "description": "Mysterious camelCaser implementation...", 
        "name": "Function10", 
        "log": "Trying to compile your code...\nSuccessfully compiled your code..\nFailed test"
      }
    ], 
    "checksum": "d2bac6b0a025aa3fabee57b3202cbdf2a7a30da6  camelCaser.c\naf14b6028d6e3d4c594fce78e5f6cfc90a25b7f8  camelCaser_tests.c", 
    "revision": "8217"
  }, 
  {
    "timestamp": "2016-09-07 12:00:00.773773", 
    "testcases": [
      {
        "description": "Test that camelCaser returns NULL when given NULL", 
        "ptsEarned": 1.0, 
        "log": "Trying to compile your code...\nSuccessfully compiled your code..", 
        "name": "implementationNullTerminated", 
        "ptsPossible": 1.0
      }, 
      {
        "description": "Test that camelCaser returns an array that is null terminated", 
        "ptsEarned": 1.0, 
        "log": "Trying to compile your code...\nSuccessfully compiled your code..", 
        "name": "implementationLastElementNull", 
        "ptsPossible": 1.0
      }, 
      {
        "description": "Test that camelCaser returns an array with the correct number of elements", 
        "ptsEarned": 1.0, 
        "log": "Trying to compile your code...\nSuccessfully compiled your code..", 
        "name": "implementationCorrectNumberSentences", 
        "ptsPossible": 1.0
      }, 
      {
        "description": "Test that camelCaser returns an array with elements that are the correct length", 
        "ptsEarned": 1.0, 
        "log": "Trying to compile your code...\nSuccessfully compiled your code..", 
        "name": "implementationCorrectNumberWords", 
        "ptsPossible": 1.0
      }, 
      {
        "description": "Test that camelCaser returns sentences with the correct capitalization", 
        "ptsEarned": 1.0, 
        "log": "Trying to compile your code...\nSuccessfully compiled your code..", 
        "name": "implementationCorrectCapitals", 
        "ptsPossible": 1.0
      }, 
      {
        "description": "Test that camelCaser returns a correct array with edge case punctuation and spaces", 
        "ptsEarned": 0.0, 
        "log": "Trying to compile your code...\nSuccessfully compiled your code..\nFailed test", 
        "name": "implementationMultiplePunc", 
        "ptsPossible": 1.0
      }, 
      {
        "description": "Test that camelCaser returns output where incomplete sentences are ignored", 
        "ptsEarned": 1.0, 
        "log": "Trying to compile your code...\nSuccessfully compiled your code..", 
        "name": "implementationIncompleteSentences", 
        "ptsPossible": 1.0
      }, 
      {
        "description": "Mysterious camelCaser implementation...", 
        "ptsEarned": 1.0, 
        "log": "Trying to compile your code...\nSuccessfully compiled your code..", 
        "name": "Function1", 
        "ptsPossible": 1.0
      }, 
      {
        "description": "Mysterious camelCaser implementation...", 
        "ptsEarned": -1.0, 
        "log": "Trying to compile your code...\nSuccessfully compiled your code..\nFailed test", 
        "name": "Function2", 
        "ptsPossible": 1.0
      }, 
      {
        "description": "Mysterious camelCaser implementation...", 
        "ptsEarned": 1.0, 
        "log": "Trying to compile your code...\nSuccessfully compiled your code..", 
        "name": "Function3", 
        "ptsPossible": 1.0
      }, 
      {
        "description": "Mysterious camelCaser implementation...", 
        "ptsEarned": 1.0, 
        "log": "Trying to compile your code...\nSuccessfully compiled your code..", 
        "name": "Function4", 
        "ptsPossible": 1.0
      }, 
      {
        "description": "Mysterious camelCaser implementation...", 
        "ptsEarned": -1.0, 
        "log": "Trying to compile your code...\nSuccessfully compiled your code..\nFailed test", 
        "name": "Function5", 
        "ptsPossible": 1.0
      }, 
      {
        "description": "Mysterious camelCaser implementation...", 
        "ptsEarned": -1.0, 
        "log": "Trying to compile your code...\nSuccessfully compiled your code..\nFailed test", 
        "name": "Function6", 
        "ptsPossible": 1.0
      }, 
      {
        "description": "Mysterious camelCaser implementation...", 
        "ptsEarned": 1.0, 
        "log": "Trying to compile your code...\nSuccessfully compiled your code..", 
        "name": "Function7", 
        "ptsPossible": 1.0
      }, 
      {
        "description": "Mysterious camelCaser implementation...", 
        "ptsEarned": 1.0, 
        "log": "Trying to compile your code...\nSuccessfully compiled your code..", 
        "name": "Function8", 
        "ptsPossible": 1.0
      }, 
      {
        "description": "Mysterious camelCaser implementation...", 
        "ptsEarned": -1.0, 
        "log": "Trying to compile your code...\nSuccessfully compiled your code..\nFailed test", 
        "name": "Function9", 
        "ptsPossible": 1.0
      }, 
      {
        "description": "Mysterious camelCaser implementation...", 
        "ptsEarned": -1.0, 
        "log": "Trying to compile your code...\nSuccessfully compiled your code..\nFailed test", 
        "name": "Function10", 
        "ptsPossible": 1.0
      }
    ], 
    "revision": "9674", 
    "checksum": "84d48aee54c04897e48b1d1931d6064c78bf1f1c  camelCaser.c\n51a3531b352ab942c20a3f9e1e24a8d993c0c568  camelCaser_tests.c"
  }, 
  {
    "timestamp": "2016-09-08 00:00:00.806185", 
    "testcases": [
      {
        "log": "Trying to compile your code...\nSuccessfully compiled your code..", 
        "ptsPossible": 1.0, 
        "ptsEarned": 1.0, 
        "name": "implementationNullTerminated", 
        "description": "Test that camelCaser returns NULL when given NULL"
      }, 
      {
        "log": "Trying to compile your code...\nSuccessfully compiled your code..", 
        "ptsPossible": 1.0, 
        "ptsEarned": 1.0, 
        "name": "implementationLastElementNull", 
        "description": "Test that camelCaser returns an array that is null terminated"
      }, 
      {
        "log": "Trying to compile your code...\nSuccessfully compiled your code..", 
        "ptsPossible": 1.0, 
        "ptsEarned": 1.0, 
        "name": "implementationCorrectNumberSentences", 
        "description": "Test that camelCaser returns an array with the correct number of elements"
      }, 
      {
        "log": "Trying to compile your code...\nSuccessfully compiled your code..", 
        "ptsPossible": 1.0, 
        "ptsEarned": 1.0, 
        "name": "implementationCorrectNumberWords", 
        "description": "Test that camelCaser returns an array with elements that are the correct length"
      }, 
      {
        "log": "Trying to compile your code...\nSuccessfully compiled your code..", 
        "ptsPossible": 1.0, 
        "ptsEarned": 1.0, 
        "name": "implementationCorrectCapitals", 
        "description": "Test that camelCaser returns sentences with the correct capitalization"
      }, 
      {
        "log": "Trying to compile your code...\nSuccessfully compiled your code..", 
        "ptsPossible": 1.0, 
        "ptsEarned": 1.0, 
        "name": "implementationMultiplePunc", 
        "description": "Test that camelCaser returns a correct array with edge case punctuation and spaces"
      }, 
      {
        "log": "Trying to compile your code...\nSuccessfully compiled your code..", 
        "ptsPossible": 1.0, 
        "ptsEarned": 1.0, 
        "name": "implementationIncompleteSentences", 
        "description": "Test that camelCaser returns output where incomplete sentences are ignored"
      }, 
      {
        "log": "Trying to compile your code...\nSuccessfully compiled your code..", 
        "ptsPossible": 1.0, 
        "ptsEarned": 1.0, 
        "name": "Function1", 
        "description": "Mysterious camelCaser implementation..."
      }, 
      {
        "log": "Trying to compile your code...\nSuccessfully compiled your code..", 
        "ptsPossible": 1.0, 
        "ptsEarned": 1.0, 
        "name": "Function2", 
        "description": "Mysterious camelCaser implementation..."
      }, 
      {
        "log": "Trying to compile your code...\nSuccessfully compiled your code..", 
        "ptsPossible": 1.0, 
        "ptsEarned": 1.0, 
        "name": "Function3", 
        "description": "Mysterious camelCaser implementation..."
      }, 
      {
        "log": "Trying to compile your code...\nSuccessfully compiled your code..", 
        "ptsPossible": 1.0, 
        "ptsEarned": 1.0, 
        "name": "Function4", 
        "description": "Mysterious camelCaser implementation..."
      }, 
      {
        "log": "Trying to compile your code...\nSuccessfully compiled your code..", 
        "ptsPossible": 1.0, 
        "ptsEarned": 1.0, 
        "name": "Function5", 
        "description": "Mysterious camelCaser implementation..."
      }, 
      {
        "log": "Trying to compile your code...\nSuccessfully compiled your code..", 
        "ptsPossible": 1.0, 
        "ptsEarned": 1.0, 
        "name": "Function6", 
        "description": "Mysterious camelCaser implementation..."
      }, 
      {
        "log": "Trying to compile your code...\nSuccessfully compiled your code..", 
        "ptsPossible": 1.0, 
        "ptsEarned": 1.0, 
        "name": "Function7", 
        "description": "Mysterious camelCaser implementation..."
      }, 
      {
        "log": "Trying to compile your code...\nSuccessfully compiled your code..", 
        "ptsPossible": 1.0, 
        "ptsEarned": 1.0, 
        "name": "Function8", 
        "description": "Mysterious camelCaser implementation..."
      }, 
      {
        "log": "Trying to compile your code...\nSuccessfully compiled your code..", 
        "ptsPossible": 1.0, 
        "ptsEarned": 1.0, 
        "name": "Function9", 
        "description": "Mysterious camelCaser implementation..."
      }, 
      {
        "log": "Trying to compile your code...\nSuccessfully compiled your code..", 
        "ptsPossible": 1.0, 
        "ptsEarned": 1.0, 
        "name": "Function10", 
        "description": "Mysterious camelCaser implementation..."
      }
    ], 
    "checksum": "1018c03723b6c735ff5c0f34b25445ae1d139a80  camelCaser.c\nf629e9adbf04a19046a3fc807bc3d989e17c209d  camelCaser_tests.c", 
    "revision": "11254"
  }
]