[
  {
    "timestamp": "2016-08-31 23:59:00.199678", 
    "testcases": [
      {
        "ptsPossible": 1.0, 
        "ptsEarned": 0.0, 
        "description": "Part1: Test function 1", 
        "name": "part1_test1", 
        "log": "Trying to compile your code...\nFAILED TO COMPILE!\npart1-functions.c:22:3: error: use of undeclared identifier 'cout'\n  cout << a << \"^2 + \" << b << \"^2 = \" << c << endl;\n  ^\npart1-functions.c:22:48: error: use of undeclared identifier 'endl'\n  cout << a << \"^2 + \" << b << \"^2 = \" << c << endl;\n                                               ^\npart1-functions.c:39:13: error: ordered comparison between pointer and integer ('const char *' and 'int') [-Werror]\n  if (grade > 70)\n      ~~~~~ ^ ~~\npart1-functions.c:40:28: error: format specifies type 'int' but the argument has type 'const char *' [-Werror,-Wformat]\n    printf(\"%d passed!\\n\", grade);\n            ~~             ^~~~~\n            %s\npart1-functions.c:42:32: error: format specifies type 'int' but the argument has type 'const char *' [-Werror,-Wformat]\n    printf(\"%d not passed!\\n\", grade);\n            ~~                 ^~~~~\n            %s\npart1-functions.c:51:8: error: incompatible integer to pointer conversion initializing 'int *' with an expression of type 'int'; take the address with & [-Werror,-Wint-conversion]\n  int *p = x;\n       ^   ~\n           &\npart1-functions.c:101:10: error: incompatible integer to pointer conversion initializing 'float *' with an expression of type 'const int' [-Werror,-Wint-conversion]\n  float *p = *x;\n         ^   ~~\npart1-functions.c:114:9: error: ordered comparison between pointer and integer ('const char *' and 'int') [-Werror]\n  if (a >= 'A' && a <= 'z')\n      ~ ^  ~~~\npart1-functions.c:114:21: error: ordered comparison between pointer and integer ('const char *' and 'int') [-Werror]\n  if (a >= 'A' && a <= 'z')\n                  ~ ^  ~~~\npart1-functions.c:146:5: error: assigning to 'float *' from incompatible type 'double'\n  p = 12.5;\n    ^ ~~~~\npart1-functions.c:213:3: error: statement requires expression of integer type ('const char *' invalid)\n  switch (s) {\n  ^       ~\npart1-functions.c:214:8: error: expression is not an integer constant expression\n  case \"blue\":\n       ^~~~~~\npart1-functions.c:218:8: error: expression is not an integer constant expression\n  case \"orange\":\n       ^~~~~~~~\npart1-functions.c:266:48: error: format specifies type 'double' but the argument has type 'int' [-Werror,-Wformat]\n  printf(\"The radius of the circle is: %f.\\n\", d / 2);\n                                       ~~      ^~~~~\n                                       %d\npart1-functions.c:276:5: error: cannot assign to variable 'k' with const-qualified type 'const int'\n  k = k * k;\n  ~ ^\npart1-functions.c:275:25: note: variable 'k' declared const here\nvoid eighteen(const int k) {\n              ~~~~~~~~~~^\npart1-functions.c:277:5: error: cannot assign to variable 'k' with const-qualified type 'const int'\n  k += k;\n  ~ ^\npart1-functions.c:275:25: note: variable 'k' declared const here\nvoid eighteen(const int k) {\n              ~~~~~~~~~~^\npart1-functions.c:278:5: error: cannot assign to variable 'k' with const-qualified type 'const int'\n  k *= k;\n  ~ ^\npart1-functions.c:275:25: note: variable 'k' declared const here\nvoid eighteen(const int k) {\n              ~~~~~~~~~~^\npart1-functions.c:279:5: error: cannot assign to variable 'k' with const-qualified type 'const int'\n  k -= 1;\n  ~ ^\npart1-functions.c:275:25: note: variable 'k' declared const here\nvoid eighteen(const int k) {\n              ~~~~~~~~~~^\npart1-functions.c:307:30: warning: unused parameter 'value' [-Wunused-parameter]\nlong int clear_bits(long int value, long int flag) {\n                             ^\npart1-functions.c:307:46: warning: unused parameter 'flag' [-Wunused-parameter]\nlong int clear_bits(long int value, long int flag) {\n                                             ^\npart1-functions.c:337:28: warning: unused parameter 'transition' [-Wunused-parameter]\nint little_automaton(int (*transition)(int, char), const char *input_string) {\n                           ^\npart1-functions.c:337:64: warning: unused parameter 'input_string' [-Wunused-parameter]\nint little_automaton(int (*transition)(int, char), const char *input_string) {\n                                                               ^\n4 warnings and 18 errors generated.\nmake: *** [.objs/part1-functions-release.o] Error 1\n"
      }, 
      {
        "ptsPossible": 1.0, 
        "ptsEarned": 0.0, 
        "description": "Part1: Test function 2", 
        "name": "part1_test2", 
        "log": "Trying to compile your code...\nFAILED TO COMPILE!\npart1-functions.c:22:3: error: use of undeclared identifier 'cout'\n  cout << a << \"^2 + \" << b << \"^2 = \" << c << endl;\n  ^\npart1-functions.c:22:48: error: use of undeclared identifier 'endl'\n  cout << a << \"^2 + \" << b << \"^2 = \" << c << endl;\n                                               ^\npart1-functions.c:39:13: error: ordered comparison between pointer and integer ('const char *' and 'int') [-Werror]\n  if (grade > 70)\n      ~~~~~ ^ ~~\npart1-functions.c:40:28: error: format specifies type 'int' but the argument has type 'const char *' [-Werror,-Wformat]\n    printf(\"%d passed!\\n\", grade);\n            ~~             ^~~~~\n            %s\npart1-functions.c:42:32: error: format specifies type 'int' but the argument has type 'const char *' [-Werror,-Wformat]\n    printf(\"%d not passed!\\n\", grade);\n            ~~                 ^~~~~\n            %s\npart1-functions.c:51:8: error: incompatible integer to pointer conversion initializing 'int *' with an expression of type 'int'; take the address with & [-Werror,-Wint-conversion]\n  int *p = x;\n       ^   ~\n           &\npart1-functions.c:101:10: error: incompatible integer to pointer conversion initializing 'float *' with an expression of type 'const int' [-Werror,-Wint-conversion]\n  float *p = *x;\n         ^   ~~\npart1-functions.c:114:9: error: ordered comparison between pointer and integer ('const char *' and 'int') [-Werror]\n  if (a >= 'A' && a <= 'z')\n      ~ ^  ~~~\npart1-functions.c:114:21: error: ordered comparison between pointer and integer ('const char *' and 'int') [-Werror]\n  if (a >= 'A' && a <= 'z')\n                  ~ ^  ~~~\npart1-functions.c:146:5: error: assigning to 'float *' from incompatible type 'double'\n  p = 12.5;\n    ^ ~~~~\npart1-functions.c:213:3: error: statement requires expression of integer type ('const char *' invalid)\n  switch (s) {\n  ^       ~\npart1-functions.c:214:8: error: expression is not an integer constant expression\n  case \"blue\":\n       ^~~~~~\npart1-functions.c:218:8: error: expression is not an integer constant expression\n  case \"orange\":\n       ^~~~~~~~\npart1-functions.c:266:48: error: format specifies type 'double' but the argument has type 'int' [-Werror,-Wformat]\n  printf(\"The radius of the circle is: %f.\\n\", d / 2);\n                                       ~~      ^~~~~\n                                       %d\npart1-functions.c:276:5: error: cannot assign to variable 'k' with const-qualified type 'const int'\n  k = k * k;\n  ~ ^\npart1-functions.c:275:25: note: variable 'k' declared const here\nvoid eighteen(const int k) {\n              ~~~~~~~~~~^\npart1-functions.c:277:5: error: cannot assign to variable 'k' with const-qualified type 'const int'\n  k += k;\n  ~ ^\npart1-functions.c:275:25: note: variable 'k' declared const here\nvoid eighteen(const int k) {\n              ~~~~~~~~~~^\npart1-functions.c:278:5: error: cannot assign to variable 'k' with const-qualified type 'const int'\n  k *= k;\n  ~ ^\npart1-functions.c:275:25: note: variable 'k' declared const here\nvoid eighteen(const int k) {\n              ~~~~~~~~~~^\npart1-functions.c:279:5: error: cannot assign to variable 'k' with const-qualified type 'const int'\n  k -= 1;\n  ~ ^\npart1-functions.c:275:25: note: variable 'k' declared const here\nvoid eighteen(const int k) {\n              ~~~~~~~~~~^\npart1-functions.c:307:30: warning: unused parameter 'value' [-Wunused-parameter]\nlong int clear_bits(long int value, long int flag) {\n                             ^\npart1-functions.c:307:46: warning: unused parameter 'flag' [-Wunused-parameter]\nlong int clear_bits(long int value, long int flag) {\n                                             ^\npart1-functions.c:337:28: warning: unused parameter 'transition' [-Wunused-parameter]\nint little_automaton(int (*transition)(int, char), const char *input_string) {\n                           ^\npart1-functions.c:337:64: warning: unused parameter 'input_string' [-Wunused-parameter]\nint little_automaton(int (*transition)(int, char), const char *input_string) {\n                                                               ^\n4 warnings and 18 errors generated.\nmake: *** [.objs/part1-functions-release.o] Error 1\n"
      }, 
      {
        "ptsPossible": 1.0, 
        "ptsEarned": 0.0, 
        "description": "Part1: Test function 3", 
        "name": "part1_test3", 
        "log": "Trying to compile your code...\nFAILED TO COMPILE!\npart1-functions.c:22:3: error: use of undeclared identifier 'cout'\n  cout << a << \"^2 + \" << b << \"^2 = \" << c << endl;\n  ^\npart1-functions.c:22:48: error: use of undeclared identifier 'endl'\n  cout << a << \"^2 + \" << b << \"^2 = \" << c << endl;\n                                               ^\npart1-functions.c:39:13: error: ordered comparison between pointer and integer ('const char *' and 'int') [-Werror]\n  if (grade > 70)\n      ~~~~~ ^ ~~\npart1-functions.c:40:28: error: format specifies type 'int' but the argument has type 'const char *' [-Werror,-Wformat]\n    printf(\"%d passed!\\n\", grade);\n            ~~             ^~~~~\n            %s\npart1-functions.c:42:32: error: format specifies type 'int' but the argument has type 'const char *' [-Werror,-Wformat]\n    printf(\"%d not passed!\\n\", grade);\n            ~~                 ^~~~~\n            %s\npart1-functions.c:51:8: error: incompatible integer to pointer conversion initializing 'int *' with an expression of type 'int'; take the address with & [-Werror,-Wint-conversion]\n  int *p = x;\n       ^   ~\n           &\npart1-functions.c:101:10: error: incompatible integer to pointer conversion initializing 'float *' with an expression of type 'const int' [-Werror,-Wint-conversion]\n  float *p = *x;\n         ^   ~~\npart1-functions.c:114:9: error: ordered comparison between pointer and integer ('const char *' and 'int') [-Werror]\n  if (a >= 'A' && a <= 'z')\n      ~ ^  ~~~\npart1-functions.c:114:21: error: ordered comparison between pointer and integer ('const char *' and 'int') [-Werror]\n  if (a >= 'A' && a <= 'z')\n                  ~ ^  ~~~\npart1-functions.c:146:5: error: assigning to 'float *' from incompatible type 'double'\n  p = 12.5;\n    ^ ~~~~\npart1-functions.c:213:3: error: statement requires expression of integer type ('const char *' invalid)\n  switch (s) {\n  ^       ~\npart1-functions.c:214:8: error: expression is not an integer constant expression\n  case \"blue\":\n       ^~~~~~\npart1-functions.c:218:8: error: expression is not an integer constant expression\n  case \"orange\":\n       ^~~~~~~~\npart1-functions.c:266:48: error: format specifies type 'double' but the argument has type 'int' [-Werror,-Wformat]\n  printf(\"The radius of the circle is: %f.\\n\", d / 2);\n                                       ~~      ^~~~~\n                                       %d\npart1-functions.c:276:5: error: cannot assign to variable 'k' with const-qualified type 'const int'\n  k = k * k;\n  ~ ^\npart1-functions.c:275:25: note: variable 'k' declared const here\nvoid eighteen(const int k) {\n              ~~~~~~~~~~^\npart1-functions.c:277:5: error: cannot assign to variable 'k' with const-qualified type 'const int'\n  k += k;\n  ~ ^\npart1-functions.c:275:25: note: variable 'k' declared const here\nvoid eighteen(const int k) {\n              ~~~~~~~~~~^\npart1-functions.c:278:5: error: cannot assign to variable 'k' with const-qualified type 'const int'\n  k *= k;\n  ~ ^\npart1-functions.c:275:25: note: variable 'k' declared const here\nvoid eighteen(const int k) {\n              ~~~~~~~~~~^\npart1-functions.c:279:5: error: cannot assign to variable 'k' with const-qualified type 'const int'\n  k -= 1;\n  ~ ^\npart1-functions.c:275:25: note: variable 'k' declared const here\nvoid eighteen(const int k) {\n              ~~~~~~~~~~^\npart1-functions.c:307:30: warning: unused parameter 'value' [-Wunused-parameter]\nlong int clear_bits(long int value, long int flag) {\n                             ^\npart1-functions.c:307:46: warning: unused parameter 'flag' [-Wunused-parameter]\nlong int clear_bits(long int value, long int flag) {\n                                             ^\npart1-functions.c:337:28: warning: unused parameter 'transition' [-Wunused-parameter]\nint little_automaton(int (*transition)(int, char), const char *input_string) {\n                           ^\npart1-functions.c:337:64: warning: unused parameter 'input_string' [-Wunused-parameter]\nint little_automaton(int (*transition)(int, char), const char *input_string) {\n                                                               ^\n4 warnings and 18 errors generated.\nmake: *** [.objs/part1-functions-release.o] Error 1\n"
      }, 
      {
        "ptsPossible": 1.0, 
        "ptsEarned": 0.0, 
        "description": "Part1: Test function 4", 
        "name": "part1_test4", 
        "log": "Trying to compile your code...\nFAILED TO COMPILE!\npart1-functions.c:22:3: error: use of undeclared identifier 'cout'\n  cout << a << \"^2 + \" << b << \"^2 = \" << c << endl;\n  ^\npart1-functions.c:22:48: error: use of undeclared identifier 'endl'\n  cout << a << \"^2 + \" << b << \"^2 = \" << c << endl;\n                                               ^\npart1-functions.c:39:13: error: ordered comparison between pointer and integer ('const char *' and 'int') [-Werror]\n  if (grade > 70)\n      ~~~~~ ^ ~~\npart1-functions.c:40:28: error: format specifies type 'int' but the argument has type 'const char *' [-Werror,-Wformat]\n    printf(\"%d passed!\\n\", grade);\n            ~~             ^~~~~\n            %s\npart1-functions.c:42:32: error: format specifies type 'int' but the argument has type 'const char *' [-Werror,-Wformat]\n    printf(\"%d not passed!\\n\", grade);\n            ~~                 ^~~~~\n            %s\npart1-functions.c:51:8: error: incompatible integer to pointer conversion initializing 'int *' with an expression of type 'int'; take the address with & [-Werror,-Wint-conversion]\n  int *p = x;\n       ^   ~\n           &\npart1-functions.c:101:10: error: incompatible integer to pointer conversion initializing 'float *' with an expression of type 'const int' [-Werror,-Wint-conversion]\n  float *p = *x;\n         ^   ~~\npart1-functions.c:114:9: error: ordered comparison between pointer and integer ('const char *' and 'int') [-Werror]\n  if (a >= 'A' && a <= 'z')\n      ~ ^  ~~~\npart1-functions.c:114:21: error: ordered comparison between pointer and integer ('const char *' and 'int') [-Werror]\n  if (a >= 'A' && a <= 'z')\n                  ~ ^  ~~~\npart1-functions.c:146:5: error: assigning to 'float *' from incompatible type 'double'\n  p = 12.5;\n    ^ ~~~~\npart1-functions.c:213:3: error: statement requires expression of integer type ('const char *' invalid)\n  switch (s) {\n  ^       ~\npart1-functions.c:214:8: error: expression is not an integer constant expression\n  case \"blue\":\n       ^~~~~~\npart1-functions.c:218:8: error: expression is not an integer constant expression\n  case \"orange\":\n       ^~~~~~~~\npart1-functions.c:266:48: error: format specifies type 'double' but the argument has type 'int' [-Werror,-Wformat]\n  printf(\"The radius of the circle is: %f.\\n\", d / 2);\n                                       ~~      ^~~~~\n                                       %d\npart1-functions.c:276:5: error: cannot assign to variable 'k' with const-qualified type 'const int'\n  k = k * k;\n  ~ ^\npart1-functions.c:275:25: note: variable 'k' declared const here\nvoid eighteen(const int k) {\n              ~~~~~~~~~~^\npart1-functions.c:277:5: error: cannot assign to variable 'k' with const-qualified type 'const int'\n  k += k;\n  ~ ^\npart1-functions.c:275:25: note: variable 'k' declared const here\nvoid eighteen(const int k) {\n              ~~~~~~~~~~^\npart1-functions.c:278:5: error: cannot assign to variable 'k' with const-qualified type 'const int'\n  k *= k;\n  ~ ^\npart1-functions.c:275:25: note: variable 'k' declared const here\nvoid eighteen(const int k) {\n              ~~~~~~~~~~^\npart1-functions.c:279:5: error: cannot assign to variable 'k' with const-qualified type 'const int'\n  k -= 1;\n  ~ ^\npart1-functions.c:275:25: note: variable 'k' declared const here\nvoid eighteen(const int k) {\n              ~~~~~~~~~~^\npart1-functions.c:307:30: warning: unused parameter 'value' [-Wunused-parameter]\nlong int clear_bits(long int value, long int flag) {\n                             ^\npart1-functions.c:307:46: warning: unused parameter 'flag' [-Wunused-parameter]\nlong int clear_bits(long int value, long int flag) {\n                                             ^\npart1-functions.c:337:28: warning: unused parameter 'transition' [-Wunused-parameter]\nint little_automaton(int (*transition)(int, char), const char *input_string) {\n                           ^\npart1-functions.c:337:64: warning: unused parameter 'input_string' [-Wunused-parameter]\nint little_automaton(int (*transition)(int, char), const char *input_string) {\n                                                               ^\n4 warnings and 18 errors generated.\nmake: *** [.objs/part1-functions-release.o] Error 1\n"
      }, 
      {
        "ptsPossible": 1.0, 
        "ptsEarned": 0.0, 
        "description": "Part1: Test function 5", 
        "name": "part1_test5", 
        "log": "Trying to compile your code...\nFAILED TO COMPILE!\npart1-functions.c:22:3: error: use of undeclared identifier 'cout'\n  cout << a << \"^2 + \" << b << \"^2 = \" << c << endl;\n  ^\npart1-functions.c:22:48: error: use of undeclared identifier 'endl'\n  cout << a << \"^2 + \" << b << \"^2 = \" << c << endl;\n                                               ^\npart1-functions.c:39:13: error: ordered comparison between pointer and integer ('const char *' and 'int') [-Werror]\n  if (grade > 70)\n      ~~~~~ ^ ~~\npart1-functions.c:40:28: error: format specifies type 'int' but the argument has type 'const char *' [-Werror,-Wformat]\n    printf(\"%d passed!\\n\", grade);\n            ~~             ^~~~~\n            %s\npart1-functions.c:42:32: error: format specifies type 'int' but the argument has type 'const char *' [-Werror,-Wformat]\n    printf(\"%d not passed!\\n\", grade);\n            ~~                 ^~~~~\n            %s\npart1-functions.c:51:8: error: incompatible integer to pointer conversion initializing 'int *' with an expression of type 'int'; take the address with & [-Werror,-Wint-conversion]\n  int *p = x;\n       ^   ~\n           &\npart1-functions.c:101:10: error: incompatible integer to pointer conversion initializing 'float *' with an expression of type 'const int' [-Werror,-Wint-conversion]\n  float *p = *x;\n         ^   ~~\npart1-functions.c:114:9: error: ordered comparison between pointer and integer ('const char *' and 'int') [-Werror]\n  if (a >= 'A' && a <= 'z')\n      ~ ^  ~~~\npart1-functions.c:114:21: error: ordered comparison between pointer and integer ('const char *' and 'int') [-Werror]\n  if (a >= 'A' && a <= 'z')\n                  ~ ^  ~~~\npart1-functions.c:146:5: error: assigning to 'float *' from incompatible type 'double'\n  p = 12.5;\n    ^ ~~~~\npart1-functions.c:213:3: error: statement requires expression of integer type ('const char *' invalid)\n  switch (s) {\n  ^       ~\npart1-functions.c:214:8: error: expression is not an integer constant expression\n  case \"blue\":\n       ^~~~~~\npart1-functions.c:218:8: error: expression is not an integer constant expression\n  case \"orange\":\n       ^~~~~~~~\npart1-functions.c:266:48: error: format specifies type 'double' but the argument has type 'int' [-Werror,-Wformat]\n  printf(\"The radius of the circle is: %f.\\n\", d / 2);\n                                       ~~      ^~~~~\n                                       %d\npart1-functions.c:276:5: error: cannot assign to variable 'k' with const-qualified type 'const int'\n  k = k * k;\n  ~ ^\npart1-functions.c:275:25: note: variable 'k' declared const here\nvoid eighteen(const int k) {\n              ~~~~~~~~~~^\npart1-functions.c:277:5: error: cannot assign to variable 'k' with const-qualified type 'const int'\n  k += k;\n  ~ ^\npart1-functions.c:275:25: note: variable 'k' declared const here\nvoid eighteen(const int k) {\n              ~~~~~~~~~~^\npart1-functions.c:278:5: error: cannot assign to variable 'k' with const-qualified type 'const int'\n  k *= k;\n  ~ ^\npart1-functions.c:275:25: note: variable 'k' declared const here\nvoid eighteen(const int k) {\n              ~~~~~~~~~~^\npart1-functions.c:279:5: error: cannot assign to variable 'k' with const-qualified type 'const int'\n  k -= 1;\n  ~ ^\npart1-functions.c:275:25: note: variable 'k' declared const here\nvoid eighteen(const int k) {\n              ~~~~~~~~~~^\npart1-functions.c:307:30: warning: unused parameter 'value' [-Wunused-parameter]\nlong int clear_bits(long int value, long int flag) {\n                             ^\npart1-functions.c:307:46: warning: unused parameter 'flag' [-Wunused-parameter]\nlong int clear_bits(long int value, long int flag) {\n                                             ^\npart1-functions.c:337:28: warning: unused parameter 'transition' [-Wunused-parameter]\nint little_automaton(int (*transition)(int, char), const char *input_string) {\n                           ^\npart1-functions.c:337:64: warning: unused parameter 'input_string' [-Wunused-parameter]\nint little_automaton(int (*transition)(int, char), const char *input_string) {\n                                                               ^\n4 warnings and 18 errors generated.\nmake: *** [.objs/part1-functions-release.o] Error 1\n"
      }, 
      {
        "ptsPossible": 1.0, 
        "ptsEarned": 0.0, 
        "description": "Part1: Test function 6", 
        "name": "part1_test6", 
        "log": "Trying to compile your code...\nFAILED TO COMPILE!\npart1-functions.c:22:3: error: use of undeclared identifier 'cout'\n  cout << a << \"^2 + \" << b << \"^2 = \" << c << endl;\n  ^\npart1-functions.c:22:48: error: use of undeclared identifier 'endl'\n  cout << a << \"^2 + \" << b << \"^2 = \" << c << endl;\n                                               ^\npart1-functions.c:39:13: error: ordered comparison between pointer and integer ('const char *' and 'int') [-Werror]\n  if (grade > 70)\n      ~~~~~ ^ ~~\npart1-functions.c:40:28: error: format specifies type 'int' but the argument has type 'const char *' [-Werror,-Wformat]\n    printf(\"%d passed!\\n\", grade);\n            ~~             ^~~~~\n            %s\npart1-functions.c:42:32: error: format specifies type 'int' but the argument has type 'const char *' [-Werror,-Wformat]\n    printf(\"%d not passed!\\n\", grade);\n            ~~                 ^~~~~\n            %s\npart1-functions.c:51:8: error: incompatible integer to pointer conversion initializing 'int *' with an expression of type 'int'; take the address with & [-Werror,-Wint-conversion]\n  int *p = x;\n       ^   ~\n           &\npart1-functions.c:101:10: error: incompatible integer to pointer conversion initializing 'float *' with an expression of type 'const int' [-Werror,-Wint-conversion]\n  float *p = *x;\n         ^   ~~\npart1-functions.c:114:9: error: ordered comparison between pointer and integer ('const char *' and 'int') [-Werror]\n  if (a >= 'A' && a <= 'z')\n      ~ ^  ~~~\npart1-functions.c:114:21: error: ordered comparison between pointer and integer ('const char *' and 'int') [-Werror]\n  if (a >= 'A' && a <= 'z')\n                  ~ ^  ~~~\npart1-functions.c:146:5: error: assigning to 'float *' from incompatible type 'double'\n  p = 12.5;\n    ^ ~~~~\npart1-functions.c:213:3: error: statement requires expression of integer type ('const char *' invalid)\n  switch (s) {\n  ^       ~\npart1-functions.c:214:8: error: expression is not an integer constant expression\n  case \"blue\":\n       ^~~~~~\npart1-functions.c:218:8: error: expression is not an integer constant expression\n  case \"orange\":\n       ^~~~~~~~\npart1-functions.c:266:48: error: format specifies type 'double' but the argument has type 'int' [-Werror,-Wformat]\n  printf(\"The radius of the circle is: %f.\\n\", d / 2);\n                                       ~~      ^~~~~\n                                       %d\npart1-functions.c:276:5: error: cannot assign to variable 'k' with const-qualified type 'const int'\n  k = k * k;\n  ~ ^\npart1-functions.c:275:25: note: variable 'k' declared const here\nvoid eighteen(const int k) {\n              ~~~~~~~~~~^\npart1-functions.c:277:5: error: cannot assign to variable 'k' with const-qualified type 'const int'\n  k += k;\n  ~ ^\npart1-functions.c:275:25: note: variable 'k' declared const here\nvoid eighteen(const int k) {\n              ~~~~~~~~~~^\npart1-functions.c:278:5: error: cannot assign to variable 'k' with const-qualified type 'const int'\n  k *= k;\n  ~ ^\npart1-functions.c:275:25: note: variable 'k' declared const here\nvoid eighteen(const int k) {\n              ~~~~~~~~~~^\npart1-functions.c:279:5: error: cannot assign to variable 'k' with const-qualified type 'const int'\n  k -= 1;\n  ~ ^\npart1-functions.c:275:25: note: variable 'k' declared const here\nvoid eighteen(const int k) {\n              ~~~~~~~~~~^\npart1-functions.c:307:30: warning: unused parameter 'value' [-Wunused-parameter]\nlong int clear_bits(long int value, long int flag) {\n                             ^\npart1-functions.c:307:46: warning: unused parameter 'flag' [-Wunused-parameter]\nlong int clear_bits(long int value, long int flag) {\n                                             ^\npart1-functions.c:337:28: warning: unused parameter 'transition' [-Wunused-parameter]\nint little_automaton(int (*transition)(int, char), const char *input_string) {\n                           ^\npart1-functions.c:337:64: warning: unused parameter 'input_string' [-Wunused-parameter]\nint little_automaton(int (*transition)(int, char), const char *input_string) {\n                                                               ^\n4 warnings and 18 errors generated.\nmake: *** [.objs/part1-functions-release.o] Error 1\n"
      }, 
      {
        "ptsPossible": 1.0, 
        "ptsEarned": 0.0, 
        "description": "Part1: Test function 7", 
        "name": "part1_test7", 
        "log": "Trying to compile your code...\nFAILED TO COMPILE!\npart1-functions.c:22:3: error: use of undeclared identifier 'cout'\n  cout << a << \"^2 + \" << b << \"^2 = \" << c << endl;\n  ^\npart1-functions.c:22:48: error: use of undeclared identifier 'endl'\n  cout << a << \"^2 + \" << b << \"^2 = \" << c << endl;\n                                               ^\npart1-functions.c:39:13: error: ordered comparison between pointer and integer ('const char *' and 'int') [-Werror]\n  if (grade > 70)\n      ~~~~~ ^ ~~\npart1-functions.c:40:28: error: format specifies type 'int' but the argument has type 'const char *' [-Werror,-Wformat]\n    printf(\"%d passed!\\n\", grade);\n            ~~             ^~~~~\n            %s\npart1-functions.c:42:32: error: format specifies type 'int' but the argument has type 'const char *' [-Werror,-Wformat]\n    printf(\"%d not passed!\\n\", grade);\n            ~~                 ^~~~~\n            %s\npart1-functions.c:51:8: error: incompatible integer to pointer conversion initializing 'int *' with an expression of type 'int'; take the address with & [-Werror,-Wint-conversion]\n  int *p = x;\n       ^   ~\n           &\npart1-functions.c:101:10: error: incompatible integer to pointer conversion initializing 'float *' with an expression of type 'const int' [-Werror,-Wint-conversion]\n  float *p = *x;\n         ^   ~~\npart1-functions.c:114:9: error: ordered comparison between pointer and integer ('const char *' and 'int') [-Werror]\n  if (a >= 'A' && a <= 'z')\n      ~ ^  ~~~\npart1-functions.c:114:21: error: ordered comparison between pointer and integer ('const char *' and 'int') [-Werror]\n  if (a >= 'A' && a <= 'z')\n                  ~ ^  ~~~\npart1-functions.c:146:5: error: assigning to 'float *' from incompatible type 'double'\n  p = 12.5;\n    ^ ~~~~\npart1-functions.c:213:3: error: statement requires expression of integer type ('const char *' invalid)\n  switch (s) {\n  ^       ~\npart1-functions.c:214:8: error: expression is not an integer constant expression\n  case \"blue\":\n       ^~~~~~\npart1-functions.c:218:8: error: expression is not an integer constant expression\n  case \"orange\":\n       ^~~~~~~~\npart1-functions.c:266:48: error: format specifies type 'double' but the argument has type 'int' [-Werror,-Wformat]\n  printf(\"The radius of the circle is: %f.\\n\", d / 2);\n                                       ~~      ^~~~~\n                                       %d\npart1-functions.c:276:5: error: cannot assign to variable 'k' with const-qualified type 'const int'\n  k = k * k;\n  ~ ^\npart1-functions.c:275:25: note: variable 'k' declared const here\nvoid eighteen(const int k) {\n              ~~~~~~~~~~^\npart1-functions.c:277:5: error: cannot assign to variable 'k' with const-qualified type 'const int'\n  k += k;\n  ~ ^\npart1-functions.c:275:25: note: variable 'k' declared const here\nvoid eighteen(const int k) {\n              ~~~~~~~~~~^\npart1-functions.c:278:5: error: cannot assign to variable 'k' with const-qualified type 'const int'\n  k *= k;\n  ~ ^\npart1-functions.c:275:25: note: variable 'k' declared const here\nvoid eighteen(const int k) {\n              ~~~~~~~~~~^\npart1-functions.c:279:5: error: cannot assign to variable 'k' with const-qualified type 'const int'\n  k -= 1;\n  ~ ^\npart1-functions.c:275:25: note: variable 'k' declared const here\nvoid eighteen(const int k) {\n              ~~~~~~~~~~^\npart1-functions.c:307:30: warning: unused parameter 'value' [-Wunused-parameter]\nlong int clear_bits(long int value, long int flag) {\n                             ^\npart1-functions.c:307:46: warning: unused parameter 'flag' [-Wunused-parameter]\nlong int clear_bits(long int value, long int flag) {\n                                             ^\npart1-functions.c:337:28: warning: unused parameter 'transition' [-Wunused-parameter]\nint little_automaton(int (*transition)(int, char), const char *input_string) {\n                           ^\npart1-functions.c:337:64: warning: unused parameter 'input_string' [-Wunused-parameter]\nint little_automaton(int (*transition)(int, char), const char *input_string) {\n                                                               ^\n4 warnings and 18 errors generated.\nmake: *** [.objs/part1-functions-release.o] Error 1\n"
      }, 
      {
        "ptsPossible": 1.0, 
        "ptsEarned": 0.0, 
        "description": "Part1: Test function 8", 
        "name": "part1_test8", 
        "log": "Trying to compile your code...\nFAILED TO COMPILE!\npart1-functions.c:22:3: error: use of undeclared identifier 'cout'\n  cout << a << \"^2 + \" << b << \"^2 = \" << c << endl;\n  ^\npart1-functions.c:22:48: error: use of undeclared identifier 'endl'\n  cout << a << \"^2 + \" << b << \"^2 = \" << c << endl;\n                                               ^\npart1-functions.c:39:13: error: ordered comparison between pointer and integer ('const char *' and 'int') [-Werror]\n  if (grade > 70)\n      ~~~~~ ^ ~~\npart1-functions.c:40:28: error: format specifies type 'int' but the argument has type 'const char *' [-Werror,-Wformat]\n    printf(\"%d passed!\\n\", grade);\n            ~~             ^~~~~\n            %s\npart1-functions.c:42:32: error: format specifies type 'int' but the argument has type 'const char *' [-Werror,-Wformat]\n    printf(\"%d not passed!\\n\", grade);\n            ~~                 ^~~~~\n            %s\npart1-functions.c:51:8: error: incompatible integer to pointer conversion initializing 'int *' with an expression of type 'int'; take the address with & [-Werror,-Wint-conversion]\n  int *p = x;\n       ^   ~\n           &\npart1-functions.c:101:10: error: incompatible integer to pointer conversion initializing 'float *' with an expression of type 'const int' [-Werror,-Wint-conversion]\n  float *p = *x;\n         ^   ~~\npart1-functions.c:114:9: error: ordered comparison between pointer and integer ('const char *' and 'int') [-Werror]\n  if (a >= 'A' && a <= 'z')\n      ~ ^  ~~~\npart1-functions.c:114:21: error: ordered comparison between pointer and integer ('const char *' and 'int') [-Werror]\n  if (a >= 'A' && a <= 'z')\n                  ~ ^  ~~~\npart1-functions.c:146:5: error: assigning to 'float *' from incompatible type 'double'\n  p = 12.5;\n    ^ ~~~~\npart1-functions.c:213:3: error: statement requires expression of integer type ('const char *' invalid)\n  switch (s) {\n  ^       ~\npart1-functions.c:214:8: error: expression is not an integer constant expression\n  case \"blue\":\n       ^~~~~~\npart1-functions.c:218:8: error: expression is not an integer constant expression\n  case \"orange\":\n       ^~~~~~~~\npart1-functions.c:266:48: error: format specifies type 'double' but the argument has type 'int' [-Werror,-Wformat]\n  printf(\"The radius of the circle is: %f.\\n\", d / 2);\n                                       ~~      ^~~~~\n                                       %d\npart1-functions.c:276:5: error: cannot assign to variable 'k' with const-qualified type 'const int'\n  k = k * k;\n  ~ ^\npart1-functions.c:275:25: note: variable 'k' declared const here\nvoid eighteen(const int k) {\n              ~~~~~~~~~~^\npart1-functions.c:277:5: error: cannot assign to variable 'k' with const-qualified type 'const int'\n  k += k;\n  ~ ^\npart1-functions.c:275:25: note: variable 'k' declared const here\nvoid eighteen(const int k) {\n              ~~~~~~~~~~^\npart1-functions.c:278:5: error: cannot assign to variable 'k' with const-qualified type 'const int'\n  k *= k;\n  ~ ^\npart1-functions.c:275:25: note: variable 'k' declared const here\nvoid eighteen(const int k) {\n              ~~~~~~~~~~^\npart1-functions.c:279:5: error: cannot assign to variable 'k' with const-qualified type 'const int'\n  k -= 1;\n  ~ ^\npart1-functions.c:275:25: note: variable 'k' declared const here\nvoid eighteen(const int k) {\n              ~~~~~~~~~~^\npart1-functions.c:307:30: warning: unused parameter 'value' [-Wunused-parameter]\nlong int clear_bits(long int value, long int flag) {\n                             ^\npart1-functions.c:307:46: warning: unused parameter 'flag' [-Wunused-parameter]\nlong int clear_bits(long int value, long int flag) {\n                                             ^\npart1-functions.c:337:28: warning: unused parameter 'transition' [-Wunused-parameter]\nint little_automaton(int (*transition)(int, char), const char *input_string) {\n                           ^\npart1-functions.c:337:64: warning: unused parameter 'input_string' [-Wunused-parameter]\nint little_automaton(int (*transition)(int, char), const char *input_string) {\n                                                               ^\n4 warnings and 18 errors generated.\nmake: *** [.objs/part1-functions-release.o] Error 1\n"
      }, 
      {
        "ptsPossible": 1.0, 
        "ptsEarned": 0.0, 
        "description": "Part1: Test function 9", 
        "name": "part1_test9", 
        "log": "Trying to compile your code...\nFAILED TO COMPILE!\npart1-functions.c:22:3: error: use of undeclared identifier 'cout'\n  cout << a << \"^2 + \" << b << \"^2 = \" << c << endl;\n  ^\npart1-functions.c:22:48: error: use of undeclared identifier 'endl'\n  cout << a << \"^2 + \" << b << \"^2 = \" << c << endl;\n                                               ^\npart1-functions.c:39:13: error: ordered comparison between pointer and integer ('const char *' and 'int') [-Werror]\n  if (grade > 70)\n      ~~~~~ ^ ~~\npart1-functions.c:40:28: error: format specifies type 'int' but the argument has type 'const char *' [-Werror,-Wformat]\n    printf(\"%d passed!\\n\", grade);\n            ~~             ^~~~~\n            %s\npart1-functions.c:42:32: error: format specifies type 'int' but the argument has type 'const char *' [-Werror,-Wformat]\n    printf(\"%d not passed!\\n\", grade);\n            ~~                 ^~~~~\n            %s\npart1-functions.c:51:8: error: incompatible integer to pointer conversion initializing 'int *' with an expression of type 'int'; take the address with & [-Werror,-Wint-conversion]\n  int *p = x;\n       ^   ~\n           &\npart1-functions.c:101:10: error: incompatible integer to pointer conversion initializing 'float *' with an expression of type 'const int' [-Werror,-Wint-conversion]\n  float *p = *x;\n         ^   ~~\npart1-functions.c:114:9: error: ordered comparison between pointer and integer ('const char *' and 'int') [-Werror]\n  if (a >= 'A' && a <= 'z')\n      ~ ^  ~~~\npart1-functions.c:114:21: error: ordered comparison between pointer and integer ('const char *' and 'int') [-Werror]\n  if (a >= 'A' && a <= 'z')\n                  ~ ^  ~~~\npart1-functions.c:146:5: error: assigning to 'float *' from incompatible type 'double'\n  p = 12.5;\n    ^ ~~~~\npart1-functions.c:213:3: error: statement requires expression of integer type ('const char *' invalid)\n  switch (s) {\n  ^       ~\npart1-functions.c:214:8: error: expression is not an integer constant expression\n  case \"blue\":\n       ^~~~~~\npart1-functions.c:218:8: error: expression is not an integer constant expression\n  case \"orange\":\n       ^~~~~~~~\npart1-functions.c:266:48: error: format specifies type 'double' but the argument has type 'int' [-Werror,-Wformat]\n  printf(\"The radius of the circle is: %f.\\n\", d / 2);\n                                       ~~      ^~~~~\n                                       %d\npart1-functions.c:276:5: error: cannot assign to variable 'k' with const-qualified type 'const int'\n  k = k * k;\n  ~ ^\npart1-functions.c:275:25: note: variable 'k' declared const here\nvoid eighteen(const int k) {\n              ~~~~~~~~~~^\npart1-functions.c:277:5: error: cannot assign to variable 'k' with const-qualified type 'const int'\n  k += k;\n  ~ ^\npart1-functions.c:275:25: note: variable 'k' declared const here\nvoid eighteen(const int k) {\n              ~~~~~~~~~~^\npart1-functions.c:278:5: error: cannot assign to variable 'k' with const-qualified type 'const int'\n  k *= k;\n  ~ ^\npart1-functions.c:275:25: note: variable 'k' declared const here\nvoid eighteen(const int k) {\n              ~~~~~~~~~~^\npart1-functions.c:279:5: error: cannot assign to variable 'k' with const-qualified type 'const int'\n  k -= 1;\n  ~ ^\npart1-functions.c:275:25: note: variable 'k' declared const here\nvoid eighteen(const int k) {\n              ~~~~~~~~~~^\npart1-functions.c:307:30: warning: unused parameter 'value' [-Wunused-parameter]\nlong int clear_bits(long int value, long int flag) {\n                             ^\npart1-functions.c:307:46: warning: unused parameter 'flag' [-Wunused-parameter]\nlong int clear_bits(long int value, long int flag) {\n                                             ^\npart1-functions.c:337:28: warning: unused parameter 'transition' [-Wunused-parameter]\nint little_automaton(int (*transition)(int, char), const char *input_string) {\n                           ^\npart1-functions.c:337:64: warning: unused parameter 'input_string' [-Wunused-parameter]\nint little_automaton(int (*transition)(int, char), const char *input_string) {\n                                                               ^\n4 warnings and 18 errors generated.\nmake: *** [.objs/part1-functions-release.o] Error 1\n"
      }, 
      {
        "ptsPossible": 1.0, 
        "ptsEarned": 0.0, 
        "description": "Part1: Test function 10", 
        "name": "part1_test10", 
        "log": "Trying to compile your code...\nFAILED TO COMPILE!\npart1-functions.c:22:3: error: use of undeclared identifier 'cout'\n  cout << a << \"^2 + \" << b << \"^2 = \" << c << endl;\n  ^\npart1-functions.c:22:48: error: use of undeclared identifier 'endl'\n  cout << a << \"^2 + \" << b << \"^2 = \" << c << endl;\n                                               ^\npart1-functions.c:39:13: error: ordered comparison between pointer and integer ('const char *' and 'int') [-Werror]\n  if (grade > 70)\n      ~~~~~ ^ ~~\npart1-functions.c:40:28: error: format specifies type 'int' but the argument has type 'const char *' [-Werror,-Wformat]\n    printf(\"%d passed!\\n\", grade);\n            ~~             ^~~~~\n            %s\npart1-functions.c:42:32: error: format specifies type 'int' but the argument has type 'const char *' [-Werror,-Wformat]\n    printf(\"%d not passed!\\n\", grade);\n            ~~                 ^~~~~\n            %s\npart1-functions.c:51:8: error: incompatible integer to pointer conversion initializing 'int *' with an expression of type 'int'; take the address with & [-Werror,-Wint-conversion]\n  int *p = x;\n       ^   ~\n           &\npart1-functions.c:101:10: error: incompatible integer to pointer conversion initializing 'float *' with an expression of type 'const int' [-Werror,-Wint-conversion]\n  float *p = *x;\n         ^   ~~\npart1-functions.c:114:9: error: ordered comparison between pointer and integer ('const char *' and 'int') [-Werror]\n  if (a >= 'A' && a <= 'z')\n      ~ ^  ~~~\npart1-functions.c:114:21: error: ordered comparison between pointer and integer ('const char *' and 'int') [-Werror]\n  if (a >= 'A' && a <= 'z')\n                  ~ ^  ~~~\npart1-functions.c:146:5: error: assigning to 'float *' from incompatible type 'double'\n  p = 12.5;\n    ^ ~~~~\npart1-functions.c:213:3: error: statement requires expression of integer type ('const char *' invalid)\n  switch (s) {\n  ^       ~\npart1-functions.c:214:8: error: expression is not an integer constant expression\n  case \"blue\":\n       ^~~~~~\npart1-functions.c:218:8: error: expression is not an integer constant expression\n  case \"orange\":\n       ^~~~~~~~\npart1-functions.c:266:48: error: format specifies type 'double' but the argument has type 'int' [-Werror,-Wformat]\n  printf(\"The radius of the circle is: %f.\\n\", d / 2);\n                                       ~~      ^~~~~\n                                       %d\npart1-functions.c:276:5: error: cannot assign to variable 'k' with const-qualified type 'const int'\n  k = k * k;\n  ~ ^\npart1-functions.c:275:25: note: variable 'k' declared const here\nvoid eighteen(const int k) {\n              ~~~~~~~~~~^\npart1-functions.c:277:5: error: cannot assign to variable 'k' with const-qualified type 'const int'\n  k += k;\n  ~ ^\npart1-functions.c:275:25: note: variable 'k' declared const here\nvoid eighteen(const int k) {\n              ~~~~~~~~~~^\npart1-functions.c:278:5: error: cannot assign to variable 'k' with const-qualified type 'const int'\n  k *= k;\n  ~ ^\npart1-functions.c:275:25: note: variable 'k' declared const here\nvoid eighteen(const int k) {\n              ~~~~~~~~~~^\npart1-functions.c:279:5: error: cannot assign to variable 'k' with const-qualified type 'const int'\n  k -= 1;\n  ~ ^\npart1-functions.c:275:25: note: variable 'k' declared const here\nvoid eighteen(const int k) {\n              ~~~~~~~~~~^\npart1-functions.c:307:30: warning: unused parameter 'value' [-Wunused-parameter]\nlong int clear_bits(long int value, long int flag) {\n                             ^\npart1-functions.c:307:46: warning: unused parameter 'flag' [-Wunused-parameter]\nlong int clear_bits(long int value, long int flag) {\n                                             ^\npart1-functions.c:337:28: warning: unused parameter 'transition' [-Wunused-parameter]\nint little_automaton(int (*transition)(int, char), const char *input_string) {\n                           ^\npart1-functions.c:337:64: warning: unused parameter 'input_string' [-Wunused-parameter]\nint little_automaton(int (*transition)(int, char), const char *input_string) {\n                                                               ^\n4 warnings and 18 errors generated.\nmake: *** [.objs/part1-functions-release.o] Error 1\n"
      }, 
      {
        "ptsPossible": 1.0, 
        "ptsEarned": 0.0, 
        "description": "Part1: Test function 11", 
        "name": "part1_test11", 
        "log": "Trying to compile your code...\nFAILED TO COMPILE!\npart1-functions.c:22:3: error: use of undeclared identifier 'cout'\n  cout << a << \"^2 + \" << b << \"^2 = \" << c << endl;\n  ^\npart1-functions.c:22:48: error: use of undeclared identifier 'endl'\n  cout << a << \"^2 + \" << b << \"^2 = \" << c << endl;\n                                               ^\npart1-functions.c:39:13: error: ordered comparison between pointer and integer ('const char *' and 'int') [-Werror]\n  if (grade > 70)\n      ~~~~~ ^ ~~\npart1-functions.c:40:28: error: format specifies type 'int' but the argument has type 'const char *' [-Werror,-Wformat]\n    printf(\"%d passed!\\n\", grade);\n            ~~             ^~~~~\n            %s\npart1-functions.c:42:32: error: format specifies type 'int' but the argument has type 'const char *' [-Werror,-Wformat]\n    printf(\"%d not passed!\\n\", grade);\n            ~~                 ^~~~~\n            %s\npart1-functions.c:51:8: error: incompatible integer to pointer conversion initializing 'int *' with an expression of type 'int'; take the address with & [-Werror,-Wint-conversion]\n  int *p = x;\n       ^   ~\n           &\npart1-functions.c:101:10: error: incompatible integer to pointer conversion initializing 'float *' with an expression of type 'const int' [-Werror,-Wint-conversion]\n  float *p = *x;\n         ^   ~~\npart1-functions.c:114:9: error: ordered comparison between pointer and integer ('const char *' and 'int') [-Werror]\n  if (a >= 'A' && a <= 'z')\n      ~ ^  ~~~\npart1-functions.c:114:21: error: ordered comparison between pointer and integer ('const char *' and 'int') [-Werror]\n  if (a >= 'A' && a <= 'z')\n                  ~ ^  ~~~\npart1-functions.c:146:5: error: assigning to 'float *' from incompatible type 'double'\n  p = 12.5;\n    ^ ~~~~\npart1-functions.c:213:3: error: statement requires expression of integer type ('const char *' invalid)\n  switch (s) {\n  ^       ~\npart1-functions.c:214:8: error: expression is not an integer constant expression\n  case \"blue\":\n       ^~~~~~\npart1-functions.c:218:8: error: expression is not an integer constant expression\n  case \"orange\":\n       ^~~~~~~~\npart1-functions.c:266:48: error: format specifies type 'double' but the argument has type 'int' [-Werror,-Wformat]\n  printf(\"The radius of the circle is: %f.\\n\", d / 2);\n                                       ~~      ^~~~~\n                                       %d\npart1-functions.c:276:5: error: cannot assign to variable 'k' with const-qualified type 'const int'\n  k = k * k;\n  ~ ^\npart1-functions.c:275:25: note: variable 'k' declared const here\nvoid eighteen(const int k) {\n              ~~~~~~~~~~^\npart1-functions.c:277:5: error: cannot assign to variable 'k' with const-qualified type 'const int'\n  k += k;\n  ~ ^\npart1-functions.c:275:25: note: variable 'k' declared const here\nvoid eighteen(const int k) {\n              ~~~~~~~~~~^\npart1-functions.c:278:5: error: cannot assign to variable 'k' with const-qualified type 'const int'\n  k *= k;\n  ~ ^\npart1-functions.c:275:25: note: variable 'k' declared const here\nvoid eighteen(const int k) {\n              ~~~~~~~~~~^\npart1-functions.c:279:5: error: cannot assign to variable 'k' with const-qualified type 'const int'\n  k -= 1;\n  ~ ^\npart1-functions.c:275:25: note: variable 'k' declared const here\nvoid eighteen(const int k) {\n              ~~~~~~~~~~^\npart1-functions.c:307:30: warning: unused parameter 'value' [-Wunused-parameter]\nlong int clear_bits(long int value, long int flag) {\n                             ^\npart1-functions.c:307:46: warning: unused parameter 'flag' [-Wunused-parameter]\nlong int clear_bits(long int value, long int flag) {\n                                             ^\npart1-functions.c:337:28: warning: unused parameter 'transition' [-Wunused-parameter]\nint little_automaton(int (*transition)(int, char), const char *input_string) {\n                           ^\npart1-functions.c:337:64: warning: unused parameter 'input_string' [-Wunused-parameter]\nint little_automaton(int (*transition)(int, char), const char *input_string) {\n                                                               ^\n4 warnings and 18 errors generated.\nmake: *** [.objs/part1-functions-release.o] Error 1\n"
      }, 
      {
        "ptsPossible": 1.0, 
        "ptsEarned": 0.0, 
        "description": "Part1: Test function 12", 
        "name": "part1_test12", 
        "log": "Trying to compile your code...\nFAILED TO COMPILE!\npart1-functions.c:22:3: error: use of undeclared identifier 'cout'\n  cout << a << \"^2 + \" << b << \"^2 = \" << c << endl;\n  ^\npart1-functions.c:22:48: error: use of undeclared identifier 'endl'\n  cout << a << \"^2 + \" << b << \"^2 = \" << c << endl;\n                                               ^\npart1-functions.c:39:13: error: ordered comparison between pointer and integer ('const char *' and 'int') [-Werror]\n  if (grade > 70)\n      ~~~~~ ^ ~~\npart1-functions.c:40:28: error: format specifies type 'int' but the argument has type 'const char *' [-Werror,-Wformat]\n    printf(\"%d passed!\\n\", grade);\n            ~~             ^~~~~\n            %s\npart1-functions.c:42:32: error: format specifies type 'int' but the argument has type 'const char *' [-Werror,-Wformat]\n    printf(\"%d not passed!\\n\", grade);\n            ~~                 ^~~~~\n            %s\npart1-functions.c:51:8: error: incompatible integer to pointer conversion initializing 'int *' with an expression of type 'int'; take the address with & [-Werror,-Wint-conversion]\n  int *p = x;\n       ^   ~\n           &\npart1-functions.c:101:10: error: incompatible integer to pointer conversion initializing 'float *' with an expression of type 'const int' [-Werror,-Wint-conversion]\n  float *p = *x;\n         ^   ~~\npart1-functions.c:114:9: error: ordered comparison between pointer and integer ('const char *' and 'int') [-Werror]\n  if (a >= 'A' && a <= 'z')\n      ~ ^  ~~~\npart1-functions.c:114:21: error: ordered comparison between pointer and integer ('const char *' and 'int') [-Werror]\n  if (a >= 'A' && a <= 'z')\n                  ~ ^  ~~~\npart1-functions.c:146:5: error: assigning to 'float *' from incompatible type 'double'\n  p = 12.5;\n    ^ ~~~~\npart1-functions.c:213:3: error: statement requires expression of integer type ('const char *' invalid)\n  switch (s) {\n  ^       ~\npart1-functions.c:214:8: error: expression is not an integer constant expression\n  case \"blue\":\n       ^~~~~~\npart1-functions.c:218:8: error: expression is not an integer constant expression\n  case \"orange\":\n       ^~~~~~~~\npart1-functions.c:266:48: error: format specifies type 'double' but the argument has type 'int' [-Werror,-Wformat]\n  printf(\"The radius of the circle is: %f.\\n\", d / 2);\n                                       ~~      ^~~~~\n                                       %d\npart1-functions.c:276:5: error: cannot assign to variable 'k' with const-qualified type 'const int'\n  k = k * k;\n  ~ ^\npart1-functions.c:275:25: note: variable 'k' declared const here\nvoid eighteen(const int k) {\n              ~~~~~~~~~~^\npart1-functions.c:277:5: error: cannot assign to variable 'k' with const-qualified type 'const int'\n  k += k;\n  ~ ^\npart1-functions.c:275:25: note: variable 'k' declared const here\nvoid eighteen(const int k) {\n              ~~~~~~~~~~^\npart1-functions.c:278:5: error: cannot assign to variable 'k' with const-qualified type 'const int'\n  k *= k;\n  ~ ^\npart1-functions.c:275:25: note: variable 'k' declared const here\nvoid eighteen(const int k) {\n              ~~~~~~~~~~^\npart1-functions.c:279:5: error: cannot assign to variable 'k' with const-qualified type 'const int'\n  k -= 1;\n  ~ ^\npart1-functions.c:275:25: note: variable 'k' declared const here\nvoid eighteen(const int k) {\n              ~~~~~~~~~~^\npart1-functions.c:307:30: warning: unused parameter 'value' [-Wunused-parameter]\nlong int clear_bits(long int value, long int flag) {\n                             ^\npart1-functions.c:307:46: warning: unused parameter 'flag' [-Wunused-parameter]\nlong int clear_bits(long int value, long int flag) {\n                                             ^\npart1-functions.c:337:28: warning: unused parameter 'transition' [-Wunused-parameter]\nint little_automaton(int (*transition)(int, char), const char *input_string) {\n                           ^\npart1-functions.c:337:64: warning: unused parameter 'input_string' [-Wunused-parameter]\nint little_automaton(int (*transition)(int, char), const char *input_string) {\n                                                               ^\n4 warnings and 18 errors generated.\nmake: *** [.objs/part1-functions-release.o] Error 1\n"
      }, 
      {
        "ptsPossible": 1.0, 
        "ptsEarned": 0.0, 
        "description": "Part1: Test function 13", 
        "name": "part1_test13", 
        "log": "Trying to compile your code...\nFAILED TO COMPILE!\npart1-functions.c:22:3: error: use of undeclared identifier 'cout'\n  cout << a << \"^2 + \" << b << \"^2 = \" << c << endl;\n  ^\npart1-functions.c:22:48: error: use of undeclared identifier 'endl'\n  cout << a << \"^2 + \" << b << \"^2 = \" << c << endl;\n                                               ^\npart1-functions.c:39:13: error: ordered comparison between pointer and integer ('const char *' and 'int') [-Werror]\n  if (grade > 70)\n      ~~~~~ ^ ~~\npart1-functions.c:40:28: error: format specifies type 'int' but the argument has type 'const char *' [-Werror,-Wformat]\n    printf(\"%d passed!\\n\", grade);\n            ~~             ^~~~~\n            %s\npart1-functions.c:42:32: error: format specifies type 'int' but the argument has type 'const char *' [-Werror,-Wformat]\n    printf(\"%d not passed!\\n\", grade);\n            ~~                 ^~~~~\n            %s\npart1-functions.c:51:8: error: incompatible integer to pointer conversion initializing 'int *' with an expression of type 'int'; take the address with & [-Werror,-Wint-conversion]\n  int *p = x;\n       ^   ~\n           &\npart1-functions.c:101:10: error: incompatible integer to pointer conversion initializing 'float *' with an expression of type 'const int' [-Werror,-Wint-conversion]\n  float *p = *x;\n         ^   ~~\npart1-functions.c:114:9: error: ordered comparison between pointer and integer ('const char *' and 'int') [-Werror]\n  if (a >= 'A' && a <= 'z')\n      ~ ^  ~~~\npart1-functions.c:114:21: error: ordered comparison between pointer and integer ('const char *' and 'int') [-Werror]\n  if (a >= 'A' && a <= 'z')\n                  ~ ^  ~~~\npart1-functions.c:146:5: error: assigning to 'float *' from incompatible type 'double'\n  p = 12.5;\n    ^ ~~~~\npart1-functions.c:213:3: error: statement requires expression of integer type ('const char *' invalid)\n  switch (s) {\n  ^       ~\npart1-functions.c:214:8: error: expression is not an integer constant expression\n  case \"blue\":\n       ^~~~~~\npart1-functions.c:218:8: error: expression is not an integer constant expression\n  case \"orange\":\n       ^~~~~~~~\npart1-functions.c:266:48: error: format specifies type 'double' but the argument has type 'int' [-Werror,-Wformat]\n  printf(\"The radius of the circle is: %f.\\n\", d / 2);\n                                       ~~      ^~~~~\n                                       %d\npart1-functions.c:276:5: error: cannot assign to variable 'k' with const-qualified type 'const int'\n  k = k * k;\n  ~ ^\npart1-functions.c:275:25: note: variable 'k' declared const here\nvoid eighteen(const int k) {\n              ~~~~~~~~~~^\npart1-functions.c:277:5: error: cannot assign to variable 'k' with const-qualified type 'const int'\n  k += k;\n  ~ ^\npart1-functions.c:275:25: note: variable 'k' declared const here\nvoid eighteen(const int k) {\n              ~~~~~~~~~~^\npart1-functions.c:278:5: error: cannot assign to variable 'k' with const-qualified type 'const int'\n  k *= k;\n  ~ ^\npart1-functions.c:275:25: note: variable 'k' declared const here\nvoid eighteen(const int k) {\n              ~~~~~~~~~~^\npart1-functions.c:279:5: error: cannot assign to variable 'k' with const-qualified type 'const int'\n  k -= 1;\n  ~ ^\npart1-functions.c:275:25: note: variable 'k' declared const here\nvoid eighteen(const int k) {\n              ~~~~~~~~~~^\npart1-functions.c:307:30: warning: unused parameter 'value' [-Wunused-parameter]\nlong int clear_bits(long int value, long int flag) {\n                             ^\npart1-functions.c:307:46: warning: unused parameter 'flag' [-Wunused-parameter]\nlong int clear_bits(long int value, long int flag) {\n                                             ^\npart1-functions.c:337:28: warning: unused parameter 'transition' [-Wunused-parameter]\nint little_automaton(int (*transition)(int, char), const char *input_string) {\n                           ^\npart1-functions.c:337:64: warning: unused parameter 'input_string' [-Wunused-parameter]\nint little_automaton(int (*transition)(int, char), const char *input_string) {\n                                                               ^\n4 warnings and 18 errors generated.\nmake: *** [.objs/part1-functions-release.o] Error 1\n"
      }, 
      {
        "ptsPossible": 1.0, 
        "ptsEarned": 0.0, 
        "description": "Part1: Test function 14", 
        "name": "part1_test14", 
        "log": "Trying to compile your code...\nFAILED TO COMPILE!\npart1-functions.c:22:3: error: use of undeclared identifier 'cout'\n  cout << a << \"^2 + \" << b << \"^2 = \" << c << endl;\n  ^\npart1-functions.c:22:48: error: use of undeclared identifier 'endl'\n  cout << a << \"^2 + \" << b << \"^2 = \" << c << endl;\n                                               ^\npart1-functions.c:39:13: error: ordered comparison between pointer and integer ('const char *' and 'int') [-Werror]\n  if (grade > 70)\n      ~~~~~ ^ ~~\npart1-functions.c:40:28: error: format specifies type 'int' but the argument has type 'const char *' [-Werror,-Wformat]\n    printf(\"%d passed!\\n\", grade);\n            ~~             ^~~~~\n            %s\npart1-functions.c:42:32: error: format specifies type 'int' but the argument has type 'const char *' [-Werror,-Wformat]\n    printf(\"%d not passed!\\n\", grade);\n            ~~                 ^~~~~\n            %s\npart1-functions.c:51:8: error: incompatible integer to pointer conversion initializing 'int *' with an expression of type 'int'; take the address with & [-Werror,-Wint-conversion]\n  int *p = x;\n       ^   ~\n           &\npart1-functions.c:101:10: error: incompatible integer to pointer conversion initializing 'float *' with an expression of type 'const int' [-Werror,-Wint-conversion]\n  float *p = *x;\n         ^   ~~\npart1-functions.c:114:9: error: ordered comparison between pointer and integer ('const char *' and 'int') [-Werror]\n  if (a >= 'A' && a <= 'z')\n      ~ ^  ~~~\npart1-functions.c:114:21: error: ordered comparison between pointer and integer ('const char *' and 'int') [-Werror]\n  if (a >= 'A' && a <= 'z')\n                  ~ ^  ~~~\npart1-functions.c:146:5: error: assigning to 'float *' from incompatible type 'double'\n  p = 12.5;\n    ^ ~~~~\npart1-functions.c:213:3: error: statement requires expression of integer type ('const char *' invalid)\n  switch (s) {\n  ^       ~\npart1-functions.c:214:8: error: expression is not an integer constant expression\n  case \"blue\":\n       ^~~~~~\npart1-functions.c:218:8: error: expression is not an integer constant expression\n  case \"orange\":\n       ^~~~~~~~\npart1-functions.c:266:48: error: format specifies type 'double' but the argument has type 'int' [-Werror,-Wformat]\n  printf(\"The radius of the circle is: %f.\\n\", d / 2);\n                                       ~~      ^~~~~\n                                       %d\npart1-functions.c:276:5: error: cannot assign to variable 'k' with const-qualified type 'const int'\n  k = k * k;\n  ~ ^\npart1-functions.c:275:25: note: variable 'k' declared const here\nvoid eighteen(const int k) {\n              ~~~~~~~~~~^\npart1-functions.c:277:5: error: cannot assign to variable 'k' with const-qualified type 'const int'\n  k += k;\n  ~ ^\npart1-functions.c:275:25: note: variable 'k' declared const here\nvoid eighteen(const int k) {\n              ~~~~~~~~~~^\npart1-functions.c:278:5: error: cannot assign to variable 'k' with const-qualified type 'const int'\n  k *= k;\n  ~ ^\npart1-functions.c:275:25: note: variable 'k' declared const here\nvoid eighteen(const int k) {\n              ~~~~~~~~~~^\npart1-functions.c:279:5: error: cannot assign to variable 'k' with const-qualified type 'const int'\n  k -= 1;\n  ~ ^\npart1-functions.c:275:25: note: variable 'k' declared const here\nvoid eighteen(const int k) {\n              ~~~~~~~~~~^\npart1-functions.c:307:30: warning: unused parameter 'value' [-Wunused-parameter]\nlong int clear_bits(long int value, long int flag) {\n                             ^\npart1-functions.c:307:46: warning: unused parameter 'flag' [-Wunused-parameter]\nlong int clear_bits(long int value, long int flag) {\n                                             ^\npart1-functions.c:337:28: warning: unused parameter 'transition' [-Wunused-parameter]\nint little_automaton(int (*transition)(int, char), const char *input_string) {\n                           ^\npart1-functions.c:337:64: warning: unused parameter 'input_string' [-Wunused-parameter]\nint little_automaton(int (*transition)(int, char), const char *input_string) {\n                                                               ^\n4 warnings and 18 errors generated.\nmake: *** [.objs/part1-functions-release.o] Error 1\n"
      }, 
      {
        "ptsPossible": 1.0, 
        "ptsEarned": 0.0, 
        "description": "Part1: Test function 15", 
        "name": "part1_test15", 
        "log": "Trying to compile your code...\nFAILED TO COMPILE!\npart1-functions.c:22:3: error: use of undeclared identifier 'cout'\n  cout << a << \"^2 + \" << b << \"^2 = \" << c << endl;\n  ^\npart1-functions.c:22:48: error: use of undeclared identifier 'endl'\n  cout << a << \"^2 + \" << b << \"^2 = \" << c << endl;\n                                               ^\npart1-functions.c:39:13: error: ordered comparison between pointer and integer ('const char *' and 'int') [-Werror]\n  if (grade > 70)\n      ~~~~~ ^ ~~\npart1-functions.c:40:28: error: format specifies type 'int' but the argument has type 'const char *' [-Werror,-Wformat]\n    printf(\"%d passed!\\n\", grade);\n            ~~             ^~~~~\n            %s\npart1-functions.c:42:32: error: format specifies type 'int' but the argument has type 'const char *' [-Werror,-Wformat]\n    printf(\"%d not passed!\\n\", grade);\n            ~~                 ^~~~~\n            %s\npart1-functions.c:51:8: error: incompatible integer to pointer conversion initializing 'int *' with an expression of type 'int'; take the address with & [-Werror,-Wint-conversion]\n  int *p = x;\n       ^   ~\n           &\npart1-functions.c:101:10: error: incompatible integer to pointer conversion initializing 'float *' with an expression of type 'const int' [-Werror,-Wint-conversion]\n  float *p = *x;\n         ^   ~~\npart1-functions.c:114:9: error: ordered comparison between pointer and integer ('const char *' and 'int') [-Werror]\n  if (a >= 'A' && a <= 'z')\n      ~ ^  ~~~\npart1-functions.c:114:21: error: ordered comparison between pointer and integer ('const char *' and 'int') [-Werror]\n  if (a >= 'A' && a <= 'z')\n                  ~ ^  ~~~\npart1-functions.c:146:5: error: assigning to 'float *' from incompatible type 'double'\n  p = 12.5;\n    ^ ~~~~\npart1-functions.c:213:3: error: statement requires expression of integer type ('const char *' invalid)\n  switch (s) {\n  ^       ~\npart1-functions.c:214:8: error: expression is not an integer constant expression\n  case \"blue\":\n       ^~~~~~\npart1-functions.c:218:8: error: expression is not an integer constant expression\n  case \"orange\":\n       ^~~~~~~~\npart1-functions.c:266:48: error: format specifies type 'double' but the argument has type 'int' [-Werror,-Wformat]\n  printf(\"The radius of the circle is: %f.\\n\", d / 2);\n                                       ~~      ^~~~~\n                                       %d\npart1-functions.c:276:5: error: cannot assign to variable 'k' with const-qualified type 'const int'\n  k = k * k;\n  ~ ^\npart1-functions.c:275:25: note: variable 'k' declared const here\nvoid eighteen(const int k) {\n              ~~~~~~~~~~^\npart1-functions.c:277:5: error: cannot assign to variable 'k' with const-qualified type 'const int'\n  k += k;\n  ~ ^\npart1-functions.c:275:25: note: variable 'k' declared const here\nvoid eighteen(const int k) {\n              ~~~~~~~~~~^\npart1-functions.c:278:5: error: cannot assign to variable 'k' with const-qualified type 'const int'\n  k *= k;\n  ~ ^\npart1-functions.c:275:25: note: variable 'k' declared const here\nvoid eighteen(const int k) {\n              ~~~~~~~~~~^\npart1-functions.c:279:5: error: cannot assign to variable 'k' with const-qualified type 'const int'\n  k -= 1;\n  ~ ^\npart1-functions.c:275:25: note: variable 'k' declared const here\nvoid eighteen(const int k) {\n              ~~~~~~~~~~^\npart1-functions.c:307:30: warning: unused parameter 'value' [-Wunused-parameter]\nlong int clear_bits(long int value, long int flag) {\n                             ^\npart1-functions.c:307:46: warning: unused parameter 'flag' [-Wunused-parameter]\nlong int clear_bits(long int value, long int flag) {\n                                             ^\npart1-functions.c:337:28: warning: unused parameter 'transition' [-Wunused-parameter]\nint little_automaton(int (*transition)(int, char), const char *input_string) {\n                           ^\npart1-functions.c:337:64: warning: unused parameter 'input_string' [-Wunused-parameter]\nint little_automaton(int (*transition)(int, char), const char *input_string) {\n                                                               ^\n4 warnings and 18 errors generated.\nmake: *** [.objs/part1-functions-release.o] Error 1\n"
      }, 
      {
        "ptsPossible": 1.0, 
        "ptsEarned": 0.0, 
        "description": "Part1: Test function 16", 
        "name": "part1_test16", 
        "log": "Trying to compile your code...\nFAILED TO COMPILE!\npart1-functions.c:22:3: error: use of undeclared identifier 'cout'\n  cout << a << \"^2 + \" << b << \"^2 = \" << c << endl;\n  ^\npart1-functions.c:22:48: error: use of undeclared identifier 'endl'\n  cout << a << \"^2 + \" << b << \"^2 = \" << c << endl;\n                                               ^\npart1-functions.c:39:13: error: ordered comparison between pointer and integer ('const char *' and 'int') [-Werror]\n  if (grade > 70)\n      ~~~~~ ^ ~~\npart1-functions.c:40:28: error: format specifies type 'int' but the argument has type 'const char *' [-Werror,-Wformat]\n    printf(\"%d passed!\\n\", grade);\n            ~~             ^~~~~\n            %s\npart1-functions.c:42:32: error: format specifies type 'int' but the argument has type 'const char *' [-Werror,-Wformat]\n    printf(\"%d not passed!\\n\", grade);\n            ~~                 ^~~~~\n            %s\npart1-functions.c:51:8: error: incompatible integer to pointer conversion initializing 'int *' with an expression of type 'int'; take the address with & [-Werror,-Wint-conversion]\n  int *p = x;\n       ^   ~\n           &\npart1-functions.c:101:10: error: incompatible integer to pointer conversion initializing 'float *' with an expression of type 'const int' [-Werror,-Wint-conversion]\n  float *p = *x;\n         ^   ~~\npart1-functions.c:114:9: error: ordered comparison between pointer and integer ('const char *' and 'int') [-Werror]\n  if (a >= 'A' && a <= 'z')\n      ~ ^  ~~~\npart1-functions.c:114:21: error: ordered comparison between pointer and integer ('const char *' and 'int') [-Werror]\n  if (a >= 'A' && a <= 'z')\n                  ~ ^  ~~~\npart1-functions.c:146:5: error: assigning to 'float *' from incompatible type 'double'\n  p = 12.5;\n    ^ ~~~~\npart1-functions.c:213:3: error: statement requires expression of integer type ('const char *' invalid)\n  switch (s) {\n  ^       ~\npart1-functions.c:214:8: error: expression is not an integer constant expression\n  case \"blue\":\n       ^~~~~~\npart1-functions.c:218:8: error: expression is not an integer constant expression\n  case \"orange\":\n       ^~~~~~~~\npart1-functions.c:266:48: error: format specifies type 'double' but the argument has type 'int' [-Werror,-Wformat]\n  printf(\"The radius of the circle is: %f.\\n\", d / 2);\n                                       ~~      ^~~~~\n                                       %d\npart1-functions.c:276:5: error: cannot assign to variable 'k' with const-qualified type 'const int'\n  k = k * k;\n  ~ ^\npart1-functions.c:275:25: note: variable 'k' declared const here\nvoid eighteen(const int k) {\n              ~~~~~~~~~~^\npart1-functions.c:277:5: error: cannot assign to variable 'k' with const-qualified type 'const int'\n  k += k;\n  ~ ^\npart1-functions.c:275:25: note: variable 'k' declared const here\nvoid eighteen(const int k) {\n              ~~~~~~~~~~^\npart1-functions.c:278:5: error: cannot assign to variable 'k' with const-qualified type 'const int'\n  k *= k;\n  ~ ^\npart1-functions.c:275:25: note: variable 'k' declared const here\nvoid eighteen(const int k) {\n              ~~~~~~~~~~^\npart1-functions.c:279:5: error: cannot assign to variable 'k' with const-qualified type 'const int'\n  k -= 1;\n  ~ ^\npart1-functions.c:275:25: note: variable 'k' declared const here\nvoid eighteen(const int k) {\n              ~~~~~~~~~~^\npart1-functions.c:307:30: warning: unused parameter 'value' [-Wunused-parameter]\nlong int clear_bits(long int value, long int flag) {\n                             ^\npart1-functions.c:307:46: warning: unused parameter 'flag' [-Wunused-parameter]\nlong int clear_bits(long int value, long int flag) {\n                                             ^\npart1-functions.c:337:28: warning: unused parameter 'transition' [-Wunused-parameter]\nint little_automaton(int (*transition)(int, char), const char *input_string) {\n                           ^\npart1-functions.c:337:64: warning: unused parameter 'input_string' [-Wunused-parameter]\nint little_automaton(int (*transition)(int, char), const char *input_string) {\n                                                               ^\n4 warnings and 18 errors generated.\nmake: *** [.objs/part1-functions-release.o] Error 1\n"
      }, 
      {
        "ptsPossible": 1.0, 
        "ptsEarned": 0.0, 
        "description": "Part1: Test function 17", 
        "name": "part1_test17", 
        "log": "Trying to compile your code...\nFAILED TO COMPILE!\npart1-functions.c:22:3: error: use of undeclared identifier 'cout'\n  cout << a << \"^2 + \" << b << \"^2 = \" << c << endl;\n  ^\npart1-functions.c:22:48: error: use of undeclared identifier 'endl'\n  cout << a << \"^2 + \" << b << \"^2 = \" << c << endl;\n                                               ^\npart1-functions.c:39:13: error: ordered comparison between pointer and integer ('const char *' and 'int') [-Werror]\n  if (grade > 70)\n      ~~~~~ ^ ~~\npart1-functions.c:40:28: error: format specifies type 'int' but the argument has type 'const char *' [-Werror,-Wformat]\n    printf(\"%d passed!\\n\", grade);\n            ~~             ^~~~~\n            %s\npart1-functions.c:42:32: error: format specifies type 'int' but the argument has type 'const char *' [-Werror,-Wformat]\n    printf(\"%d not passed!\\n\", grade);\n            ~~                 ^~~~~\n            %s\npart1-functions.c:51:8: error: incompatible integer to pointer conversion initializing 'int *' with an expression of type 'int'; take the address with & [-Werror,-Wint-conversion]\n  int *p = x;\n       ^   ~\n           &\npart1-functions.c:101:10: error: incompatible integer to pointer conversion initializing 'float *' with an expression of type 'const int' [-Werror,-Wint-conversion]\n  float *p = *x;\n         ^   ~~\npart1-functions.c:114:9: error: ordered comparison between pointer and integer ('const char *' and 'int') [-Werror]\n  if (a >= 'A' && a <= 'z')\n      ~ ^  ~~~\npart1-functions.c:114:21: error: ordered comparison between pointer and integer ('const char *' and 'int') [-Werror]\n  if (a >= 'A' && a <= 'z')\n                  ~ ^  ~~~\npart1-functions.c:146:5: error: assigning to 'float *' from incompatible type 'double'\n  p = 12.5;\n    ^ ~~~~\npart1-functions.c:213:3: error: statement requires expression of integer type ('const char *' invalid)\n  switch (s) {\n  ^       ~\npart1-functions.c:214:8: error: expression is not an integer constant expression\n  case \"blue\":\n       ^~~~~~\npart1-functions.c:218:8: error: expression is not an integer constant expression\n  case \"orange\":\n       ^~~~~~~~\npart1-functions.c:266:48: error: format specifies type 'double' but the argument has type 'int' [-Werror,-Wformat]\n  printf(\"The radius of the circle is: %f.\\n\", d / 2);\n                                       ~~      ^~~~~\n                                       %d\npart1-functions.c:276:5: error: cannot assign to variable 'k' with const-qualified type 'const int'\n  k = k * k;\n  ~ ^\npart1-functions.c:275:25: note: variable 'k' declared const here\nvoid eighteen(const int k) {\n              ~~~~~~~~~~^\npart1-functions.c:277:5: error: cannot assign to variable 'k' with const-qualified type 'const int'\n  k += k;\n  ~ ^\npart1-functions.c:275:25: note: variable 'k' declared const here\nvoid eighteen(const int k) {\n              ~~~~~~~~~~^\npart1-functions.c:278:5: error: cannot assign to variable 'k' with const-qualified type 'const int'\n  k *= k;\n  ~ ^\npart1-functions.c:275:25: note: variable 'k' declared const here\nvoid eighteen(const int k) {\n              ~~~~~~~~~~^\npart1-functions.c:279:5: error: cannot assign to variable 'k' with const-qualified type 'const int'\n  k -= 1;\n  ~ ^\npart1-functions.c:275:25: note: variable 'k' declared const here\nvoid eighteen(const int k) {\n              ~~~~~~~~~~^\npart1-functions.c:307:30: warning: unused parameter 'value' [-Wunused-parameter]\nlong int clear_bits(long int value, long int flag) {\n                             ^\npart1-functions.c:307:46: warning: unused parameter 'flag' [-Wunused-parameter]\nlong int clear_bits(long int value, long int flag) {\n                                             ^\npart1-functions.c:337:28: warning: unused parameter 'transition' [-Wunused-parameter]\nint little_automaton(int (*transition)(int, char), const char *input_string) {\n                           ^\npart1-functions.c:337:64: warning: unused parameter 'input_string' [-Wunused-parameter]\nint little_automaton(int (*transition)(int, char), const char *input_string) {\n                                                               ^\n4 warnings and 18 errors generated.\nmake: *** [.objs/part1-functions-release.o] Error 1\n"
      }, 
      {
        "ptsPossible": 1.0, 
        "ptsEarned": 0.0, 
        "description": "Part1: Test function 18", 
        "name": "part1_test18", 
        "log": "Trying to compile your code...\nFAILED TO COMPILE!\npart1-functions.c:22:3: error: use of undeclared identifier 'cout'\n  cout << a << \"^2 + \" << b << \"^2 = \" << c << endl;\n  ^\npart1-functions.c:22:48: error: use of undeclared identifier 'endl'\n  cout << a << \"^2 + \" << b << \"^2 = \" << c << endl;\n                                               ^\npart1-functions.c:39:13: error: ordered comparison between pointer and integer ('const char *' and 'int') [-Werror]\n  if (grade > 70)\n      ~~~~~ ^ ~~\npart1-functions.c:40:28: error: format specifies type 'int' but the argument has type 'const char *' [-Werror,-Wformat]\n    printf(\"%d passed!\\n\", grade);\n            ~~             ^~~~~\n            %s\npart1-functions.c:42:32: error: format specifies type 'int' but the argument has type 'const char *' [-Werror,-Wformat]\n    printf(\"%d not passed!\\n\", grade);\n            ~~                 ^~~~~\n            %s\npart1-functions.c:51:8: error: incompatible integer to pointer conversion initializing 'int *' with an expression of type 'int'; take the address with & [-Werror,-Wint-conversion]\n  int *p = x;\n       ^   ~\n           &\npart1-functions.c:101:10: error: incompatible integer to pointer conversion initializing 'float *' with an expression of type 'const int' [-Werror,-Wint-conversion]\n  float *p = *x;\n         ^   ~~\npart1-functions.c:114:9: error: ordered comparison between pointer and integer ('const char *' and 'int') [-Werror]\n  if (a >= 'A' && a <= 'z')\n      ~ ^  ~~~\npart1-functions.c:114:21: error: ordered comparison between pointer and integer ('const char *' and 'int') [-Werror]\n  if (a >= 'A' && a <= 'z')\n                  ~ ^  ~~~\npart1-functions.c:146:5: error: assigning to 'float *' from incompatible type 'double'\n  p = 12.5;\n    ^ ~~~~\npart1-functions.c:213:3: error: statement requires expression of integer type ('const char *' invalid)\n  switch (s) {\n  ^       ~\npart1-functions.c:214:8: error: expression is not an integer constant expression\n  case \"blue\":\n       ^~~~~~\npart1-functions.c:218:8: error: expression is not an integer constant expression\n  case \"orange\":\n       ^~~~~~~~\npart1-functions.c:266:48: error: format specifies type 'double' but the argument has type 'int' [-Werror,-Wformat]\n  printf(\"The radius of the circle is: %f.\\n\", d / 2);\n                                       ~~      ^~~~~\n                                       %d\npart1-functions.c:276:5: error: cannot assign to variable 'k' with const-qualified type 'const int'\n  k = k * k;\n  ~ ^\npart1-functions.c:275:25: note: variable 'k' declared const here\nvoid eighteen(const int k) {\n              ~~~~~~~~~~^\npart1-functions.c:277:5: error: cannot assign to variable 'k' with const-qualified type 'const int'\n  k += k;\n  ~ ^\npart1-functions.c:275:25: note: variable 'k' declared const here\nvoid eighteen(const int k) {\n              ~~~~~~~~~~^\npart1-functions.c:278:5: error: cannot assign to variable 'k' with const-qualified type 'const int'\n  k *= k;\n  ~ ^\npart1-functions.c:275:25: note: variable 'k' declared const here\nvoid eighteen(const int k) {\n              ~~~~~~~~~~^\npart1-functions.c:279:5: error: cannot assign to variable 'k' with const-qualified type 'const int'\n  k -= 1;\n  ~ ^\npart1-functions.c:275:25: note: variable 'k' declared const here\nvoid eighteen(const int k) {\n              ~~~~~~~~~~^\npart1-functions.c:307:30: warning: unused parameter 'value' [-Wunused-parameter]\nlong int clear_bits(long int value, long int flag) {\n                             ^\npart1-functions.c:307:46: warning: unused parameter 'flag' [-Wunused-parameter]\nlong int clear_bits(long int value, long int flag) {\n                                             ^\npart1-functions.c:337:28: warning: unused parameter 'transition' [-Wunused-parameter]\nint little_automaton(int (*transition)(int, char), const char *input_string) {\n                           ^\npart1-functions.c:337:64: warning: unused parameter 'input_string' [-Wunused-parameter]\nint little_automaton(int (*transition)(int, char), const char *input_string) {\n                                                               ^\n4 warnings and 18 errors generated.\nmake: *** [.objs/part1-functions-release.o] Error 1\n"
      }, 
      {
        "ptsPossible": 1.0, 
        "ptsEarned": 0.0, 
        "description": "Part1: Test function clear_bits", 
        "name": "part1_test_clear_bits", 
        "log": "Trying to compile your code...\nFAILED TO COMPILE!\npart1-functions.c:22:3: error: use of undeclared identifier 'cout'\n  cout << a << \"^2 + \" << b << \"^2 = \" << c << endl;\n  ^\npart1-functions.c:22:48: error: use of undeclared identifier 'endl'\n  cout << a << \"^2 + \" << b << \"^2 = \" << c << endl;\n                                               ^\npart1-functions.c:39:13: error: ordered comparison between pointer and integer ('const char *' and 'int') [-Werror]\n  if (grade > 70)\n      ~~~~~ ^ ~~\npart1-functions.c:40:28: error: format specifies type 'int' but the argument has type 'const char *' [-Werror,-Wformat]\n    printf(\"%d passed!\\n\", grade);\n            ~~             ^~~~~\n            %s\npart1-functions.c:42:32: error: format specifies type 'int' but the argument has type 'const char *' [-Werror,-Wformat]\n    printf(\"%d not passed!\\n\", grade);\n            ~~                 ^~~~~\n            %s\npart1-functions.c:51:8: error: incompatible integer to pointer conversion initializing 'int *' with an expression of type 'int'; take the address with & [-Werror,-Wint-conversion]\n  int *p = x;\n       ^   ~\n           &\npart1-functions.c:101:10: error: incompatible integer to pointer conversion initializing 'float *' with an expression of type 'const int' [-Werror,-Wint-conversion]\n  float *p = *x;\n         ^   ~~\npart1-functions.c:114:9: error: ordered comparison between pointer and integer ('const char *' and 'int') [-Werror]\n  if (a >= 'A' && a <= 'z')\n      ~ ^  ~~~\npart1-functions.c:114:21: error: ordered comparison between pointer and integer ('const char *' and 'int') [-Werror]\n  if (a >= 'A' && a <= 'z')\n                  ~ ^  ~~~\npart1-functions.c:146:5: error: assigning to 'float *' from incompatible type 'double'\n  p = 12.5;\n    ^ ~~~~\npart1-functions.c:213:3: error: statement requires expression of integer type ('const char *' invalid)\n  switch (s) {\n  ^       ~\npart1-functions.c:214:8: error: expression is not an integer constant expression\n  case \"blue\":\n       ^~~~~~\npart1-functions.c:218:8: error: expression is not an integer constant expression\n  case \"orange\":\n       ^~~~~~~~\npart1-functions.c:266:48: error: format specifies type 'double' but the argument has type 'int' [-Werror,-Wformat]\n  printf(\"The radius of the circle is: %f.\\n\", d / 2);\n                                       ~~      ^~~~~\n                                       %d\npart1-functions.c:276:5: error: cannot assign to variable 'k' with const-qualified type 'const int'\n  k = k * k;\n  ~ ^\npart1-functions.c:275:25: note: variable 'k' declared const here\nvoid eighteen(const int k) {\n              ~~~~~~~~~~^\npart1-functions.c:277:5: error: cannot assign to variable 'k' with const-qualified type 'const int'\n  k += k;\n  ~ ^\npart1-functions.c:275:25: note: variable 'k' declared const here\nvoid eighteen(const int k) {\n              ~~~~~~~~~~^\npart1-functions.c:278:5: error: cannot assign to variable 'k' with const-qualified type 'const int'\n  k *= k;\n  ~ ^\npart1-functions.c:275:25: note: variable 'k' declared const here\nvoid eighteen(const int k) {\n              ~~~~~~~~~~^\npart1-functions.c:279:5: error: cannot assign to variable 'k' with const-qualified type 'const int'\n  k -= 1;\n  ~ ^\npart1-functions.c:275:25: note: variable 'k' declared const here\nvoid eighteen(const int k) {\n              ~~~~~~~~~~^\npart1-functions.c:307:30: warning: unused parameter 'value' [-Wunused-parameter]\nlong int clear_bits(long int value, long int flag) {\n                             ^\npart1-functions.c:307:46: warning: unused parameter 'flag' [-Wunused-parameter]\nlong int clear_bits(long int value, long int flag) {\n                                             ^\npart1-functions.c:337:28: warning: unused parameter 'transition' [-Wunused-parameter]\nint little_automaton(int (*transition)(int, char), const char *input_string) {\n                           ^\npart1-functions.c:337:64: warning: unused parameter 'input_string' [-Wunused-parameter]\nint little_automaton(int (*transition)(int, char), const char *input_string) {\n                                                               ^\n4 warnings and 18 errors generated.\nmake: *** [.objs/part1-functions-release.o] Error 1\n"
      }, 
      {
        "ptsPossible": 1.0, 
        "ptsEarned": 0.0, 
        "description": "Part1: Test function little_automaton()", 
        "name": "part1_test_little_automaton", 
        "log": "Trying to compile your code...\nFAILED TO COMPILE!\npart1-functions.c:22:3: error: use of undeclared identifier 'cout'\n  cout << a << \"^2 + \" << b << \"^2 = \" << c << endl;\n  ^\npart1-functions.c:22:48: error: use of undeclared identifier 'endl'\n  cout << a << \"^2 + \" << b << \"^2 = \" << c << endl;\n                                               ^\npart1-functions.c:39:13: error: ordered comparison between pointer and integer ('const char *' and 'int') [-Werror]\n  if (grade > 70)\n      ~~~~~ ^ ~~\npart1-functions.c:40:28: error: format specifies type 'int' but the argument has type 'const char *' [-Werror,-Wformat]\n    printf(\"%d passed!\\n\", grade);\n            ~~             ^~~~~\n            %s\npart1-functions.c:42:32: error: format specifies type 'int' but the argument has type 'const char *' [-Werror,-Wformat]\n    printf(\"%d not passed!\\n\", grade);\n            ~~                 ^~~~~\n            %s\npart1-functions.c:51:8: error: incompatible integer to pointer conversion initializing 'int *' with an expression of type 'int'; take the address with & [-Werror,-Wint-conversion]\n  int *p = x;\n       ^   ~\n           &\npart1-functions.c:101:10: error: incompatible integer to pointer conversion initializing 'float *' with an expression of type 'const int' [-Werror,-Wint-conversion]\n  float *p = *x;\n         ^   ~~\npart1-functions.c:114:9: error: ordered comparison between pointer and integer ('const char *' and 'int') [-Werror]\n  if (a >= 'A' && a <= 'z')\n      ~ ^  ~~~\npart1-functions.c:114:21: error: ordered comparison between pointer and integer ('const char *' and 'int') [-Werror]\n  if (a >= 'A' && a <= 'z')\n                  ~ ^  ~~~\npart1-functions.c:146:5: error: assigning to 'float *' from incompatible type 'double'\n  p = 12.5;\n    ^ ~~~~\npart1-functions.c:213:3: error: statement requires expression of integer type ('const char *' invalid)\n  switch (s) {\n  ^       ~\npart1-functions.c:214:8: error: expression is not an integer constant expression\n  case \"blue\":\n       ^~~~~~\npart1-functions.c:218:8: error: expression is not an integer constant expression\n  case \"orange\":\n       ^~~~~~~~\npart1-functions.c:266:48: error: format specifies type 'double' but the argument has type 'int' [-Werror,-Wformat]\n  printf(\"The radius of the circle is: %f.\\n\", d / 2);\n                                       ~~      ^~~~~\n                                       %d\npart1-functions.c:276:5: error: cannot assign to variable 'k' with const-qualified type 'const int'\n  k = k * k;\n  ~ ^\npart1-functions.c:275:25: note: variable 'k' declared const here\nvoid eighteen(const int k) {\n              ~~~~~~~~~~^\npart1-functions.c:277:5: error: cannot assign to variable 'k' with const-qualified type 'const int'\n  k += k;\n  ~ ^\npart1-functions.c:275:25: note: variable 'k' declared const here\nvoid eighteen(const int k) {\n              ~~~~~~~~~~^\npart1-functions.c:278:5: error: cannot assign to variable 'k' with const-qualified type 'const int'\n  k *= k;\n  ~ ^\npart1-functions.c:275:25: note: variable 'k' declared const here\nvoid eighteen(const int k) {\n              ~~~~~~~~~~^\npart1-functions.c:279:5: error: cannot assign to variable 'k' with const-qualified type 'const int'\n  k -= 1;\n  ~ ^\npart1-functions.c:275:25: note: variable 'k' declared const here\nvoid eighteen(const int k) {\n              ~~~~~~~~~~^\npart1-functions.c:307:30: warning: unused parameter 'value' [-Wunused-parameter]\nlong int clear_bits(long int value, long int flag) {\n                             ^\npart1-functions.c:307:46: warning: unused parameter 'flag' [-Wunused-parameter]\nlong int clear_bits(long int value, long int flag) {\n                                             ^\npart1-functions.c:337:28: warning: unused parameter 'transition' [-Wunused-parameter]\nint little_automaton(int (*transition)(int, char), const char *input_string) {\n                           ^\npart1-functions.c:337:64: warning: unused parameter 'input_string' [-Wunused-parameter]\nint little_automaton(int (*transition)(int, char), const char *input_string) {\n                                                               ^\n4 warnings and 18 errors generated.\nmake: *** [.objs/part1-functions-release.o] Error 1\n"
      }, 
      {
        "ptsPossible": 1.0, 
        "ptsEarned": 0.0, 
        "description": "Part1: Checking for memory issues...", 
        "name": "part1_memory", 
        "log": "Trying to compile your code...\nFAILED TO COMPILE!\npart1-functions.c:22:3: error: use of undeclared identifier 'cout'\n  cout << a << \"^2 + \" << b << \"^2 = \" << c << endl;\n  ^\npart1-functions.c:22:48: error: use of undeclared identifier 'endl'\n  cout << a << \"^2 + \" << b << \"^2 = \" << c << endl;\n                                               ^\npart1-functions.c:39:13: error: ordered comparison between pointer and integer ('const char *' and 'int') [-Werror]\n  if (grade > 70)\n      ~~~~~ ^ ~~\npart1-functions.c:40:28: error: format specifies type 'int' but the argument has type 'const char *' [-Werror,-Wformat]\n    printf(\"%d passed!\\n\", grade);\n            ~~             ^~~~~\n            %s\npart1-functions.c:42:32: error: format specifies type 'int' but the argument has type 'const char *' [-Werror,-Wformat]\n    printf(\"%d not passed!\\n\", grade);\n            ~~                 ^~~~~\n            %s\npart1-functions.c:51:8: error: incompatible integer to pointer conversion initializing 'int *' with an expression of type 'int'; take the address with & [-Werror,-Wint-conversion]\n  int *p = x;\n       ^   ~\n           &\npart1-functions.c:101:10: error: incompatible integer to pointer conversion initializing 'float *' with an expression of type 'const int' [-Werror,-Wint-conversion]\n  float *p = *x;\n         ^   ~~\npart1-functions.c:114:9: error: ordered comparison between pointer and integer ('const char *' and 'int') [-Werror]\n  if (a >= 'A' && a <= 'z')\n      ~ ^  ~~~\npart1-functions.c:114:21: error: ordered comparison between pointer and integer ('const char *' and 'int') [-Werror]\n  if (a >= 'A' && a <= 'z')\n                  ~ ^  ~~~\npart1-functions.c:146:5: error: assigning to 'float *' from incompatible type 'double'\n  p = 12.5;\n    ^ ~~~~\npart1-functions.c:213:3: error: statement requires expression of integer type ('const char *' invalid)\n  switch (s) {\n  ^       ~\npart1-functions.c:214:8: error: expression is not an integer constant expression\n  case \"blue\":\n       ^~~~~~\npart1-functions.c:218:8: error: expression is not an integer constant expression\n  case \"orange\":\n       ^~~~~~~~\npart1-functions.c:266:48: error: format specifies type 'double' but the argument has type 'int' [-Werror,-Wformat]\n  printf(\"The radius of the circle is: %f.\\n\", d / 2);\n                                       ~~      ^~~~~\n                                       %d\npart1-functions.c:276:5: error: cannot assign to variable 'k' with const-qualified type 'const int'\n  k = k * k;\n  ~ ^\npart1-functions.c:275:25: note: variable 'k' declared const here\nvoid eighteen(const int k) {\n              ~~~~~~~~~~^\npart1-functions.c:277:5: error: cannot assign to variable 'k' with const-qualified type 'const int'\n  k += k;\n  ~ ^\npart1-functions.c:275:25: note: variable 'k' declared const here\nvoid eighteen(const int k) {\n              ~~~~~~~~~~^\npart1-functions.c:278:5: error: cannot assign to variable 'k' with const-qualified type 'const int'\n  k *= k;\n  ~ ^\npart1-functions.c:275:25: note: variable 'k' declared const here\nvoid eighteen(const int k) {\n              ~~~~~~~~~~^\npart1-functions.c:279:5: error: cannot assign to variable 'k' with const-qualified type 'const int'\n  k -= 1;\n  ~ ^\npart1-functions.c:275:25: note: variable 'k' declared const here\nvoid eighteen(const int k) {\n              ~~~~~~~~~~^\npart1-functions.c:307:30: warning: unused parameter 'value' [-Wunused-parameter]\nlong int clear_bits(long int value, long int flag) {\n                             ^\npart1-functions.c:307:46: warning: unused parameter 'flag' [-Wunused-parameter]\nlong int clear_bits(long int value, long int flag) {\n                                             ^\npart1-functions.c:337:28: warning: unused parameter 'transition' [-Wunused-parameter]\nint little_automaton(int (*transition)(int, char), const char *input_string) {\n                           ^\npart1-functions.c:337:64: warning: unused parameter 'input_string' [-Wunused-parameter]\nint little_automaton(int (*transition)(int, char), const char *input_string) {\n                                                               ^\n4 warnings and 18 errors generated.\nmake: *** [.objs/part1-functions-release.o] Error 1\n"
      }, 
      {
        "ptsPossible": 11.0, 
        "ptsEarned": 0.0, 
        "description": "Part2: Test function main", 
        "name": "part2_test_main", 
        "log": "Trying to compile your code...\nSuccessfully compiled your code.."
      }, 
      {
        "ptsPossible": 1.0, 
        "ptsEarned": 1.0, 
        "description": "Part2: Checking for memory issues...", 
        "name": "part2_memory", 
        "log": "Trying to compile your code...\nSuccessfully compiled your code..\n==25464== Memcheck, a memory error detector\n==25464== Copyright (C) 2002-2015, and GNU GPL'd, by Julian Seward et al.\n==25464== Using Valgrind-3.11.0 and LibVEX; rerun with -h for copyright info\n==25464== Command: .../nkou2/pointers_gone_wild/part2\n==25464== \n==25464== \n==25464== HEAP SUMMARY:\n==25464==     in use at exit: 0 bytes in 0 blocks\n==25464==   total heap usage: 0 allocs, 0 frees, 0 bytes allocated\n==25464== \n==25464== All heap blocks were freed -- no leaks are possible\n==25464== \n==25464== For counts of detected and suppressed errors, rerun with: -v\n==25464== ERROR SUMMARY: 0 errors from 0 contexts (suppressed: 0 from 0)\n"
      }
    ], 
    "revision": "2450", 
    "checksum": "0525fedf9bf6402e860597577718082d278f57f2  part1-functions.c\nf8a9e443ac80c885bead0cf3ed5673a7075b98ee  part2-main.c"
  }, 
  {
    "timestamp": "2016-09-01 23:59:00.568255", 
    "testcases": [
      {
        "description": "Part1: Test function 1", 
        "ptsEarned": 0.0, 
        "log": "Trying to compile your code...\nFAILED TO COMPILE!\npart1-functions.c:22:3: error: use of undeclared identifier 'cout'\n  cout << a << \"^2 + \" << b << \"^2 = \" << c << endl;\n  ^\npart1-functions.c:22:48: error: use of undeclared identifier 'endl'\n  cout << a << \"^2 + \" << b << \"^2 = \" << c << endl;\n                                               ^\npart1-functions.c:39:13: error: ordered comparison between pointer and integer ('const char *' and 'int') [-Werror]\n  if (grade > 70)\n      ~~~~~ ^ ~~\npart1-functions.c:40:28: error: format specifies type 'int' but the argument has type 'const char *' [-Werror,-Wformat]\n    printf(\"%d passed!\\n\", grade);\n            ~~             ^~~~~\n            %s\npart1-functions.c:42:32: error: format specifies type 'int' but the argument has type 'const char *' [-Werror,-Wformat]\n    printf(\"%d not passed!\\n\", grade);\n            ~~                 ^~~~~\n            %s\npart1-functions.c:51:8: error: incompatible integer to pointer conversion initializing 'int *' with an expression of type 'int'; take the address with & [-Werror,-Wint-conversion]\n  int *p = x;\n       ^   ~\n           &\npart1-functions.c:101:10: error: incompatible integer to pointer conversion initializing 'float *' with an expression of type 'const int' [-Werror,-Wint-conversion]\n  float *p = *x;\n         ^   ~~\npart1-functions.c:114:9: error: ordered comparison between pointer and integer ('const char *' and 'int') [-Werror]\n  if (a >= 'A' && a <= 'z')\n      ~ ^  ~~~\npart1-functions.c:114:21: error: ordered comparison between pointer and integer ('const char *' and 'int') [-Werror]\n  if (a >= 'A' && a <= 'z')\n                  ~ ^  ~~~\npart1-functions.c:146:5: error: assigning to 'float *' from incompatible type 'double'\n  p = 12.5;\n    ^ ~~~~\npart1-functions.c:213:3: error: statement requires expression of integer type ('const char *' invalid)\n  switch (s) {\n  ^       ~\npart1-functions.c:214:8: error: expression is not an integer constant expression\n  case \"blue\":\n       ^~~~~~\npart1-functions.c:218:8: error: expression is not an integer constant expression\n  case \"orange\":\n       ^~~~~~~~\npart1-functions.c:266:48: error: format specifies type 'double' but the argument has type 'int' [-Werror,-Wformat]\n  printf(\"The radius of the circle is: %f.\\n\", d / 2);\n                                       ~~      ^~~~~\n                                       %d\npart1-functions.c:276:5: error: cannot assign to variable 'k' with const-qualified type 'const int'\n  k = k * k;\n  ~ ^\npart1-functions.c:275:25: note: variable 'k' declared const here\nvoid eighteen(const int k) {\n              ~~~~~~~~~~^\npart1-functions.c:277:5: error: cannot assign to variable 'k' with const-qualified type 'const int'\n  k += k;\n  ~ ^\npart1-functions.c:275:25: note: variable 'k' declared const here\nvoid eighteen(const int k) {\n              ~~~~~~~~~~^\npart1-functions.c:278:5: error: cannot assign to variable 'k' with const-qualified type 'const int'\n  k *= k;\n  ~ ^\npart1-functions.c:275:25: note: variable 'k' declared const here\nvoid eighteen(const int k) {\n              ~~~~~~~~~~^\npart1-functions.c:279:5: error: cannot assign to variable 'k' with const-qualified type 'const int'\n  k -= 1;\n  ~ ^\npart1-functions.c:275:25: note: variable 'k' declared const here\nvoid eighteen(const int k) {\n              ~~~~~~~~~~^\npart1-functions.c:307:30: warning: unused parameter 'value' [-Wunused-parameter]\nlong int clear_bits(long int value, long int flag) {\n                             ^\npart1-functions.c:307:46: warning: unused parameter 'flag' [-Wunused-parameter]\nlong int clear_bits(long int value, long int flag) {\n                                             ^\npart1-functions.c:337:28: warning: unused parameter 'transition' [-Wunused-parameter]\nint little_automaton(int (*transition)(int, char), const char *input_string) {\n                           ^\npart1-functions.c:337:64: warning: unused parameter 'input_string' [-Wunused-parameter]\nint little_automaton(int (*transition)(int, char), const char *input_string) {\n                                                               ^\n4 warnings and 18 errors generated.\nmake: *** [.objs/part1-functions-release.o] Error 1\n", 
        "name": "part1_test1", 
        "ptsPossible": 1.0
      }, 
      {
        "description": "Part1: Test function 2", 
        "ptsEarned": 0.0, 
        "log": "Trying to compile your code...\nFAILED TO COMPILE!\npart1-functions.c:22:3: error: use of undeclared identifier 'cout'\n  cout << a << \"^2 + \" << b << \"^2 = \" << c << endl;\n  ^\npart1-functions.c:22:48: error: use of undeclared identifier 'endl'\n  cout << a << \"^2 + \" << b << \"^2 = \" << c << endl;\n                                               ^\npart1-functions.c:39:13: error: ordered comparison between pointer and integer ('const char *' and 'int') [-Werror]\n  if (grade > 70)\n      ~~~~~ ^ ~~\npart1-functions.c:40:28: error: format specifies type 'int' but the argument has type 'const char *' [-Werror,-Wformat]\n    printf(\"%d passed!\\n\", grade);\n            ~~             ^~~~~\n            %s\npart1-functions.c:42:32: error: format specifies type 'int' but the argument has type 'const char *' [-Werror,-Wformat]\n    printf(\"%d not passed!\\n\", grade);\n            ~~                 ^~~~~\n            %s\npart1-functions.c:51:8: error: incompatible integer to pointer conversion initializing 'int *' with an expression of type 'int'; take the address with & [-Werror,-Wint-conversion]\n  int *p = x;\n       ^   ~\n           &\npart1-functions.c:101:10: error: incompatible integer to pointer conversion initializing 'float *' with an expression of type 'const int' [-Werror,-Wint-conversion]\n  float *p = *x;\n         ^   ~~\npart1-functions.c:114:9: error: ordered comparison between pointer and integer ('const char *' and 'int') [-Werror]\n  if (a >= 'A' && a <= 'z')\n      ~ ^  ~~~\npart1-functions.c:114:21: error: ordered comparison between pointer and integer ('const char *' and 'int') [-Werror]\n  if (a >= 'A' && a <= 'z')\n                  ~ ^  ~~~\npart1-functions.c:146:5: error: assigning to 'float *' from incompatible type 'double'\n  p = 12.5;\n    ^ ~~~~\npart1-functions.c:213:3: error: statement requires expression of integer type ('const char *' invalid)\n  switch (s) {\n  ^       ~\npart1-functions.c:214:8: error: expression is not an integer constant expression\n  case \"blue\":\n       ^~~~~~\npart1-functions.c:218:8: error: expression is not an integer constant expression\n  case \"orange\":\n       ^~~~~~~~\npart1-functions.c:266:48: error: format specifies type 'double' but the argument has type 'int' [-Werror,-Wformat]\n  printf(\"The radius of the circle is: %f.\\n\", d / 2);\n                                       ~~      ^~~~~\n                                       %d\npart1-functions.c:276:5: error: cannot assign to variable 'k' with const-qualified type 'const int'\n  k = k * k;\n  ~ ^\npart1-functions.c:275:25: note: variable 'k' declared const here\nvoid eighteen(const int k) {\n              ~~~~~~~~~~^\npart1-functions.c:277:5: error: cannot assign to variable 'k' with const-qualified type 'const int'\n  k += k;\n  ~ ^\npart1-functions.c:275:25: note: variable 'k' declared const here\nvoid eighteen(const int k) {\n              ~~~~~~~~~~^\npart1-functions.c:278:5: error: cannot assign to variable 'k' with const-qualified type 'const int'\n  k *= k;\n  ~ ^\npart1-functions.c:275:25: note: variable 'k' declared const here\nvoid eighteen(const int k) {\n              ~~~~~~~~~~^\npart1-functions.c:279:5: error: cannot assign to variable 'k' with const-qualified type 'const int'\n  k -= 1;\n  ~ ^\npart1-functions.c:275:25: note: variable 'k' declared const here\nvoid eighteen(const int k) {\n              ~~~~~~~~~~^\npart1-functions.c:307:30: warning: unused parameter 'value' [-Wunused-parameter]\nlong int clear_bits(long int value, long int flag) {\n                             ^\npart1-functions.c:307:46: warning: unused parameter 'flag' [-Wunused-parameter]\nlong int clear_bits(long int value, long int flag) {\n                                             ^\npart1-functions.c:337:28: warning: unused parameter 'transition' [-Wunused-parameter]\nint little_automaton(int (*transition)(int, char), const char *input_string) {\n                           ^\npart1-functions.c:337:64: warning: unused parameter 'input_string' [-Wunused-parameter]\nint little_automaton(int (*transition)(int, char), const char *input_string) {\n                                                               ^\n4 warnings and 18 errors generated.\nmake: *** [.objs/part1-functions-release.o] Error 1\n", 
        "name": "part1_test2", 
        "ptsPossible": 1.0
      }, 
      {
        "description": "Part1: Test function 3", 
        "ptsEarned": 0.0, 
        "log": "Trying to compile your code...\nFAILED TO COMPILE!\npart1-functions.c:22:3: error: use of undeclared identifier 'cout'\n  cout << a << \"^2 + \" << b << \"^2 = \" << c << endl;\n  ^\npart1-functions.c:22:48: error: use of undeclared identifier 'endl'\n  cout << a << \"^2 + \" << b << \"^2 = \" << c << endl;\n                                               ^\npart1-functions.c:39:13: error: ordered comparison between pointer and integer ('const char *' and 'int') [-Werror]\n  if (grade > 70)\n      ~~~~~ ^ ~~\npart1-functions.c:40:28: error: format specifies type 'int' but the argument has type 'const char *' [-Werror,-Wformat]\n    printf(\"%d passed!\\n\", grade);\n            ~~             ^~~~~\n            %s\npart1-functions.c:42:32: error: format specifies type 'int' but the argument has type 'const char *' [-Werror,-Wformat]\n    printf(\"%d not passed!\\n\", grade);\n            ~~                 ^~~~~\n            %s\npart1-functions.c:51:8: error: incompatible integer to pointer conversion initializing 'int *' with an expression of type 'int'; take the address with & [-Werror,-Wint-conversion]\n  int *p = x;\n       ^   ~\n           &\npart1-functions.c:101:10: error: incompatible integer to pointer conversion initializing 'float *' with an expression of type 'const int' [-Werror,-Wint-conversion]\n  float *p = *x;\n         ^   ~~\npart1-functions.c:114:9: error: ordered comparison between pointer and integer ('const char *' and 'int') [-Werror]\n  if (a >= 'A' && a <= 'z')\n      ~ ^  ~~~\npart1-functions.c:114:21: error: ordered comparison between pointer and integer ('const char *' and 'int') [-Werror]\n  if (a >= 'A' && a <= 'z')\n                  ~ ^  ~~~\npart1-functions.c:146:5: error: assigning to 'float *' from incompatible type 'double'\n  p = 12.5;\n    ^ ~~~~\npart1-functions.c:213:3: error: statement requires expression of integer type ('const char *' invalid)\n  switch (s) {\n  ^       ~\npart1-functions.c:214:8: error: expression is not an integer constant expression\n  case \"blue\":\n       ^~~~~~\npart1-functions.c:218:8: error: expression is not an integer constant expression\n  case \"orange\":\n       ^~~~~~~~\npart1-functions.c:266:48: error: format specifies type 'double' but the argument has type 'int' [-Werror,-Wformat]\n  printf(\"The radius of the circle is: %f.\\n\", d / 2);\n                                       ~~      ^~~~~\n                                       %d\npart1-functions.c:276:5: error: cannot assign to variable 'k' with const-qualified type 'const int'\n  k = k * k;\n  ~ ^\npart1-functions.c:275:25: note: variable 'k' declared const here\nvoid eighteen(const int k) {\n              ~~~~~~~~~~^\npart1-functions.c:277:5: error: cannot assign to variable 'k' with const-qualified type 'const int'\n  k += k;\n  ~ ^\npart1-functions.c:275:25: note: variable 'k' declared const here\nvoid eighteen(const int k) {\n              ~~~~~~~~~~^\npart1-functions.c:278:5: error: cannot assign to variable 'k' with const-qualified type 'const int'\n  k *= k;\n  ~ ^\npart1-functions.c:275:25: note: variable 'k' declared const here\nvoid eighteen(const int k) {\n              ~~~~~~~~~~^\npart1-functions.c:279:5: error: cannot assign to variable 'k' with const-qualified type 'const int'\n  k -= 1;\n  ~ ^\npart1-functions.c:275:25: note: variable 'k' declared const here\nvoid eighteen(const int k) {\n              ~~~~~~~~~~^\npart1-functions.c:307:30: warning: unused parameter 'value' [-Wunused-parameter]\nlong int clear_bits(long int value, long int flag) {\n                             ^\npart1-functions.c:307:46: warning: unused parameter 'flag' [-Wunused-parameter]\nlong int clear_bits(long int value, long int flag) {\n                                             ^\npart1-functions.c:337:28: warning: unused parameter 'transition' [-Wunused-parameter]\nint little_automaton(int (*transition)(int, char), const char *input_string) {\n                           ^\npart1-functions.c:337:64: warning: unused parameter 'input_string' [-Wunused-parameter]\nint little_automaton(int (*transition)(int, char), const char *input_string) {\n                                                               ^\n4 warnings and 18 errors generated.\nmake: *** [.objs/part1-functions-release.o] Error 1\n", 
        "name": "part1_test3", 
        "ptsPossible": 1.0
      }, 
      {
        "description": "Part1: Test function 4", 
        "ptsEarned": 0.0, 
        "log": "Trying to compile your code...\nFAILED TO COMPILE!\npart1-functions.c:22:3: error: use of undeclared identifier 'cout'\n  cout << a << \"^2 + \" << b << \"^2 = \" << c << endl;\n  ^\npart1-functions.c:22:48: error: use of undeclared identifier 'endl'\n  cout << a << \"^2 + \" << b << \"^2 = \" << c << endl;\n                                               ^\npart1-functions.c:39:13: error: ordered comparison between pointer and integer ('const char *' and 'int') [-Werror]\n  if (grade > 70)\n      ~~~~~ ^ ~~\npart1-functions.c:40:28: error: format specifies type 'int' but the argument has type 'const char *' [-Werror,-Wformat]\n    printf(\"%d passed!\\n\", grade);\n            ~~             ^~~~~\n            %s\npart1-functions.c:42:32: error: format specifies type 'int' but the argument has type 'const char *' [-Werror,-Wformat]\n    printf(\"%d not passed!\\n\", grade);\n            ~~                 ^~~~~\n            %s\npart1-functions.c:51:8: error: incompatible integer to pointer conversion initializing 'int *' with an expression of type 'int'; take the address with & [-Werror,-Wint-conversion]\n  int *p = x;\n       ^   ~\n           &\npart1-functions.c:101:10: error: incompatible integer to pointer conversion initializing 'float *' with an expression of type 'const int' [-Werror,-Wint-conversion]\n  float *p = *x;\n         ^   ~~\npart1-functions.c:114:9: error: ordered comparison between pointer and integer ('const char *' and 'int') [-Werror]\n  if (a >= 'A' && a <= 'z')\n      ~ ^  ~~~\npart1-functions.c:114:21: error: ordered comparison between pointer and integer ('const char *' and 'int') [-Werror]\n  if (a >= 'A' && a <= 'z')\n                  ~ ^  ~~~\npart1-functions.c:146:5: error: assigning to 'float *' from incompatible type 'double'\n  p = 12.5;\n    ^ ~~~~\npart1-functions.c:213:3: error: statement requires expression of integer type ('const char *' invalid)\n  switch (s) {\n  ^       ~\npart1-functions.c:214:8: error: expression is not an integer constant expression\n  case \"blue\":\n       ^~~~~~\npart1-functions.c:218:8: error: expression is not an integer constant expression\n  case \"orange\":\n       ^~~~~~~~\npart1-functions.c:266:48: error: format specifies type 'double' but the argument has type 'int' [-Werror,-Wformat]\n  printf(\"The radius of the circle is: %f.\\n\", d / 2);\n                                       ~~      ^~~~~\n                                       %d\npart1-functions.c:276:5: error: cannot assign to variable 'k' with const-qualified type 'const int'\n  k = k * k;\n  ~ ^\npart1-functions.c:275:25: note: variable 'k' declared const here\nvoid eighteen(const int k) {\n              ~~~~~~~~~~^\npart1-functions.c:277:5: error: cannot assign to variable 'k' with const-qualified type 'const int'\n  k += k;\n  ~ ^\npart1-functions.c:275:25: note: variable 'k' declared const here\nvoid eighteen(const int k) {\n              ~~~~~~~~~~^\npart1-functions.c:278:5: error: cannot assign to variable 'k' with const-qualified type 'const int'\n  k *= k;\n  ~ ^\npart1-functions.c:275:25: note: variable 'k' declared const here\nvoid eighteen(const int k) {\n              ~~~~~~~~~~^\npart1-functions.c:279:5: error: cannot assign to variable 'k' with const-qualified type 'const int'\n  k -= 1;\n  ~ ^\npart1-functions.c:275:25: note: variable 'k' declared const here\nvoid eighteen(const int k) {\n              ~~~~~~~~~~^\npart1-functions.c:307:30: warning: unused parameter 'value' [-Wunused-parameter]\nlong int clear_bits(long int value, long int flag) {\n                             ^\npart1-functions.c:307:46: warning: unused parameter 'flag' [-Wunused-parameter]\nlong int clear_bits(long int value, long int flag) {\n                                             ^\npart1-functions.c:337:28: warning: unused parameter 'transition' [-Wunused-parameter]\nint little_automaton(int (*transition)(int, char), const char *input_string) {\n                           ^\npart1-functions.c:337:64: warning: unused parameter 'input_string' [-Wunused-parameter]\nint little_automaton(int (*transition)(int, char), const char *input_string) {\n                                                               ^\n4 warnings and 18 errors generated.\nmake: *** [.objs/part1-functions-release.o] Error 1\n", 
        "name": "part1_test4", 
        "ptsPossible": 1.0
      }, 
      {
        "description": "Part1: Test function 5", 
        "ptsEarned": 0.0, 
        "log": "Trying to compile your code...\nFAILED TO COMPILE!\npart1-functions.c:22:3: error: use of undeclared identifier 'cout'\n  cout << a << \"^2 + \" << b << \"^2 = \" << c << endl;\n  ^\npart1-functions.c:22:48: error: use of undeclared identifier 'endl'\n  cout << a << \"^2 + \" << b << \"^2 = \" << c << endl;\n                                               ^\npart1-functions.c:39:13: error: ordered comparison between pointer and integer ('const char *' and 'int') [-Werror]\n  if (grade > 70)\n      ~~~~~ ^ ~~\npart1-functions.c:40:28: error: format specifies type 'int' but the argument has type 'const char *' [-Werror,-Wformat]\n    printf(\"%d passed!\\n\", grade);\n            ~~             ^~~~~\n            %s\npart1-functions.c:42:32: error: format specifies type 'int' but the argument has type 'const char *' [-Werror,-Wformat]\n    printf(\"%d not passed!\\n\", grade);\n            ~~                 ^~~~~\n            %s\npart1-functions.c:51:8: error: incompatible integer to pointer conversion initializing 'int *' with an expression of type 'int'; take the address with & [-Werror,-Wint-conversion]\n  int *p = x;\n       ^   ~\n           &\npart1-functions.c:101:10: error: incompatible integer to pointer conversion initializing 'float *' with an expression of type 'const int' [-Werror,-Wint-conversion]\n  float *p = *x;\n         ^   ~~\npart1-functions.c:114:9: error: ordered comparison between pointer and integer ('const char *' and 'int') [-Werror]\n  if (a >= 'A' && a <= 'z')\n      ~ ^  ~~~\npart1-functions.c:114:21: error: ordered comparison between pointer and integer ('const char *' and 'int') [-Werror]\n  if (a >= 'A' && a <= 'z')\n                  ~ ^  ~~~\npart1-functions.c:146:5: error: assigning to 'float *' from incompatible type 'double'\n  p = 12.5;\n    ^ ~~~~\npart1-functions.c:213:3: error: statement requires expression of integer type ('const char *' invalid)\n  switch (s) {\n  ^       ~\npart1-functions.c:214:8: error: expression is not an integer constant expression\n  case \"blue\":\n       ^~~~~~\npart1-functions.c:218:8: error: expression is not an integer constant expression\n  case \"orange\":\n       ^~~~~~~~\npart1-functions.c:266:48: error: format specifies type 'double' but the argument has type 'int' [-Werror,-Wformat]\n  printf(\"The radius of the circle is: %f.\\n\", d / 2);\n                                       ~~      ^~~~~\n                                       %d\npart1-functions.c:276:5: error: cannot assign to variable 'k' with const-qualified type 'const int'\n  k = k * k;\n  ~ ^\npart1-functions.c:275:25: note: variable 'k' declared const here\nvoid eighteen(const int k) {\n              ~~~~~~~~~~^\npart1-functions.c:277:5: error: cannot assign to variable 'k' with const-qualified type 'const int'\n  k += k;\n  ~ ^\npart1-functions.c:275:25: note: variable 'k' declared const here\nvoid eighteen(const int k) {\n              ~~~~~~~~~~^\npart1-functions.c:278:5: error: cannot assign to variable 'k' with const-qualified type 'const int'\n  k *= k;\n  ~ ^\npart1-functions.c:275:25: note: variable 'k' declared const here\nvoid eighteen(const int k) {\n              ~~~~~~~~~~^\npart1-functions.c:279:5: error: cannot assign to variable 'k' with const-qualified type 'const int'\n  k -= 1;\n  ~ ^\npart1-functions.c:275:25: note: variable 'k' declared const here\nvoid eighteen(const int k) {\n              ~~~~~~~~~~^\npart1-functions.c:307:30: warning: unused parameter 'value' [-Wunused-parameter]\nlong int clear_bits(long int value, long int flag) {\n                             ^\npart1-functions.c:307:46: warning: unused parameter 'flag' [-Wunused-parameter]\nlong int clear_bits(long int value, long int flag) {\n                                             ^\npart1-functions.c:337:28: warning: unused parameter 'transition' [-Wunused-parameter]\nint little_automaton(int (*transition)(int, char), const char *input_string) {\n                           ^\npart1-functions.c:337:64: warning: unused parameter 'input_string' [-Wunused-parameter]\nint little_automaton(int (*transition)(int, char), const char *input_string) {\n                                                               ^\n4 warnings and 18 errors generated.\nmake: *** [.objs/part1-functions-release.o] Error 1\n", 
        "name": "part1_test5", 
        "ptsPossible": 1.0
      }, 
      {
        "description": "Part1: Test function 6", 
        "ptsEarned": 0.0, 
        "log": "Trying to compile your code...\nFAILED TO COMPILE!\npart1-functions.c:22:3: error: use of undeclared identifier 'cout'\n  cout << a << \"^2 + \" << b << \"^2 = \" << c << endl;\n  ^\npart1-functions.c:22:48: error: use of undeclared identifier 'endl'\n  cout << a << \"^2 + \" << b << \"^2 = \" << c << endl;\n                                               ^\npart1-functions.c:39:13: error: ordered comparison between pointer and integer ('const char *' and 'int') [-Werror]\n  if (grade > 70)\n      ~~~~~ ^ ~~\npart1-functions.c:40:28: error: format specifies type 'int' but the argument has type 'const char *' [-Werror,-Wformat]\n    printf(\"%d passed!\\n\", grade);\n            ~~             ^~~~~\n            %s\npart1-functions.c:42:32: error: format specifies type 'int' but the argument has type 'const char *' [-Werror,-Wformat]\n    printf(\"%d not passed!\\n\", grade);\n            ~~                 ^~~~~\n            %s\npart1-functions.c:51:8: error: incompatible integer to pointer conversion initializing 'int *' with an expression of type 'int'; take the address with & [-Werror,-Wint-conversion]\n  int *p = x;\n       ^   ~\n           &\npart1-functions.c:101:10: error: incompatible integer to pointer conversion initializing 'float *' with an expression of type 'const int' [-Werror,-Wint-conversion]\n  float *p = *x;\n         ^   ~~\npart1-functions.c:114:9: error: ordered comparison between pointer and integer ('const char *' and 'int') [-Werror]\n  if (a >= 'A' && a <= 'z')\n      ~ ^  ~~~\npart1-functions.c:114:21: error: ordered comparison between pointer and integer ('const char *' and 'int') [-Werror]\n  if (a >= 'A' && a <= 'z')\n                  ~ ^  ~~~\npart1-functions.c:146:5: error: assigning to 'float *' from incompatible type 'double'\n  p = 12.5;\n    ^ ~~~~\npart1-functions.c:213:3: error: statement requires expression of integer type ('const char *' invalid)\n  switch (s) {\n  ^       ~\npart1-functions.c:214:8: error: expression is not an integer constant expression\n  case \"blue\":\n       ^~~~~~\npart1-functions.c:218:8: error: expression is not an integer constant expression\n  case \"orange\":\n       ^~~~~~~~\npart1-functions.c:266:48: error: format specifies type 'double' but the argument has type 'int' [-Werror,-Wformat]\n  printf(\"The radius of the circle is: %f.\\n\", d / 2);\n                                       ~~      ^~~~~\n                                       %d\npart1-functions.c:276:5: error: cannot assign to variable 'k' with const-qualified type 'const int'\n  k = k * k;\n  ~ ^\npart1-functions.c:275:25: note: variable 'k' declared const here\nvoid eighteen(const int k) {\n              ~~~~~~~~~~^\npart1-functions.c:277:5: error: cannot assign to variable 'k' with const-qualified type 'const int'\n  k += k;\n  ~ ^\npart1-functions.c:275:25: note: variable 'k' declared const here\nvoid eighteen(const int k) {\n              ~~~~~~~~~~^\npart1-functions.c:278:5: error: cannot assign to variable 'k' with const-qualified type 'const int'\n  k *= k;\n  ~ ^\npart1-functions.c:275:25: note: variable 'k' declared const here\nvoid eighteen(const int k) {\n              ~~~~~~~~~~^\npart1-functions.c:279:5: error: cannot assign to variable 'k' with const-qualified type 'const int'\n  k -= 1;\n  ~ ^\npart1-functions.c:275:25: note: variable 'k' declared const here\nvoid eighteen(const int k) {\n              ~~~~~~~~~~^\npart1-functions.c:307:30: warning: unused parameter 'value' [-Wunused-parameter]\nlong int clear_bits(long int value, long int flag) {\n                             ^\npart1-functions.c:307:46: warning: unused parameter 'flag' [-Wunused-parameter]\nlong int clear_bits(long int value, long int flag) {\n                                             ^\npart1-functions.c:337:28: warning: unused parameter 'transition' [-Wunused-parameter]\nint little_automaton(int (*transition)(int, char), const char *input_string) {\n                           ^\npart1-functions.c:337:64: warning: unused parameter 'input_string' [-Wunused-parameter]\nint little_automaton(int (*transition)(int, char), const char *input_string) {\n                                                               ^\n4 warnings and 18 errors generated.\nmake: *** [.objs/part1-functions-release.o] Error 1\n", 
        "name": "part1_test6", 
        "ptsPossible": 1.0
      }, 
      {
        "description": "Part1: Test function 7", 
        "ptsEarned": 0.0, 
        "log": "Trying to compile your code...\nFAILED TO COMPILE!\npart1-functions.c:22:3: error: use of undeclared identifier 'cout'\n  cout << a << \"^2 + \" << b << \"^2 = \" << c << endl;\n  ^\npart1-functions.c:22:48: error: use of undeclared identifier 'endl'\n  cout << a << \"^2 + \" << b << \"^2 = \" << c << endl;\n                                               ^\npart1-functions.c:39:13: error: ordered comparison between pointer and integer ('const char *' and 'int') [-Werror]\n  if (grade > 70)\n      ~~~~~ ^ ~~\npart1-functions.c:40:28: error: format specifies type 'int' but the argument has type 'const char *' [-Werror,-Wformat]\n    printf(\"%d passed!\\n\", grade);\n            ~~             ^~~~~\n            %s\npart1-functions.c:42:32: error: format specifies type 'int' but the argument has type 'const char *' [-Werror,-Wformat]\n    printf(\"%d not passed!\\n\", grade);\n            ~~                 ^~~~~\n            %s\npart1-functions.c:51:8: error: incompatible integer to pointer conversion initializing 'int *' with an expression of type 'int'; take the address with & [-Werror,-Wint-conversion]\n  int *p = x;\n       ^   ~\n           &\npart1-functions.c:101:10: error: incompatible integer to pointer conversion initializing 'float *' with an expression of type 'const int' [-Werror,-Wint-conversion]\n  float *p = *x;\n         ^   ~~\npart1-functions.c:114:9: error: ordered comparison between pointer and integer ('const char *' and 'int') [-Werror]\n  if (a >= 'A' && a <= 'z')\n      ~ ^  ~~~\npart1-functions.c:114:21: error: ordered comparison between pointer and integer ('const char *' and 'int') [-Werror]\n  if (a >= 'A' && a <= 'z')\n                  ~ ^  ~~~\npart1-functions.c:146:5: error: assigning to 'float *' from incompatible type 'double'\n  p = 12.5;\n    ^ ~~~~\npart1-functions.c:213:3: error: statement requires expression of integer type ('const char *' invalid)\n  switch (s) {\n  ^       ~\npart1-functions.c:214:8: error: expression is not an integer constant expression\n  case \"blue\":\n       ^~~~~~\npart1-functions.c:218:8: error: expression is not an integer constant expression\n  case \"orange\":\n       ^~~~~~~~\npart1-functions.c:266:48: error: format specifies type 'double' but the argument has type 'int' [-Werror,-Wformat]\n  printf(\"The radius of the circle is: %f.\\n\", d / 2);\n                                       ~~      ^~~~~\n                                       %d\npart1-functions.c:276:5: error: cannot assign to variable 'k' with const-qualified type 'const int'\n  k = k * k;\n  ~ ^\npart1-functions.c:275:25: note: variable 'k' declared const here\nvoid eighteen(const int k) {\n              ~~~~~~~~~~^\npart1-functions.c:277:5: error: cannot assign to variable 'k' with const-qualified type 'const int'\n  k += k;\n  ~ ^\npart1-functions.c:275:25: note: variable 'k' declared const here\nvoid eighteen(const int k) {\n              ~~~~~~~~~~^\npart1-functions.c:278:5: error: cannot assign to variable 'k' with const-qualified type 'const int'\n  k *= k;\n  ~ ^\npart1-functions.c:275:25: note: variable 'k' declared const here\nvoid eighteen(const int k) {\n              ~~~~~~~~~~^\npart1-functions.c:279:5: error: cannot assign to variable 'k' with const-qualified type 'const int'\n  k -= 1;\n  ~ ^\npart1-functions.c:275:25: note: variable 'k' declared const here\nvoid eighteen(const int k) {\n              ~~~~~~~~~~^\npart1-functions.c:307:30: warning: unused parameter 'value' [-Wunused-parameter]\nlong int clear_bits(long int value, long int flag) {\n                             ^\npart1-functions.c:307:46: warning: unused parameter 'flag' [-Wunused-parameter]\nlong int clear_bits(long int value, long int flag) {\n                                             ^\npart1-functions.c:337:28: warning: unused parameter 'transition' [-Wunused-parameter]\nint little_automaton(int (*transition)(int, char), const char *input_string) {\n                           ^\npart1-functions.c:337:64: warning: unused parameter 'input_string' [-Wunused-parameter]\nint little_automaton(int (*transition)(int, char), const char *input_string) {\n                                                               ^\n4 warnings and 18 errors generated.\nmake: *** [.objs/part1-functions-release.o] Error 1\n", 
        "name": "part1_test7", 
        "ptsPossible": 1.0
      }, 
      {
        "description": "Part1: Test function 8", 
        "ptsEarned": 0.0, 
        "log": "Trying to compile your code...\nFAILED TO COMPILE!\npart1-functions.c:22:3: error: use of undeclared identifier 'cout'\n  cout << a << \"^2 + \" << b << \"^2 = \" << c << endl;\n  ^\npart1-functions.c:22:48: error: use of undeclared identifier 'endl'\n  cout << a << \"^2 + \" << b << \"^2 = \" << c << endl;\n                                               ^\npart1-functions.c:39:13: error: ordered comparison between pointer and integer ('const char *' and 'int') [-Werror]\n  if (grade > 70)\n      ~~~~~ ^ ~~\npart1-functions.c:40:28: error: format specifies type 'int' but the argument has type 'const char *' [-Werror,-Wformat]\n    printf(\"%d passed!\\n\", grade);\n            ~~             ^~~~~\n            %s\npart1-functions.c:42:32: error: format specifies type 'int' but the argument has type 'const char *' [-Werror,-Wformat]\n    printf(\"%d not passed!\\n\", grade);\n            ~~                 ^~~~~\n            %s\npart1-functions.c:51:8: error: incompatible integer to pointer conversion initializing 'int *' with an expression of type 'int'; take the address with & [-Werror,-Wint-conversion]\n  int *p = x;\n       ^   ~\n           &\npart1-functions.c:101:10: error: incompatible integer to pointer conversion initializing 'float *' with an expression of type 'const int' [-Werror,-Wint-conversion]\n  float *p = *x;\n         ^   ~~\npart1-functions.c:114:9: error: ordered comparison between pointer and integer ('const char *' and 'int') [-Werror]\n  if (a >= 'A' && a <= 'z')\n      ~ ^  ~~~\npart1-functions.c:114:21: error: ordered comparison between pointer and integer ('const char *' and 'int') [-Werror]\n  if (a >= 'A' && a <= 'z')\n                  ~ ^  ~~~\npart1-functions.c:146:5: error: assigning to 'float *' from incompatible type 'double'\n  p = 12.5;\n    ^ ~~~~\npart1-functions.c:213:3: error: statement requires expression of integer type ('const char *' invalid)\n  switch (s) {\n  ^       ~\npart1-functions.c:214:8: error: expression is not an integer constant expression\n  case \"blue\":\n       ^~~~~~\npart1-functions.c:218:8: error: expression is not an integer constant expression\n  case \"orange\":\n       ^~~~~~~~\npart1-functions.c:266:48: error: format specifies type 'double' but the argument has type 'int' [-Werror,-Wformat]\n  printf(\"The radius of the circle is: %f.\\n\", d / 2);\n                                       ~~      ^~~~~\n                                       %d\npart1-functions.c:276:5: error: cannot assign to variable 'k' with const-qualified type 'const int'\n  k = k * k;\n  ~ ^\npart1-functions.c:275:25: note: variable 'k' declared const here\nvoid eighteen(const int k) {\n              ~~~~~~~~~~^\npart1-functions.c:277:5: error: cannot assign to variable 'k' with const-qualified type 'const int'\n  k += k;\n  ~ ^\npart1-functions.c:275:25: note: variable 'k' declared const here\nvoid eighteen(const int k) {\n              ~~~~~~~~~~^\npart1-functions.c:278:5: error: cannot assign to variable 'k' with const-qualified type 'const int'\n  k *= k;\n  ~ ^\npart1-functions.c:275:25: note: variable 'k' declared const here\nvoid eighteen(const int k) {\n              ~~~~~~~~~~^\npart1-functions.c:279:5: error: cannot assign to variable 'k' with const-qualified type 'const int'\n  k -= 1;\n  ~ ^\npart1-functions.c:275:25: note: variable 'k' declared const here\nvoid eighteen(const int k) {\n              ~~~~~~~~~~^\npart1-functions.c:307:30: warning: unused parameter 'value' [-Wunused-parameter]\nlong int clear_bits(long int value, long int flag) {\n                             ^\npart1-functions.c:307:46: warning: unused parameter 'flag' [-Wunused-parameter]\nlong int clear_bits(long int value, long int flag) {\n                                             ^\npart1-functions.c:337:28: warning: unused parameter 'transition' [-Wunused-parameter]\nint little_automaton(int (*transition)(int, char), const char *input_string) {\n                           ^\npart1-functions.c:337:64: warning: unused parameter 'input_string' [-Wunused-parameter]\nint little_automaton(int (*transition)(int, char), const char *input_string) {\n                                                               ^\n4 warnings and 18 errors generated.\nmake: *** [.objs/part1-functions-release.o] Error 1\n", 
        "name": "part1_test8", 
        "ptsPossible": 1.0
      }, 
      {
        "description": "Part1: Test function 9", 
        "ptsEarned": 0.0, 
        "log": "Trying to compile your code...\nFAILED TO COMPILE!\npart1-functions.c:22:3: error: use of undeclared identifier 'cout'\n  cout << a << \"^2 + \" << b << \"^2 = \" << c << endl;\n  ^\npart1-functions.c:22:48: error: use of undeclared identifier 'endl'\n  cout << a << \"^2 + \" << b << \"^2 = \" << c << endl;\n                                               ^\npart1-functions.c:39:13: error: ordered comparison between pointer and integer ('const char *' and 'int') [-Werror]\n  if (grade > 70)\n      ~~~~~ ^ ~~\npart1-functions.c:40:28: error: format specifies type 'int' but the argument has type 'const char *' [-Werror,-Wformat]\n    printf(\"%d passed!\\n\", grade);\n            ~~             ^~~~~\n            %s\npart1-functions.c:42:32: error: format specifies type 'int' but the argument has type 'const char *' [-Werror,-Wformat]\n    printf(\"%d not passed!\\n\", grade);\n            ~~                 ^~~~~\n            %s\npart1-functions.c:51:8: error: incompatible integer to pointer conversion initializing 'int *' with an expression of type 'int'; take the address with & [-Werror,-Wint-conversion]\n  int *p = x;\n       ^   ~\n           &\npart1-functions.c:101:10: error: incompatible integer to pointer conversion initializing 'float *' with an expression of type 'const int' [-Werror,-Wint-conversion]\n  float *p = *x;\n         ^   ~~\npart1-functions.c:114:9: error: ordered comparison between pointer and integer ('const char *' and 'int') [-Werror]\n  if (a >= 'A' && a <= 'z')\n      ~ ^  ~~~\npart1-functions.c:114:21: error: ordered comparison between pointer and integer ('const char *' and 'int') [-Werror]\n  if (a >= 'A' && a <= 'z')\n                  ~ ^  ~~~\npart1-functions.c:146:5: error: assigning to 'float *' from incompatible type 'double'\n  p = 12.5;\n    ^ ~~~~\npart1-functions.c:213:3: error: statement requires expression of integer type ('const char *' invalid)\n  switch (s) {\n  ^       ~\npart1-functions.c:214:8: error: expression is not an integer constant expression\n  case \"blue\":\n       ^~~~~~\npart1-functions.c:218:8: error: expression is not an integer constant expression\n  case \"orange\":\n       ^~~~~~~~\npart1-functions.c:266:48: error: format specifies type 'double' but the argument has type 'int' [-Werror,-Wformat]\n  printf(\"The radius of the circle is: %f.\\n\", d / 2);\n                                       ~~      ^~~~~\n                                       %d\npart1-functions.c:276:5: error: cannot assign to variable 'k' with const-qualified type 'const int'\n  k = k * k;\n  ~ ^\npart1-functions.c:275:25: note: variable 'k' declared const here\nvoid eighteen(const int k) {\n              ~~~~~~~~~~^\npart1-functions.c:277:5: error: cannot assign to variable 'k' with const-qualified type 'const int'\n  k += k;\n  ~ ^\npart1-functions.c:275:25: note: variable 'k' declared const here\nvoid eighteen(const int k) {\n              ~~~~~~~~~~^\npart1-functions.c:278:5: error: cannot assign to variable 'k' with const-qualified type 'const int'\n  k *= k;\n  ~ ^\npart1-functions.c:275:25: note: variable 'k' declared const here\nvoid eighteen(const int k) {\n              ~~~~~~~~~~^\npart1-functions.c:279:5: error: cannot assign to variable 'k' with const-qualified type 'const int'\n  k -= 1;\n  ~ ^\npart1-functions.c:275:25: note: variable 'k' declared const here\nvoid eighteen(const int k) {\n              ~~~~~~~~~~^\npart1-functions.c:307:30: warning: unused parameter 'value' [-Wunused-parameter]\nlong int clear_bits(long int value, long int flag) {\n                             ^\npart1-functions.c:307:46: warning: unused parameter 'flag' [-Wunused-parameter]\nlong int clear_bits(long int value, long int flag) {\n                                             ^\npart1-functions.c:337:28: warning: unused parameter 'transition' [-Wunused-parameter]\nint little_automaton(int (*transition)(int, char), const char *input_string) {\n                           ^\npart1-functions.c:337:64: warning: unused parameter 'input_string' [-Wunused-parameter]\nint little_automaton(int (*transition)(int, char), const char *input_string) {\n                                                               ^\n4 warnings and 18 errors generated.\nmake: *** [.objs/part1-functions-release.o] Error 1\n", 
        "name": "part1_test9", 
        "ptsPossible": 1.0
      }, 
      {
        "description": "Part1: Test function 10", 
        "ptsEarned": 0.0, 
        "log": "Trying to compile your code...\nFAILED TO COMPILE!\npart1-functions.c:22:3: error: use of undeclared identifier 'cout'\n  cout << a << \"^2 + \" << b << \"^2 = \" << c << endl;\n  ^\npart1-functions.c:22:48: error: use of undeclared identifier 'endl'\n  cout << a << \"^2 + \" << b << \"^2 = \" << c << endl;\n                                               ^\npart1-functions.c:39:13: error: ordered comparison between pointer and integer ('const char *' and 'int') [-Werror]\n  if (grade > 70)\n      ~~~~~ ^ ~~\npart1-functions.c:40:28: error: format specifies type 'int' but the argument has type 'const char *' [-Werror,-Wformat]\n    printf(\"%d passed!\\n\", grade);\n            ~~             ^~~~~\n            %s\npart1-functions.c:42:32: error: format specifies type 'int' but the argument has type 'const char *' [-Werror,-Wformat]\n    printf(\"%d not passed!\\n\", grade);\n            ~~                 ^~~~~\n            %s\npart1-functions.c:51:8: error: incompatible integer to pointer conversion initializing 'int *' with an expression of type 'int'; take the address with & [-Werror,-Wint-conversion]\n  int *p = x;\n       ^   ~\n           &\npart1-functions.c:101:10: error: incompatible integer to pointer conversion initializing 'float *' with an expression of type 'const int' [-Werror,-Wint-conversion]\n  float *p = *x;\n         ^   ~~\npart1-functions.c:114:9: error: ordered comparison between pointer and integer ('const char *' and 'int') [-Werror]\n  if (a >= 'A' && a <= 'z')\n      ~ ^  ~~~\npart1-functions.c:114:21: error: ordered comparison between pointer and integer ('const char *' and 'int') [-Werror]\n  if (a >= 'A' && a <= 'z')\n                  ~ ^  ~~~\npart1-functions.c:146:5: error: assigning to 'float *' from incompatible type 'double'\n  p = 12.5;\n    ^ ~~~~\npart1-functions.c:213:3: error: statement requires expression of integer type ('const char *' invalid)\n  switch (s) {\n  ^       ~\npart1-functions.c:214:8: error: expression is not an integer constant expression\n  case \"blue\":\n       ^~~~~~\npart1-functions.c:218:8: error: expression is not an integer constant expression\n  case \"orange\":\n       ^~~~~~~~\npart1-functions.c:266:48: error: format specifies type 'double' but the argument has type 'int' [-Werror,-Wformat]\n  printf(\"The radius of the circle is: %f.\\n\", d / 2);\n                                       ~~      ^~~~~\n                                       %d\npart1-functions.c:276:5: error: cannot assign to variable 'k' with const-qualified type 'const int'\n  k = k * k;\n  ~ ^\npart1-functions.c:275:25: note: variable 'k' declared const here\nvoid eighteen(const int k) {\n              ~~~~~~~~~~^\npart1-functions.c:277:5: error: cannot assign to variable 'k' with const-qualified type 'const int'\n  k += k;\n  ~ ^\npart1-functions.c:275:25: note: variable 'k' declared const here\nvoid eighteen(const int k) {\n              ~~~~~~~~~~^\npart1-functions.c:278:5: error: cannot assign to variable 'k' with const-qualified type 'const int'\n  k *= k;\n  ~ ^\npart1-functions.c:275:25: note: variable 'k' declared const here\nvoid eighteen(const int k) {\n              ~~~~~~~~~~^\npart1-functions.c:279:5: error: cannot assign to variable 'k' with const-qualified type 'const int'\n  k -= 1;\n  ~ ^\npart1-functions.c:275:25: note: variable 'k' declared const here\nvoid eighteen(const int k) {\n              ~~~~~~~~~~^\npart1-functions.c:307:30: warning: unused parameter 'value' [-Wunused-parameter]\nlong int clear_bits(long int value, long int flag) {\n                             ^\npart1-functions.c:307:46: warning: unused parameter 'flag' [-Wunused-parameter]\nlong int clear_bits(long int value, long int flag) {\n                                             ^\npart1-functions.c:337:28: warning: unused parameter 'transition' [-Wunused-parameter]\nint little_automaton(int (*transition)(int, char), const char *input_string) {\n                           ^\npart1-functions.c:337:64: warning: unused parameter 'input_string' [-Wunused-parameter]\nint little_automaton(int (*transition)(int, char), const char *input_string) {\n                                                               ^\n4 warnings and 18 errors generated.\nmake: *** [.objs/part1-functions-release.o] Error 1\n", 
        "name": "part1_test10", 
        "ptsPossible": 1.0
      }, 
      {
        "description": "Part1: Test function 11", 
        "ptsEarned": 0.0, 
        "log": "Trying to compile your code...\nFAILED TO COMPILE!\npart1-functions.c:22:3: error: use of undeclared identifier 'cout'\n  cout << a << \"^2 + \" << b << \"^2 = \" << c << endl;\n  ^\npart1-functions.c:22:48: error: use of undeclared identifier 'endl'\n  cout << a << \"^2 + \" << b << \"^2 = \" << c << endl;\n                                               ^\npart1-functions.c:39:13: error: ordered comparison between pointer and integer ('const char *' and 'int') [-Werror]\n  if (grade > 70)\n      ~~~~~ ^ ~~\npart1-functions.c:40:28: error: format specifies type 'int' but the argument has type 'const char *' [-Werror,-Wformat]\n    printf(\"%d passed!\\n\", grade);\n            ~~             ^~~~~\n            %s\npart1-functions.c:42:32: error: format specifies type 'int' but the argument has type 'const char *' [-Werror,-Wformat]\n    printf(\"%d not passed!\\n\", grade);\n            ~~                 ^~~~~\n            %s\npart1-functions.c:51:8: error: incompatible integer to pointer conversion initializing 'int *' with an expression of type 'int'; take the address with & [-Werror,-Wint-conversion]\n  int *p = x;\n       ^   ~\n           &\npart1-functions.c:101:10: error: incompatible integer to pointer conversion initializing 'float *' with an expression of type 'const int' [-Werror,-Wint-conversion]\n  float *p = *x;\n         ^   ~~\npart1-functions.c:114:9: error: ordered comparison between pointer and integer ('const char *' and 'int') [-Werror]\n  if (a >= 'A' && a <= 'z')\n      ~ ^  ~~~\npart1-functions.c:114:21: error: ordered comparison between pointer and integer ('const char *' and 'int') [-Werror]\n  if (a >= 'A' && a <= 'z')\n                  ~ ^  ~~~\npart1-functions.c:146:5: error: assigning to 'float *' from incompatible type 'double'\n  p = 12.5;\n    ^ ~~~~\npart1-functions.c:213:3: error: statement requires expression of integer type ('const char *' invalid)\n  switch (s) {\n  ^       ~\npart1-functions.c:214:8: error: expression is not an integer constant expression\n  case \"blue\":\n       ^~~~~~\npart1-functions.c:218:8: error: expression is not an integer constant expression\n  case \"orange\":\n       ^~~~~~~~\npart1-functions.c:266:48: error: format specifies type 'double' but the argument has type 'int' [-Werror,-Wformat]\n  printf(\"The radius of the circle is: %f.\\n\", d / 2);\n                                       ~~      ^~~~~\n                                       %d\npart1-functions.c:276:5: error: cannot assign to variable 'k' with const-qualified type 'const int'\n  k = k * k;\n  ~ ^\npart1-functions.c:275:25: note: variable 'k' declared const here\nvoid eighteen(const int k) {\n              ~~~~~~~~~~^\npart1-functions.c:277:5: error: cannot assign to variable 'k' with const-qualified type 'const int'\n  k += k;\n  ~ ^\npart1-functions.c:275:25: note: variable 'k' declared const here\nvoid eighteen(const int k) {\n              ~~~~~~~~~~^\npart1-functions.c:278:5: error: cannot assign to variable 'k' with const-qualified type 'const int'\n  k *= k;\n  ~ ^\npart1-functions.c:275:25: note: variable 'k' declared const here\nvoid eighteen(const int k) {\n              ~~~~~~~~~~^\npart1-functions.c:279:5: error: cannot assign to variable 'k' with const-qualified type 'const int'\n  k -= 1;\n  ~ ^\npart1-functions.c:275:25: note: variable 'k' declared const here\nvoid eighteen(const int k) {\n              ~~~~~~~~~~^\npart1-functions.c:307:30: warning: unused parameter 'value' [-Wunused-parameter]\nlong int clear_bits(long int value, long int flag) {\n                             ^\npart1-functions.c:307:46: warning: unused parameter 'flag' [-Wunused-parameter]\nlong int clear_bits(long int value, long int flag) {\n                                             ^\npart1-functions.c:337:28: warning: unused parameter 'transition' [-Wunused-parameter]\nint little_automaton(int (*transition)(int, char), const char *input_string) {\n                           ^\npart1-functions.c:337:64: warning: unused parameter 'input_string' [-Wunused-parameter]\nint little_automaton(int (*transition)(int, char), const char *input_string) {\n                                                               ^\n4 warnings and 18 errors generated.\nmake: *** [.objs/part1-functions-release.o] Error 1\n", 
        "name": "part1_test11", 
        "ptsPossible": 1.0
      }, 
      {
        "description": "Part1: Test function 12", 
        "ptsEarned": 0.0, 
        "log": "Trying to compile your code...\nFAILED TO COMPILE!\npart1-functions.c:22:3: error: use of undeclared identifier 'cout'\n  cout << a << \"^2 + \" << b << \"^2 = \" << c << endl;\n  ^\npart1-functions.c:22:48: error: use of undeclared identifier 'endl'\n  cout << a << \"^2 + \" << b << \"^2 = \" << c << endl;\n                                               ^\npart1-functions.c:39:13: error: ordered comparison between pointer and integer ('const char *' and 'int') [-Werror]\n  if (grade > 70)\n      ~~~~~ ^ ~~\npart1-functions.c:40:28: error: format specifies type 'int' but the argument has type 'const char *' [-Werror,-Wformat]\n    printf(\"%d passed!\\n\", grade);\n            ~~             ^~~~~\n            %s\npart1-functions.c:42:32: error: format specifies type 'int' but the argument has type 'const char *' [-Werror,-Wformat]\n    printf(\"%d not passed!\\n\", grade);\n            ~~                 ^~~~~\n            %s\npart1-functions.c:51:8: error: incompatible integer to pointer conversion initializing 'int *' with an expression of type 'int'; take the address with & [-Werror,-Wint-conversion]\n  int *p = x;\n       ^   ~\n           &\npart1-functions.c:101:10: error: incompatible integer to pointer conversion initializing 'float *' with an expression of type 'const int' [-Werror,-Wint-conversion]\n  float *p = *x;\n         ^   ~~\npart1-functions.c:114:9: error: ordered comparison between pointer and integer ('const char *' and 'int') [-Werror]\n  if (a >= 'A' && a <= 'z')\n      ~ ^  ~~~\npart1-functions.c:114:21: error: ordered comparison between pointer and integer ('const char *' and 'int') [-Werror]\n  if (a >= 'A' && a <= 'z')\n                  ~ ^  ~~~\npart1-functions.c:146:5: error: assigning to 'float *' from incompatible type 'double'\n  p = 12.5;\n    ^ ~~~~\npart1-functions.c:213:3: error: statement requires expression of integer type ('const char *' invalid)\n  switch (s) {\n  ^       ~\npart1-functions.c:214:8: error: expression is not an integer constant expression\n  case \"blue\":\n       ^~~~~~\npart1-functions.c:218:8: error: expression is not an integer constant expression\n  case \"orange\":\n       ^~~~~~~~\npart1-functions.c:266:48: error: format specifies type 'double' but the argument has type 'int' [-Werror,-Wformat]\n  printf(\"The radius of the circle is: %f.\\n\", d / 2);\n                                       ~~      ^~~~~\n                                       %d\npart1-functions.c:276:5: error: cannot assign to variable 'k' with const-qualified type 'const int'\n  k = k * k;\n  ~ ^\npart1-functions.c:275:25: note: variable 'k' declared const here\nvoid eighteen(const int k) {\n              ~~~~~~~~~~^\npart1-functions.c:277:5: error: cannot assign to variable 'k' with const-qualified type 'const int'\n  k += k;\n  ~ ^\npart1-functions.c:275:25: note: variable 'k' declared const here\nvoid eighteen(const int k) {\n              ~~~~~~~~~~^\npart1-functions.c:278:5: error: cannot assign to variable 'k' with const-qualified type 'const int'\n  k *= k;\n  ~ ^\npart1-functions.c:275:25: note: variable 'k' declared const here\nvoid eighteen(const int k) {\n              ~~~~~~~~~~^\npart1-functions.c:279:5: error: cannot assign to variable 'k' with const-qualified type 'const int'\n  k -= 1;\n  ~ ^\npart1-functions.c:275:25: note: variable 'k' declared const here\nvoid eighteen(const int k) {\n              ~~~~~~~~~~^\npart1-functions.c:307:30: warning: unused parameter 'value' [-Wunused-parameter]\nlong int clear_bits(long int value, long int flag) {\n                             ^\npart1-functions.c:307:46: warning: unused parameter 'flag' [-Wunused-parameter]\nlong int clear_bits(long int value, long int flag) {\n                                             ^\npart1-functions.c:337:28: warning: unused parameter 'transition' [-Wunused-parameter]\nint little_automaton(int (*transition)(int, char), const char *input_string) {\n                           ^\npart1-functions.c:337:64: warning: unused parameter 'input_string' [-Wunused-parameter]\nint little_automaton(int (*transition)(int, char), const char *input_string) {\n                                                               ^\n4 warnings and 18 errors generated.\nmake: *** [.objs/part1-functions-release.o] Error 1\n", 
        "name": "part1_test12", 
        "ptsPossible": 1.0
      }, 
      {
        "description": "Part1: Test function 13", 
        "ptsEarned": 0.0, 
        "log": "Trying to compile your code...\nFAILED TO COMPILE!\npart1-functions.c:22:3: error: use of undeclared identifier 'cout'\n  cout << a << \"^2 + \" << b << \"^2 = \" << c << endl;\n  ^\npart1-functions.c:22:48: error: use of undeclared identifier 'endl'\n  cout << a << \"^2 + \" << b << \"^2 = \" << c << endl;\n                                               ^\npart1-functions.c:39:13: error: ordered comparison between pointer and integer ('const char *' and 'int') [-Werror]\n  if (grade > 70)\n      ~~~~~ ^ ~~\npart1-functions.c:40:28: error: format specifies type 'int' but the argument has type 'const char *' [-Werror,-Wformat]\n    printf(\"%d passed!\\n\", grade);\n            ~~             ^~~~~\n            %s\npart1-functions.c:42:32: error: format specifies type 'int' but the argument has type 'const char *' [-Werror,-Wformat]\n    printf(\"%d not passed!\\n\", grade);\n            ~~                 ^~~~~\n            %s\npart1-functions.c:51:8: error: incompatible integer to pointer conversion initializing 'int *' with an expression of type 'int'; take the address with & [-Werror,-Wint-conversion]\n  int *p = x;\n       ^   ~\n           &\npart1-functions.c:101:10: error: incompatible integer to pointer conversion initializing 'float *' with an expression of type 'const int' [-Werror,-Wint-conversion]\n  float *p = *x;\n         ^   ~~\npart1-functions.c:114:9: error: ordered comparison between pointer and integer ('const char *' and 'int') [-Werror]\n  if (a >= 'A' && a <= 'z')\n      ~ ^  ~~~\npart1-functions.c:114:21: error: ordered comparison between pointer and integer ('const char *' and 'int') [-Werror]\n  if (a >= 'A' && a <= 'z')\n                  ~ ^  ~~~\npart1-functions.c:146:5: error: assigning to 'float *' from incompatible type 'double'\n  p = 12.5;\n    ^ ~~~~\npart1-functions.c:213:3: error: statement requires expression of integer type ('const char *' invalid)\n  switch (s) {\n  ^       ~\npart1-functions.c:214:8: error: expression is not an integer constant expression\n  case \"blue\":\n       ^~~~~~\npart1-functions.c:218:8: error: expression is not an integer constant expression\n  case \"orange\":\n       ^~~~~~~~\npart1-functions.c:266:48: error: format specifies type 'double' but the argument has type 'int' [-Werror,-Wformat]\n  printf(\"The radius of the circle is: %f.\\n\", d / 2);\n                                       ~~      ^~~~~\n                                       %d\npart1-functions.c:276:5: error: cannot assign to variable 'k' with const-qualified type 'const int'\n  k = k * k;\n  ~ ^\npart1-functions.c:275:25: note: variable 'k' declared const here\nvoid eighteen(const int k) {\n              ~~~~~~~~~~^\npart1-functions.c:277:5: error: cannot assign to variable 'k' with const-qualified type 'const int'\n  k += k;\n  ~ ^\npart1-functions.c:275:25: note: variable 'k' declared const here\nvoid eighteen(const int k) {\n              ~~~~~~~~~~^\npart1-functions.c:278:5: error: cannot assign to variable 'k' with const-qualified type 'const int'\n  k *= k;\n  ~ ^\npart1-functions.c:275:25: note: variable 'k' declared const here\nvoid eighteen(const int k) {\n              ~~~~~~~~~~^\npart1-functions.c:279:5: error: cannot assign to variable 'k' with const-qualified type 'const int'\n  k -= 1;\n  ~ ^\npart1-functions.c:275:25: note: variable 'k' declared const here\nvoid eighteen(const int k) {\n              ~~~~~~~~~~^\npart1-functions.c:307:30: warning: unused parameter 'value' [-Wunused-parameter]\nlong int clear_bits(long int value, long int flag) {\n                             ^\npart1-functions.c:307:46: warning: unused parameter 'flag' [-Wunused-parameter]\nlong int clear_bits(long int value, long int flag) {\n                                             ^\npart1-functions.c:337:28: warning: unused parameter 'transition' [-Wunused-parameter]\nint little_automaton(int (*transition)(int, char), const char *input_string) {\n                           ^\npart1-functions.c:337:64: warning: unused parameter 'input_string' [-Wunused-parameter]\nint little_automaton(int (*transition)(int, char), const char *input_string) {\n                                                               ^\n4 warnings and 18 errors generated.\nmake: *** [.objs/part1-functions-release.o] Error 1\n", 
        "name": "part1_test13", 
        "ptsPossible": 1.0
      }, 
      {
        "description": "Part1: Test function 14", 
        "ptsEarned": 0.0, 
        "log": "Trying to compile your code...\nFAILED TO COMPILE!\npart1-functions.c:22:3: error: use of undeclared identifier 'cout'\n  cout << a << \"^2 + \" << b << \"^2 = \" << c << endl;\n  ^\npart1-functions.c:22:48: error: use of undeclared identifier 'endl'\n  cout << a << \"^2 + \" << b << \"^2 = \" << c << endl;\n                                               ^\npart1-functions.c:39:13: error: ordered comparison between pointer and integer ('const char *' and 'int') [-Werror]\n  if (grade > 70)\n      ~~~~~ ^ ~~\npart1-functions.c:40:28: error: format specifies type 'int' but the argument has type 'const char *' [-Werror,-Wformat]\n    printf(\"%d passed!\\n\", grade);\n            ~~             ^~~~~\n            %s\npart1-functions.c:42:32: error: format specifies type 'int' but the argument has type 'const char *' [-Werror,-Wformat]\n    printf(\"%d not passed!\\n\", grade);\n            ~~                 ^~~~~\n            %s\npart1-functions.c:51:8: error: incompatible integer to pointer conversion initializing 'int *' with an expression of type 'int'; take the address with & [-Werror,-Wint-conversion]\n  int *p = x;\n       ^   ~\n           &\npart1-functions.c:101:10: error: incompatible integer to pointer conversion initializing 'float *' with an expression of type 'const int' [-Werror,-Wint-conversion]\n  float *p = *x;\n         ^   ~~\npart1-functions.c:114:9: error: ordered comparison between pointer and integer ('const char *' and 'int') [-Werror]\n  if (a >= 'A' && a <= 'z')\n      ~ ^  ~~~\npart1-functions.c:114:21: error: ordered comparison between pointer and integer ('const char *' and 'int') [-Werror]\n  if (a >= 'A' && a <= 'z')\n                  ~ ^  ~~~\npart1-functions.c:146:5: error: assigning to 'float *' from incompatible type 'double'\n  p = 12.5;\n    ^ ~~~~\npart1-functions.c:213:3: error: statement requires expression of integer type ('const char *' invalid)\n  switch (s) {\n  ^       ~\npart1-functions.c:214:8: error: expression is not an integer constant expression\n  case \"blue\":\n       ^~~~~~\npart1-functions.c:218:8: error: expression is not an integer constant expression\n  case \"orange\":\n       ^~~~~~~~\npart1-functions.c:266:48: error: format specifies type 'double' but the argument has type 'int' [-Werror,-Wformat]\n  printf(\"The radius of the circle is: %f.\\n\", d / 2);\n                                       ~~      ^~~~~\n                                       %d\npart1-functions.c:276:5: error: cannot assign to variable 'k' with const-qualified type 'const int'\n  k = k * k;\n  ~ ^\npart1-functions.c:275:25: note: variable 'k' declared const here\nvoid eighteen(const int k) {\n              ~~~~~~~~~~^\npart1-functions.c:277:5: error: cannot assign to variable 'k' with const-qualified type 'const int'\n  k += k;\n  ~ ^\npart1-functions.c:275:25: note: variable 'k' declared const here\nvoid eighteen(const int k) {\n              ~~~~~~~~~~^\npart1-functions.c:278:5: error: cannot assign to variable 'k' with const-qualified type 'const int'\n  k *= k;\n  ~ ^\npart1-functions.c:275:25: note: variable 'k' declared const here\nvoid eighteen(const int k) {\n              ~~~~~~~~~~^\npart1-functions.c:279:5: error: cannot assign to variable 'k' with const-qualified type 'const int'\n  k -= 1;\n  ~ ^\npart1-functions.c:275:25: note: variable 'k' declared const here\nvoid eighteen(const int k) {\n              ~~~~~~~~~~^\npart1-functions.c:307:30: warning: unused parameter 'value' [-Wunused-parameter]\nlong int clear_bits(long int value, long int flag) {\n                             ^\npart1-functions.c:307:46: warning: unused parameter 'flag' [-Wunused-parameter]\nlong int clear_bits(long int value, long int flag) {\n                                             ^\npart1-functions.c:337:28: warning: unused parameter 'transition' [-Wunused-parameter]\nint little_automaton(int (*transition)(int, char), const char *input_string) {\n                           ^\npart1-functions.c:337:64: warning: unused parameter 'input_string' [-Wunused-parameter]\nint little_automaton(int (*transition)(int, char), const char *input_string) {\n                                                               ^\n4 warnings and 18 errors generated.\nmake: *** [.objs/part1-functions-release.o] Error 1\n", 
        "name": "part1_test14", 
        "ptsPossible": 1.0
      }, 
      {
        "description": "Part1: Test function 15", 
        "ptsEarned": 0.0, 
        "log": "Trying to compile your code...\nFAILED TO COMPILE!\npart1-functions.c:22:3: error: use of undeclared identifier 'cout'\n  cout << a << \"^2 + \" << b << \"^2 = \" << c << endl;\n  ^\npart1-functions.c:22:48: error: use of undeclared identifier 'endl'\n  cout << a << \"^2 + \" << b << \"^2 = \" << c << endl;\n                                               ^\npart1-functions.c:39:13: error: ordered comparison between pointer and integer ('const char *' and 'int') [-Werror]\n  if (grade > 70)\n      ~~~~~ ^ ~~\npart1-functions.c:40:28: error: format specifies type 'int' but the argument has type 'const char *' [-Werror,-Wformat]\n    printf(\"%d passed!\\n\", grade);\n            ~~             ^~~~~\n            %s\npart1-functions.c:42:32: error: format specifies type 'int' but the argument has type 'const char *' [-Werror,-Wformat]\n    printf(\"%d not passed!\\n\", grade);\n            ~~                 ^~~~~\n            %s\npart1-functions.c:51:8: error: incompatible integer to pointer conversion initializing 'int *' with an expression of type 'int'; take the address with & [-Werror,-Wint-conversion]\n  int *p = x;\n       ^   ~\n           &\npart1-functions.c:101:10: error: incompatible integer to pointer conversion initializing 'float *' with an expression of type 'const int' [-Werror,-Wint-conversion]\n  float *p = *x;\n         ^   ~~\npart1-functions.c:114:9: error: ordered comparison between pointer and integer ('const char *' and 'int') [-Werror]\n  if (a >= 'A' && a <= 'z')\n      ~ ^  ~~~\npart1-functions.c:114:21: error: ordered comparison between pointer and integer ('const char *' and 'int') [-Werror]\n  if (a >= 'A' && a <= 'z')\n                  ~ ^  ~~~\npart1-functions.c:146:5: error: assigning to 'float *' from incompatible type 'double'\n  p = 12.5;\n    ^ ~~~~\npart1-functions.c:213:3: error: statement requires expression of integer type ('const char *' invalid)\n  switch (s) {\n  ^       ~\npart1-functions.c:214:8: error: expression is not an integer constant expression\n  case \"blue\":\n       ^~~~~~\npart1-functions.c:218:8: error: expression is not an integer constant expression\n  case \"orange\":\n       ^~~~~~~~\npart1-functions.c:266:48: error: format specifies type 'double' but the argument has type 'int' [-Werror,-Wformat]\n  printf(\"The radius of the circle is: %f.\\n\", d / 2);\n                                       ~~      ^~~~~\n                                       %d\npart1-functions.c:276:5: error: cannot assign to variable 'k' with const-qualified type 'const int'\n  k = k * k;\n  ~ ^\npart1-functions.c:275:25: note: variable 'k' declared const here\nvoid eighteen(const int k) {\n              ~~~~~~~~~~^\npart1-functions.c:277:5: error: cannot assign to variable 'k' with const-qualified type 'const int'\n  k += k;\n  ~ ^\npart1-functions.c:275:25: note: variable 'k' declared const here\nvoid eighteen(const int k) {\n              ~~~~~~~~~~^\npart1-functions.c:278:5: error: cannot assign to variable 'k' with const-qualified type 'const int'\n  k *= k;\n  ~ ^\npart1-functions.c:275:25: note: variable 'k' declared const here\nvoid eighteen(const int k) {\n              ~~~~~~~~~~^\npart1-functions.c:279:5: error: cannot assign to variable 'k' with const-qualified type 'const int'\n  k -= 1;\n  ~ ^\npart1-functions.c:275:25: note: variable 'k' declared const here\nvoid eighteen(const int k) {\n              ~~~~~~~~~~^\npart1-functions.c:307:30: warning: unused parameter 'value' [-Wunused-parameter]\nlong int clear_bits(long int value, long int flag) {\n                             ^\npart1-functions.c:307:46: warning: unused parameter 'flag' [-Wunused-parameter]\nlong int clear_bits(long int value, long int flag) {\n                                             ^\npart1-functions.c:337:28: warning: unused parameter 'transition' [-Wunused-parameter]\nint little_automaton(int (*transition)(int, char), const char *input_string) {\n                           ^\npart1-functions.c:337:64: warning: unused parameter 'input_string' [-Wunused-parameter]\nint little_automaton(int (*transition)(int, char), const char *input_string) {\n                                                               ^\n4 warnings and 18 errors generated.\nmake: *** [.objs/part1-functions-release.o] Error 1\n", 
        "name": "part1_test15", 
        "ptsPossible": 1.0
      }, 
      {
        "description": "Part1: Test function 16", 
        "ptsEarned": 0.0, 
        "log": "Trying to compile your code...\nFAILED TO COMPILE!\npart1-functions.c:22:3: error: use of undeclared identifier 'cout'\n  cout << a << \"^2 + \" << b << \"^2 = \" << c << endl;\n  ^\npart1-functions.c:22:48: error: use of undeclared identifier 'endl'\n  cout << a << \"^2 + \" << b << \"^2 = \" << c << endl;\n                                               ^\npart1-functions.c:39:13: error: ordered comparison between pointer and integer ('const char *' and 'int') [-Werror]\n  if (grade > 70)\n      ~~~~~ ^ ~~\npart1-functions.c:40:28: error: format specifies type 'int' but the argument has type 'const char *' [-Werror,-Wformat]\n    printf(\"%d passed!\\n\", grade);\n            ~~             ^~~~~\n            %s\npart1-functions.c:42:32: error: format specifies type 'int' but the argument has type 'const char *' [-Werror,-Wformat]\n    printf(\"%d not passed!\\n\", grade);\n            ~~                 ^~~~~\n            %s\npart1-functions.c:51:8: error: incompatible integer to pointer conversion initializing 'int *' with an expression of type 'int'; take the address with & [-Werror,-Wint-conversion]\n  int *p = x;\n       ^   ~\n           &\npart1-functions.c:101:10: error: incompatible integer to pointer conversion initializing 'float *' with an expression of type 'const int' [-Werror,-Wint-conversion]\n  float *p = *x;\n         ^   ~~\npart1-functions.c:114:9: error: ordered comparison between pointer and integer ('const char *' and 'int') [-Werror]\n  if (a >= 'A' && a <= 'z')\n      ~ ^  ~~~\npart1-functions.c:114:21: error: ordered comparison between pointer and integer ('const char *' and 'int') [-Werror]\n  if (a >= 'A' && a <= 'z')\n                  ~ ^  ~~~\npart1-functions.c:146:5: error: assigning to 'float *' from incompatible type 'double'\n  p = 12.5;\n    ^ ~~~~\npart1-functions.c:213:3: error: statement requires expression of integer type ('const char *' invalid)\n  switch (s) {\n  ^       ~\npart1-functions.c:214:8: error: expression is not an integer constant expression\n  case \"blue\":\n       ^~~~~~\npart1-functions.c:218:8: error: expression is not an integer constant expression\n  case \"orange\":\n       ^~~~~~~~\npart1-functions.c:266:48: error: format specifies type 'double' but the argument has type 'int' [-Werror,-Wformat]\n  printf(\"The radius of the circle is: %f.\\n\", d / 2);\n                                       ~~      ^~~~~\n                                       %d\npart1-functions.c:276:5: error: cannot assign to variable 'k' with const-qualified type 'const int'\n  k = k * k;\n  ~ ^\npart1-functions.c:275:25: note: variable 'k' declared const here\nvoid eighteen(const int k) {\n              ~~~~~~~~~~^\npart1-functions.c:277:5: error: cannot assign to variable 'k' with const-qualified type 'const int'\n  k += k;\n  ~ ^\npart1-functions.c:275:25: note: variable 'k' declared const here\nvoid eighteen(const int k) {\n              ~~~~~~~~~~^\npart1-functions.c:278:5: error: cannot assign to variable 'k' with const-qualified type 'const int'\n  k *= k;\n  ~ ^\npart1-functions.c:275:25: note: variable 'k' declared const here\nvoid eighteen(const int k) {\n              ~~~~~~~~~~^\npart1-functions.c:279:5: error: cannot assign to variable 'k' with const-qualified type 'const int'\n  k -= 1;\n  ~ ^\npart1-functions.c:275:25: note: variable 'k' declared const here\nvoid eighteen(const int k) {\n              ~~~~~~~~~~^\npart1-functions.c:307:30: warning: unused parameter 'value' [-Wunused-parameter]\nlong int clear_bits(long int value, long int flag) {\n                             ^\npart1-functions.c:307:46: warning: unused parameter 'flag' [-Wunused-parameter]\nlong int clear_bits(long int value, long int flag) {\n                                             ^\npart1-functions.c:337:28: warning: unused parameter 'transition' [-Wunused-parameter]\nint little_automaton(int (*transition)(int, char), const char *input_string) {\n                           ^\npart1-functions.c:337:64: warning: unused parameter 'input_string' [-Wunused-parameter]\nint little_automaton(int (*transition)(int, char), const char *input_string) {\n                                                               ^\n4 warnings and 18 errors generated.\nmake: *** [.objs/part1-functions-release.o] Error 1\n", 
        "name": "part1_test16", 
        "ptsPossible": 1.0
      }, 
      {
        "description": "Part1: Test function 17", 
        "ptsEarned": 0.0, 
        "log": "Trying to compile your code...\nFAILED TO COMPILE!\npart1-functions.c:22:3: error: use of undeclared identifier 'cout'\n  cout << a << \"^2 + \" << b << \"^2 = \" << c << endl;\n  ^\npart1-functions.c:22:48: error: use of undeclared identifier 'endl'\n  cout << a << \"^2 + \" << b << \"^2 = \" << c << endl;\n                                               ^\npart1-functions.c:39:13: error: ordered comparison between pointer and integer ('const char *' and 'int') [-Werror]\n  if (grade > 70)\n      ~~~~~ ^ ~~\npart1-functions.c:40:28: error: format specifies type 'int' but the argument has type 'const char *' [-Werror,-Wformat]\n    printf(\"%d passed!\\n\", grade);\n            ~~             ^~~~~\n            %s\npart1-functions.c:42:32: error: format specifies type 'int' but the argument has type 'const char *' [-Werror,-Wformat]\n    printf(\"%d not passed!\\n\", grade);\n            ~~                 ^~~~~\n            %s\npart1-functions.c:51:8: error: incompatible integer to pointer conversion initializing 'int *' with an expression of type 'int'; take the address with & [-Werror,-Wint-conversion]\n  int *p = x;\n       ^   ~\n           &\npart1-functions.c:101:10: error: incompatible integer to pointer conversion initializing 'float *' with an expression of type 'const int' [-Werror,-Wint-conversion]\n  float *p = *x;\n         ^   ~~\npart1-functions.c:114:9: error: ordered comparison between pointer and integer ('const char *' and 'int') [-Werror]\n  if (a >= 'A' && a <= 'z')\n      ~ ^  ~~~\npart1-functions.c:114:21: error: ordered comparison between pointer and integer ('const char *' and 'int') [-Werror]\n  if (a >= 'A' && a <= 'z')\n                  ~ ^  ~~~\npart1-functions.c:146:5: error: assigning to 'float *' from incompatible type 'double'\n  p = 12.5;\n    ^ ~~~~\npart1-functions.c:213:3: error: statement requires expression of integer type ('const char *' invalid)\n  switch (s) {\n  ^       ~\npart1-functions.c:214:8: error: expression is not an integer constant expression\n  case \"blue\":\n       ^~~~~~\npart1-functions.c:218:8: error: expression is not an integer constant expression\n  case \"orange\":\n       ^~~~~~~~\npart1-functions.c:266:48: error: format specifies type 'double' but the argument has type 'int' [-Werror,-Wformat]\n  printf(\"The radius of the circle is: %f.\\n\", d / 2);\n                                       ~~      ^~~~~\n                                       %d\npart1-functions.c:276:5: error: cannot assign to variable 'k' with const-qualified type 'const int'\n  k = k * k;\n  ~ ^\npart1-functions.c:275:25: note: variable 'k' declared const here\nvoid eighteen(const int k) {\n              ~~~~~~~~~~^\npart1-functions.c:277:5: error: cannot assign to variable 'k' with const-qualified type 'const int'\n  k += k;\n  ~ ^\npart1-functions.c:275:25: note: variable 'k' declared const here\nvoid eighteen(const int k) {\n              ~~~~~~~~~~^\npart1-functions.c:278:5: error: cannot assign to variable 'k' with const-qualified type 'const int'\n  k *= k;\n  ~ ^\npart1-functions.c:275:25: note: variable 'k' declared const here\nvoid eighteen(const int k) {\n              ~~~~~~~~~~^\npart1-functions.c:279:5: error: cannot assign to variable 'k' with const-qualified type 'const int'\n  k -= 1;\n  ~ ^\npart1-functions.c:275:25: note: variable 'k' declared const here\nvoid eighteen(const int k) {\n              ~~~~~~~~~~^\npart1-functions.c:307:30: warning: unused parameter 'value' [-Wunused-parameter]\nlong int clear_bits(long int value, long int flag) {\n                             ^\npart1-functions.c:307:46: warning: unused parameter 'flag' [-Wunused-parameter]\nlong int clear_bits(long int value, long int flag) {\n                                             ^\npart1-functions.c:337:28: warning: unused parameter 'transition' [-Wunused-parameter]\nint little_automaton(int (*transition)(int, char), const char *input_string) {\n                           ^\npart1-functions.c:337:64: warning: unused parameter 'input_string' [-Wunused-parameter]\nint little_automaton(int (*transition)(int, char), const char *input_string) {\n                                                               ^\n4 warnings and 18 errors generated.\nmake: *** [.objs/part1-functions-release.o] Error 1\n", 
        "name": "part1_test17", 
        "ptsPossible": 1.0
      }, 
      {
        "description": "Part1: Test function 18", 
        "ptsEarned": 0.0, 
        "log": "Trying to compile your code...\nFAILED TO COMPILE!\npart1-functions.c:22:3: error: use of undeclared identifier 'cout'\n  cout << a << \"^2 + \" << b << \"^2 = \" << c << endl;\n  ^\npart1-functions.c:22:48: error: use of undeclared identifier 'endl'\n  cout << a << \"^2 + \" << b << \"^2 = \" << c << endl;\n                                               ^\npart1-functions.c:39:13: error: ordered comparison between pointer and integer ('const char *' and 'int') [-Werror]\n  if (grade > 70)\n      ~~~~~ ^ ~~\npart1-functions.c:40:28: error: format specifies type 'int' but the argument has type 'const char *' [-Werror,-Wformat]\n    printf(\"%d passed!\\n\", grade);\n            ~~             ^~~~~\n            %s\npart1-functions.c:42:32: error: format specifies type 'int' but the argument has type 'const char *' [-Werror,-Wformat]\n    printf(\"%d not passed!\\n\", grade);\n            ~~                 ^~~~~\n            %s\npart1-functions.c:51:8: error: incompatible integer to pointer conversion initializing 'int *' with an expression of type 'int'; take the address with & [-Werror,-Wint-conversion]\n  int *p = x;\n       ^   ~\n           &\npart1-functions.c:101:10: error: incompatible integer to pointer conversion initializing 'float *' with an expression of type 'const int' [-Werror,-Wint-conversion]\n  float *p = *x;\n         ^   ~~\npart1-functions.c:114:9: error: ordered comparison between pointer and integer ('const char *' and 'int') [-Werror]\n  if (a >= 'A' && a <= 'z')\n      ~ ^  ~~~\npart1-functions.c:114:21: error: ordered comparison between pointer and integer ('const char *' and 'int') [-Werror]\n  if (a >= 'A' && a <= 'z')\n                  ~ ^  ~~~\npart1-functions.c:146:5: error: assigning to 'float *' from incompatible type 'double'\n  p = 12.5;\n    ^ ~~~~\npart1-functions.c:213:3: error: statement requires expression of integer type ('const char *' invalid)\n  switch (s) {\n  ^       ~\npart1-functions.c:214:8: error: expression is not an integer constant expression\n  case \"blue\":\n       ^~~~~~\npart1-functions.c:218:8: error: expression is not an integer constant expression\n  case \"orange\":\n       ^~~~~~~~\npart1-functions.c:266:48: error: format specifies type 'double' but the argument has type 'int' [-Werror,-Wformat]\n  printf(\"The radius of the circle is: %f.\\n\", d / 2);\n                                       ~~      ^~~~~\n                                       %d\npart1-functions.c:276:5: error: cannot assign to variable 'k' with const-qualified type 'const int'\n  k = k * k;\n  ~ ^\npart1-functions.c:275:25: note: variable 'k' declared const here\nvoid eighteen(const int k) {\n              ~~~~~~~~~~^\npart1-functions.c:277:5: error: cannot assign to variable 'k' with const-qualified type 'const int'\n  k += k;\n  ~ ^\npart1-functions.c:275:25: note: variable 'k' declared const here\nvoid eighteen(const int k) {\n              ~~~~~~~~~~^\npart1-functions.c:278:5: error: cannot assign to variable 'k' with const-qualified type 'const int'\n  k *= k;\n  ~ ^\npart1-functions.c:275:25: note: variable 'k' declared const here\nvoid eighteen(const int k) {\n              ~~~~~~~~~~^\npart1-functions.c:279:5: error: cannot assign to variable 'k' with const-qualified type 'const int'\n  k -= 1;\n  ~ ^\npart1-functions.c:275:25: note: variable 'k' declared const here\nvoid eighteen(const int k) {\n              ~~~~~~~~~~^\npart1-functions.c:307:30: warning: unused parameter 'value' [-Wunused-parameter]\nlong int clear_bits(long int value, long int flag) {\n                             ^\npart1-functions.c:307:46: warning: unused parameter 'flag' [-Wunused-parameter]\nlong int clear_bits(long int value, long int flag) {\n                                             ^\npart1-functions.c:337:28: warning: unused parameter 'transition' [-Wunused-parameter]\nint little_automaton(int (*transition)(int, char), const char *input_string) {\n                           ^\npart1-functions.c:337:64: warning: unused parameter 'input_string' [-Wunused-parameter]\nint little_automaton(int (*transition)(int, char), const char *input_string) {\n                                                               ^\n4 warnings and 18 errors generated.\nmake: *** [.objs/part1-functions-release.o] Error 1\n", 
        "name": "part1_test18", 
        "ptsPossible": 1.0
      }, 
      {
        "description": "Part1: Test function clear_bits", 
        "ptsEarned": 0.0, 
        "log": "Trying to compile your code...\nFAILED TO COMPILE!\npart1-functions.c:22:3: error: use of undeclared identifier 'cout'\n  cout << a << \"^2 + \" << b << \"^2 = \" << c << endl;\n  ^\npart1-functions.c:22:48: error: use of undeclared identifier 'endl'\n  cout << a << \"^2 + \" << b << \"^2 = \" << c << endl;\n                                               ^\npart1-functions.c:39:13: error: ordered comparison between pointer and integer ('const char *' and 'int') [-Werror]\n  if (grade > 70)\n      ~~~~~ ^ ~~\npart1-functions.c:40:28: error: format specifies type 'int' but the argument has type 'const char *' [-Werror,-Wformat]\n    printf(\"%d passed!\\n\", grade);\n            ~~             ^~~~~\n            %s\npart1-functions.c:42:32: error: format specifies type 'int' but the argument has type 'const char *' [-Werror,-Wformat]\n    printf(\"%d not passed!\\n\", grade);\n            ~~                 ^~~~~\n            %s\npart1-functions.c:51:8: error: incompatible integer to pointer conversion initializing 'int *' with an expression of type 'int'; take the address with & [-Werror,-Wint-conversion]\n  int *p = x;\n       ^   ~\n           &\npart1-functions.c:101:10: error: incompatible integer to pointer conversion initializing 'float *' with an expression of type 'const int' [-Werror,-Wint-conversion]\n  float *p = *x;\n         ^   ~~\npart1-functions.c:114:9: error: ordered comparison between pointer and integer ('const char *' and 'int') [-Werror]\n  if (a >= 'A' && a <= 'z')\n      ~ ^  ~~~\npart1-functions.c:114:21: error: ordered comparison between pointer and integer ('const char *' and 'int') [-Werror]\n  if (a >= 'A' && a <= 'z')\n                  ~ ^  ~~~\npart1-functions.c:146:5: error: assigning to 'float *' from incompatible type 'double'\n  p = 12.5;\n    ^ ~~~~\npart1-functions.c:213:3: error: statement requires expression of integer type ('const char *' invalid)\n  switch (s) {\n  ^       ~\npart1-functions.c:214:8: error: expression is not an integer constant expression\n  case \"blue\":\n       ^~~~~~\npart1-functions.c:218:8: error: expression is not an integer constant expression\n  case \"orange\":\n       ^~~~~~~~\npart1-functions.c:266:48: error: format specifies type 'double' but the argument has type 'int' [-Werror,-Wformat]\n  printf(\"The radius of the circle is: %f.\\n\", d / 2);\n                                       ~~      ^~~~~\n                                       %d\npart1-functions.c:276:5: error: cannot assign to variable 'k' with const-qualified type 'const int'\n  k = k * k;\n  ~ ^\npart1-functions.c:275:25: note: variable 'k' declared const here\nvoid eighteen(const int k) {\n              ~~~~~~~~~~^\npart1-functions.c:277:5: error: cannot assign to variable 'k' with const-qualified type 'const int'\n  k += k;\n  ~ ^\npart1-functions.c:275:25: note: variable 'k' declared const here\nvoid eighteen(const int k) {\n              ~~~~~~~~~~^\npart1-functions.c:278:5: error: cannot assign to variable 'k' with const-qualified type 'const int'\n  k *= k;\n  ~ ^\npart1-functions.c:275:25: note: variable 'k' declared const here\nvoid eighteen(const int k) {\n              ~~~~~~~~~~^\npart1-functions.c:279:5: error: cannot assign to variable 'k' with const-qualified type 'const int'\n  k -= 1;\n  ~ ^\npart1-functions.c:275:25: note: variable 'k' declared const here\nvoid eighteen(const int k) {\n              ~~~~~~~~~~^\npart1-functions.c:307:30: warning: unused parameter 'value' [-Wunused-parameter]\nlong int clear_bits(long int value, long int flag) {\n                             ^\npart1-functions.c:307:46: warning: unused parameter 'flag' [-Wunused-parameter]\nlong int clear_bits(long int value, long int flag) {\n                                             ^\npart1-functions.c:337:28: warning: unused parameter 'transition' [-Wunused-parameter]\nint little_automaton(int (*transition)(int, char), const char *input_string) {\n                           ^\npart1-functions.c:337:64: warning: unused parameter 'input_string' [-Wunused-parameter]\nint little_automaton(int (*transition)(int, char), const char *input_string) {\n                                                               ^\n4 warnings and 18 errors generated.\nmake: *** [.objs/part1-functions-release.o] Error 1\n", 
        "name": "part1_test_clear_bits", 
        "ptsPossible": 1.0
      }, 
      {
        "description": "Part1: Test function little_automaton()", 
        "ptsEarned": 0.0, 
        "log": "Trying to compile your code...\nFAILED TO COMPILE!\npart1-functions.c:22:3: error: use of undeclared identifier 'cout'\n  cout << a << \"^2 + \" << b << \"^2 = \" << c << endl;\n  ^\npart1-functions.c:22:48: error: use of undeclared identifier 'endl'\n  cout << a << \"^2 + \" << b << \"^2 = \" << c << endl;\n                                               ^\npart1-functions.c:39:13: error: ordered comparison between pointer and integer ('const char *' and 'int') [-Werror]\n  if (grade > 70)\n      ~~~~~ ^ ~~\npart1-functions.c:40:28: error: format specifies type 'int' but the argument has type 'const char *' [-Werror,-Wformat]\n    printf(\"%d passed!\\n\", grade);\n            ~~             ^~~~~\n            %s\npart1-functions.c:42:32: error: format specifies type 'int' but the argument has type 'const char *' [-Werror,-Wformat]\n    printf(\"%d not passed!\\n\", grade);\n            ~~                 ^~~~~\n            %s\npart1-functions.c:51:8: error: incompatible integer to pointer conversion initializing 'int *' with an expression of type 'int'; take the address with & [-Werror,-Wint-conversion]\n  int *p = x;\n       ^   ~\n           &\npart1-functions.c:101:10: error: incompatible integer to pointer conversion initializing 'float *' with an expression of type 'const int' [-Werror,-Wint-conversion]\n  float *p = *x;\n         ^   ~~\npart1-functions.c:114:9: error: ordered comparison between pointer and integer ('const char *' and 'int') [-Werror]\n  if (a >= 'A' && a <= 'z')\n      ~ ^  ~~~\npart1-functions.c:114:21: error: ordered comparison between pointer and integer ('const char *' and 'int') [-Werror]\n  if (a >= 'A' && a <= 'z')\n                  ~ ^  ~~~\npart1-functions.c:146:5: error: assigning to 'float *' from incompatible type 'double'\n  p = 12.5;\n    ^ ~~~~\npart1-functions.c:213:3: error: statement requires expression of integer type ('const char *' invalid)\n  switch (s) {\n  ^       ~\npart1-functions.c:214:8: error: expression is not an integer constant expression\n  case \"blue\":\n       ^~~~~~\npart1-functions.c:218:8: error: expression is not an integer constant expression\n  case \"orange\":\n       ^~~~~~~~\npart1-functions.c:266:48: error: format specifies type 'double' but the argument has type 'int' [-Werror,-Wformat]\n  printf(\"The radius of the circle is: %f.\\n\", d / 2);\n                                       ~~      ^~~~~\n                                       %d\npart1-functions.c:276:5: error: cannot assign to variable 'k' with const-qualified type 'const int'\n  k = k * k;\n  ~ ^\npart1-functions.c:275:25: note: variable 'k' declared const here\nvoid eighteen(const int k) {\n              ~~~~~~~~~~^\npart1-functions.c:277:5: error: cannot assign to variable 'k' with const-qualified type 'const int'\n  k += k;\n  ~ ^\npart1-functions.c:275:25: note: variable 'k' declared const here\nvoid eighteen(const int k) {\n              ~~~~~~~~~~^\npart1-functions.c:278:5: error: cannot assign to variable 'k' with const-qualified type 'const int'\n  k *= k;\n  ~ ^\npart1-functions.c:275:25: note: variable 'k' declared const here\nvoid eighteen(const int k) {\n              ~~~~~~~~~~^\npart1-functions.c:279:5: error: cannot assign to variable 'k' with const-qualified type 'const int'\n  k -= 1;\n  ~ ^\npart1-functions.c:275:25: note: variable 'k' declared const here\nvoid eighteen(const int k) {\n              ~~~~~~~~~~^\npart1-functions.c:307:30: warning: unused parameter 'value' [-Wunused-parameter]\nlong int clear_bits(long int value, long int flag) {\n                             ^\npart1-functions.c:307:46: warning: unused parameter 'flag' [-Wunused-parameter]\nlong int clear_bits(long int value, long int flag) {\n                                             ^\npart1-functions.c:337:28: warning: unused parameter 'transition' [-Wunused-parameter]\nint little_automaton(int (*transition)(int, char), const char *input_string) {\n                           ^\npart1-functions.c:337:64: warning: unused parameter 'input_string' [-Wunused-parameter]\nint little_automaton(int (*transition)(int, char), const char *input_string) {\n                                                               ^\n4 warnings and 18 errors generated.\nmake: *** [.objs/part1-functions-release.o] Error 1\n", 
        "name": "part1_test_little_automaton", 
        "ptsPossible": 1.0
      }, 
      {
        "description": "Part1: Checking for memory issues...", 
        "ptsEarned": 0.0, 
        "log": "Trying to compile your code...\nFAILED TO COMPILE!\npart1-functions.c:22:3: error: use of undeclared identifier 'cout'\n  cout << a << \"^2 + \" << b << \"^2 = \" << c << endl;\n  ^\npart1-functions.c:22:48: error: use of undeclared identifier 'endl'\n  cout << a << \"^2 + \" << b << \"^2 = \" << c << endl;\n                                               ^\npart1-functions.c:39:13: error: ordered comparison between pointer and integer ('const char *' and 'int') [-Werror]\n  if (grade > 70)\n      ~~~~~ ^ ~~\npart1-functions.c:40:28: error: format specifies type 'int' but the argument has type 'const char *' [-Werror,-Wformat]\n    printf(\"%d passed!\\n\", grade);\n            ~~             ^~~~~\n            %s\npart1-functions.c:42:32: error: format specifies type 'int' but the argument has type 'const char *' [-Werror,-Wformat]\n    printf(\"%d not passed!\\n\", grade);\n            ~~                 ^~~~~\n            %s\npart1-functions.c:51:8: error: incompatible integer to pointer conversion initializing 'int *' with an expression of type 'int'; take the address with & [-Werror,-Wint-conversion]\n  int *p = x;\n       ^   ~\n           &\npart1-functions.c:101:10: error: incompatible integer to pointer conversion initializing 'float *' with an expression of type 'const int' [-Werror,-Wint-conversion]\n  float *p = *x;\n         ^   ~~\npart1-functions.c:114:9: error: ordered comparison between pointer and integer ('const char *' and 'int') [-Werror]\n  if (a >= 'A' && a <= 'z')\n      ~ ^  ~~~\npart1-functions.c:114:21: error: ordered comparison between pointer and integer ('const char *' and 'int') [-Werror]\n  if (a >= 'A' && a <= 'z')\n                  ~ ^  ~~~\npart1-functions.c:146:5: error: assigning to 'float *' from incompatible type 'double'\n  p = 12.5;\n    ^ ~~~~\npart1-functions.c:213:3: error: statement requires expression of integer type ('const char *' invalid)\n  switch (s) {\n  ^       ~\npart1-functions.c:214:8: error: expression is not an integer constant expression\n  case \"blue\":\n       ^~~~~~\npart1-functions.c:218:8: error: expression is not an integer constant expression\n  case \"orange\":\n       ^~~~~~~~\npart1-functions.c:266:48: error: format specifies type 'double' but the argument has type 'int' [-Werror,-Wformat]\n  printf(\"The radius of the circle is: %f.\\n\", d / 2);\n                                       ~~      ^~~~~\n                                       %d\npart1-functions.c:276:5: error: cannot assign to variable 'k' with const-qualified type 'const int'\n  k = k * k;\n  ~ ^\npart1-functions.c:275:25: note: variable 'k' declared const here\nvoid eighteen(const int k) {\n              ~~~~~~~~~~^\npart1-functions.c:277:5: error: cannot assign to variable 'k' with const-qualified type 'const int'\n  k += k;\n  ~ ^\npart1-functions.c:275:25: note: variable 'k' declared const here\nvoid eighteen(const int k) {\n              ~~~~~~~~~~^\npart1-functions.c:278:5: error: cannot assign to variable 'k' with const-qualified type 'const int'\n  k *= k;\n  ~ ^\npart1-functions.c:275:25: note: variable 'k' declared const here\nvoid eighteen(const int k) {\n              ~~~~~~~~~~^\npart1-functions.c:279:5: error: cannot assign to variable 'k' with const-qualified type 'const int'\n  k -= 1;\n  ~ ^\npart1-functions.c:275:25: note: variable 'k' declared const here\nvoid eighteen(const int k) {\n              ~~~~~~~~~~^\npart1-functions.c:307:30: warning: unused parameter 'value' [-Wunused-parameter]\nlong int clear_bits(long int value, long int flag) {\n                             ^\npart1-functions.c:307:46: warning: unused parameter 'flag' [-Wunused-parameter]\nlong int clear_bits(long int value, long int flag) {\n                                             ^\npart1-functions.c:337:28: warning: unused parameter 'transition' [-Wunused-parameter]\nint little_automaton(int (*transition)(int, char), const char *input_string) {\n                           ^\npart1-functions.c:337:64: warning: unused parameter 'input_string' [-Wunused-parameter]\nint little_automaton(int (*transition)(int, char), const char *input_string) {\n                                                               ^\n4 warnings and 18 errors generated.\nmake: *** [.objs/part1-functions-release.o] Error 1\n", 
        "name": "part1_memory", 
        "ptsPossible": 1.0
      }, 
      {
        "description": "Part2: Test function main", 
        "ptsEarned": 0.0, 
        "log": "Trying to compile your code...\nSuccessfully compiled your code..", 
        "name": "part2_test_main", 
        "ptsPossible": 11.0
      }, 
      {
        "description": "Part2: Checking for memory issues...", 
        "ptsEarned": 1.0, 
        "log": "Trying to compile your code...\nSuccessfully compiled your code..\n==439== Memcheck, a memory error detector\n==439== Copyright (C) 2002-2015, and GNU GPL'd, by Julian Seward et al.\n==439== Using Valgrind-3.11.0 and LibVEX; rerun with -h for copyright info\n==439== Command: .../nkou2/pointers_gone_wild/part2\n==439== \n==439== \n==439== HEAP SUMMARY:\n==439==     in use at exit: 0 bytes in 0 blocks\n==439==   total heap usage: 0 allocs, 0 frees, 0 bytes allocated\n==439== \n==439== All heap blocks were freed -- no leaks are possible\n==439== \n==439== For counts of detected and suppressed errors, rerun with: -v\n==439== ERROR SUMMARY: 0 errors from 0 contexts (suppressed: 0 from 0)\n", 
        "name": "part2_memory", 
        "ptsPossible": 1.0
      }
    ], 
    "checksum": "0525fedf9bf6402e860597577718082d278f57f2  part1-functions.c\nf8a9e443ac80c885bead0cf3ed5673a7075b98ee  part2-main.c", 
    "revision": "3773"
  }, 
  {
    "timestamp": "2016-09-02 23:59:00.593011", 
    "testcases": [
      {
        "log": "Trying to compile your code...\nSuccessfully compiled your code..", 
        "ptsEarned": 1.0, 
        "ptsPossible": 1.0, 
        "name": "part1_test1", 
        "description": "Part1: Test function 1"
      }, 
      {
        "log": "Trying to compile your code...\nSuccessfully compiled your code..", 
        "ptsEarned": 0.0, 
        "ptsPossible": 1.0, 
        "name": "part1_test2", 
        "description": "Part1: Test function 2"
      }, 
      {
        "log": "Trying to compile your code...\nSuccessfully compiled your code..", 
        "ptsEarned": 1.0, 
        "ptsPossible": 1.0, 
        "name": "part1_test3", 
        "description": "Part1: Test function 3"
      }, 
      {
        "log": "Trying to compile your code...\nSuccessfully compiled your code..", 
        "ptsEarned": 1.0, 
        "ptsPossible": 1.0, 
        "name": "part1_test4", 
        "description": "Part1: Test function 4"
      }, 
      {
        "log": "Trying to compile your code...\nSuccessfully compiled your code..", 
        "ptsEarned": 1.0, 
        "ptsPossible": 1.0, 
        "name": "part1_test5", 
        "description": "Part1: Test function 5"
      }, 
      {
        "log": "Trying to compile your code...\nSuccessfully compiled your code..", 
        "ptsEarned": 1.0, 
        "ptsPossible": 1.0, 
        "name": "part1_test6", 
        "description": "Part1: Test function 6"
      }, 
      {
        "log": "Trying to compile your code...\nSuccessfully compiled your code..", 
        "ptsEarned": 1.0, 
        "ptsPossible": 1.0, 
        "name": "part1_test7", 
        "description": "Part1: Test function 7"
      }, 
      {
        "log": "Trying to compile your code...\nSuccessfully compiled your code..", 
        "ptsEarned": 1.0, 
        "ptsPossible": 1.0, 
        "name": "part1_test8", 
        "description": "Part1: Test function 8"
      }, 
      {
        "log": "Trying to compile your code...\nSuccessfully compiled your code..", 
        "ptsEarned": 1.0, 
        "ptsPossible": 1.0, 
        "name": "part1_test9", 
        "description": "Part1: Test function 9"
      }, 
      {
        "log": "Trying to compile your code...\nSuccessfully compiled your code..", 
        "ptsEarned": 1.0, 
        "ptsPossible": 1.0, 
        "name": "part1_test10", 
        "description": "Part1: Test function 10"
      }, 
      {
        "log": "Trying to compile your code...\nSuccessfully compiled your code..", 
        "ptsEarned": 1.0, 
        "ptsPossible": 1.0, 
        "name": "part1_test11", 
        "description": "Part1: Test function 11"
      }, 
      {
        "log": "Trying to compile your code...\nSuccessfully compiled your code..", 
        "ptsEarned": 1.0, 
        "ptsPossible": 1.0, 
        "name": "part1_test12", 
        "description": "Part1: Test function 12"
      }, 
      {
        "log": "Trying to compile your code...\nSuccessfully compiled your code..", 
        "ptsEarned": 1.0, 
        "ptsPossible": 1.0, 
        "name": "part1_test13", 
        "description": "Part1: Test function 13"
      }, 
      {
        "log": "Trying to compile your code...\nSuccessfully compiled your code..", 
        "ptsEarned": 1.0, 
        "ptsPossible": 1.0, 
        "name": "part1_test14", 
        "description": "Part1: Test function 14"
      }, 
      {
        "log": "Trying to compile your code...\nSuccessfully compiled your code..", 
        "ptsEarned": 1.0, 
        "ptsPossible": 1.0, 
        "name": "part1_test15", 
        "description": "Part1: Test function 15"
      }, 
      {
        "log": "Trying to compile your code...\nSuccessfully compiled your code..", 
        "ptsEarned": 1.0, 
        "ptsPossible": 1.0, 
        "name": "part1_test16", 
        "description": "Part1: Test function 16"
      }, 
      {
        "log": "Trying to compile your code...\nSuccessfully compiled your code..", 
        "ptsEarned": 1.0, 
        "ptsPossible": 1.0, 
        "name": "part1_test17", 
        "description": "Part1: Test function 17"
      }, 
      {
        "log": "Trying to compile your code...\nSuccessfully compiled your code..", 
        "ptsEarned": 1.0, 
        "ptsPossible": 1.0, 
        "name": "part1_test18", 
        "description": "Part1: Test function 18"
      }, 
      {
        "log": "Trying to compile your code...\nSuccessfully compiled your code..", 
        "ptsEarned": 1.0, 
        "ptsPossible": 1.0, 
        "name": "part1_test_clear_bits", 
        "description": "Part1: Test function clear_bits"
      }, 
      {
        "log": "Trying to compile your code...\nSuccessfully compiled your code..", 
        "ptsEarned": 1.0, 
        "ptsPossible": 1.0, 
        "name": "part1_test_little_automaton", 
        "description": "Part1: Test function little_automaton()"
      }, 
      {
        "log": "Trying to compile your code...\nSuccessfully compiled your code..\n==7329== Memcheck, a memory error detector\n==7329== Copyright (C) 2002-2015, and GNU GPL'd, by Julian Seward et al.\n==7329== Using Valgrind-3.11.0 and LibVEX; rerun with -h for copyright info\n==7329== Command: .../nkou2/pointers_gone_wild/part1-memory\n==7329== \n==7329== \n==7329== HEAP SUMMARY:\n==7329==     in use at exit: 480 bytes in 11 blocks\n==7329==   total heap usage: 16 allocs, 5 frees, 4,596 bytes allocated\n==7329== \n==7329== 480 (80 direct, 400 indirect) bytes in 1 blocks are definitely lost in loss record 2 of 2\n==7329==    at 0x4C2DB8F: malloc (in /usr/lib/valgrind/vgpreload_memcheck-amd64-linux.so)\n==7329==    by 0x400A4E: thirteen (in .../nkou2/pointers_gone_wild/part1-memory)\n==7329==    by 0x4010C3: main (in .../nkou2/pointers_gone_wild/part1-memory)\n==7329== \n==7329== LEAK SUMMARY:\n==7329==    definitely lost: 80 bytes in 1 blocks\n==7329==    indirectly lost: 400 bytes in 10 blocks\n==7329==      possibly lost: 0 bytes in 0 blocks\n==7329==    still reachable: 0 bytes in 0 blocks\n==7329==         suppressed: 0 bytes in 0 blocks\n==7329== \n==7329== For counts of detected and suppressed errors, rerun with: -v\n==7329== ERROR SUMMARY: 1 errors from 1 contexts (suppressed: 0 from 0)\n\nMEMORY ERROR/LEAK!", 
        "ptsEarned": 0.0, 
        "ptsPossible": 1.0, 
        "name": "part1_memory", 
        "description": "Part1: Checking for memory issues..."
      }, 
      {
        "log": "Trying to compile your code...\nSuccessfully compiled your code..", 
        "ptsEarned": 6.0, 
        "ptsPossible": 11.0, 
        "name": "part2_test_main", 
        "description": "Part2: Test function main"
      }, 
      {
        "log": "Trying to compile your code...\nSuccessfully compiled your code..\n==7343== Memcheck, a memory error detector\n==7343== Copyright (C) 2002-2015, and GNU GPL'd, by Julian Seward et al.\n==7343== Using Valgrind-3.11.0 and LibVEX; rerun with -h for copyright info\n==7343== Command: .../nkou2/pointers_gone_wild/part2\n==7343== \n==7343== Conditional jump or move depends on uninitialised value(s)\n==7343==    at 0x4006B4: strange_step (in .../nkou2/pointers_gone_wild/part2)\n==7343==    by 0x4008AB: main (in .../nkou2/pointers_gone_wild/part2)\n==7343== \n==7343== Invalid read of size 1\n==7343==    at 0x4006D5: empty_step (in .../nkou2/pointers_gone_wild/part2)\n==7343==    by 0x4008CC: main (in .../nkou2/pointers_gone_wild/part2)\n==7343==  Address 0x5204123 is 0 bytes after a block of size 3 alloc'd\n==7343==    at 0x4C2DB8F: malloc (in /usr/lib/valgrind/vgpreload_memcheck-amd64-linux.so)\n==7343==    by 0x4008BD: main (in .../nkou2/pointers_gone_wild/part2)\n==7343== \n==7343== \n==7343== HEAP SUMMARY:\n==7343==     in use at exit: 0 bytes in 0 blocks\n==7343==   total heap usage: 4 allocs, 4 frees, 4,112 bytes allocated\n==7343== \n==7343== All heap blocks were freed -- no leaks are possible\n==7343== \n==7343== For counts of detected and suppressed errors, rerun with: -v\n==7343== Use --track-origins=yes to see where uninitialised values come from\n==7343== ERROR SUMMARY: 2 errors from 2 contexts (suppressed: 0 from 0)\n\nMEMORY ERROR/LEAK!", 
        "ptsEarned": 0.0, 
        "ptsPossible": 1.0, 
        "name": "part2_memory", 
        "description": "Part2: Checking for memory issues..."
      }
    ], 
    "revision": "4287", 
    "checksum": "6dc02a4ad549ccf9949eac20356dbe1d08222850  part1-functions.c\nf44b6784f7a135955de8d03612f42a6fa1a6f0b3  part2-main.c"
  }, 
  {
    "timestamp": "2016-09-03 23:59:00.582436", 
    "testcases": [
      {
        "ptsPossible": 1.0, 
        "ptsEarned": 1.0, 
        "description": "Part1: Test function 1", 
        "name": "part1_test1", 
        "log": "Trying to compile your code...\nSuccessfully compiled your code.."
      }, 
      {
        "ptsPossible": 1.0, 
        "ptsEarned": 0.0, 
        "description": "Part1: Test function 2", 
        "name": "part1_test2", 
        "log": "Trying to compile your code...\nSuccessfully compiled your code.."
      }, 
      {
        "ptsPossible": 1.0, 
        "ptsEarned": 1.0, 
        "description": "Part1: Test function 3", 
        "name": "part1_test3", 
        "log": "Trying to compile your code...\nSuccessfully compiled your code.."
      }, 
      {
        "ptsPossible": 1.0, 
        "ptsEarned": 1.0, 
        "description": "Part1: Test function 4", 
        "name": "part1_test4", 
        "log": "Trying to compile your code...\nSuccessfully compiled your code.."
      }, 
      {
        "ptsPossible": 1.0, 
        "ptsEarned": 1.0, 
        "description": "Part1: Test function 5", 
        "name": "part1_test5", 
        "log": "Trying to compile your code...\nSuccessfully compiled your code.."
      }, 
      {
        "ptsPossible": 1.0, 
        "ptsEarned": 1.0, 
        "description": "Part1: Test function 6", 
        "name": "part1_test6", 
        "log": "Trying to compile your code...\nSuccessfully compiled your code.."
      }, 
      {
        "ptsPossible": 1.0, 
        "ptsEarned": 1.0, 
        "description": "Part1: Test function 7", 
        "name": "part1_test7", 
        "log": "Trying to compile your code...\nSuccessfully compiled your code.."
      }, 
      {
        "ptsPossible": 1.0, 
        "ptsEarned": 1.0, 
        "description": "Part1: Test function 8", 
        "name": "part1_test8", 
        "log": "Trying to compile your code...\nSuccessfully compiled your code.."
      }, 
      {
        "ptsPossible": 1.0, 
        "ptsEarned": 1.0, 
        "description": "Part1: Test function 9", 
        "name": "part1_test9", 
        "log": "Trying to compile your code...\nSuccessfully compiled your code.."
      }, 
      {
        "ptsPossible": 1.0, 
        "ptsEarned": 1.0, 
        "description": "Part1: Test function 10", 
        "name": "part1_test10", 
        "log": "Trying to compile your code...\nSuccessfully compiled your code.."
      }, 
      {
        "ptsPossible": 1.0, 
        "ptsEarned": 1.0, 
        "description": "Part1: Test function 11", 
        "name": "part1_test11", 
        "log": "Trying to compile your code...\nSuccessfully compiled your code.."
      }, 
      {
        "ptsPossible": 1.0, 
        "ptsEarned": 1.0, 
        "description": "Part1: Test function 12", 
        "name": "part1_test12", 
        "log": "Trying to compile your code...\nSuccessfully compiled your code.."
      }, 
      {
        "ptsPossible": 1.0, 
        "ptsEarned": 1.0, 
        "description": "Part1: Test function 13", 
        "name": "part1_test13", 
        "log": "Trying to compile your code...\nSuccessfully compiled your code.."
      }, 
      {
        "ptsPossible": 1.0, 
        "ptsEarned": 1.0, 
        "description": "Part1: Test function 14", 
        "name": "part1_test14", 
        "log": "Trying to compile your code...\nSuccessfully compiled your code.."
      }, 
      {
        "ptsPossible": 1.0, 
        "ptsEarned": 1.0, 
        "description": "Part1: Test function 15", 
        "name": "part1_test15", 
        "log": "Trying to compile your code...\nSuccessfully compiled your code.."
      }, 
      {
        "ptsPossible": 1.0, 
        "ptsEarned": 1.0, 
        "description": "Part1: Test function 16", 
        "name": "part1_test16", 
        "log": "Trying to compile your code...\nSuccessfully compiled your code.."
      }, 
      {
        "ptsPossible": 1.0, 
        "ptsEarned": 1.0, 
        "description": "Part1: Test function 17", 
        "name": "part1_test17", 
        "log": "Trying to compile your code...\nSuccessfully compiled your code.."
      }, 
      {
        "ptsPossible": 1.0, 
        "ptsEarned": 1.0, 
        "description": "Part1: Test function 18", 
        "name": "part1_test18", 
        "log": "Trying to compile your code...\nSuccessfully compiled your code.."
      }, 
      {
        "ptsPossible": 1.0, 
        "ptsEarned": 1.0, 
        "description": "Part1: Test function clear_bits", 
        "name": "part1_test_clear_bits", 
        "log": "Trying to compile your code...\nSuccessfully compiled your code.."
      }, 
      {
        "ptsPossible": 1.0, 
        "ptsEarned": 1.0, 
        "description": "Part1: Test function little_automaton()", 
        "name": "part1_test_little_automaton", 
        "log": "Trying to compile your code...\nSuccessfully compiled your code.."
      }, 
      {
        "ptsPossible": 1.0, 
        "ptsEarned": 1.0, 
        "description": "Part1: Checking for memory issues...", 
        "name": "part1_memory", 
        "log": "Trying to compile your code...\nSuccessfully compiled your code..\n==14627== Memcheck, a memory error detector\n==14627== Copyright (C) 2002-2015, and GNU GPL'd, by Julian Seward et al.\n==14627== Using Valgrind-3.11.0 and LibVEX; rerun with -h for copyright info\n==14627== Command: .../nkou2/pointers_gone_wild/part1-memory\n==14627== \n==14627== \n==14627== HEAP SUMMARY:\n==14627==     in use at exit: 0 bytes in 0 blocks\n==14627==   total heap usage: 16 allocs, 16 frees, 4,596 bytes allocated\n==14627== \n==14627== All heap blocks were freed -- no leaks are possible\n==14627== \n==14627== For counts of detected and suppressed errors, rerun with: -v\n==14627== ERROR SUMMARY: 0 errors from 0 contexts (suppressed: 0 from 0)\n"
      }, 
      {
        "ptsPossible": 11.0, 
        "ptsEarned": 11.0, 
        "description": "Part2: Test function main", 
        "name": "part2_test_main", 
        "log": "Trying to compile your code...\nSuccessfully compiled your code.."
      }, 
      {
        "ptsPossible": 1.0, 
        "ptsEarned": 0.0, 
        "description": "Part2: Checking for memory issues...", 
        "name": "part2_memory", 
        "log": "Trying to compile your code...\nSuccessfully compiled your code..\n==14641== Memcheck, a memory error detector\n==14641== Copyright (C) 2002-2015, and GNU GPL'd, by Julian Seward et al.\n==14641== Using Valgrind-3.11.0 and LibVEX; rerun with -h for copyright info\n==14641== Command: .../nkou2/pointers_gone_wild/part2\n==14641== \n==14641== Conditional jump or move depends on uninitialised value(s)\n==14641==    at 0x4006B4: strange_step (in .../nkou2/pointers_gone_wild/part2)\n==14641==    by 0x4008AB: main (in .../nkou2/pointers_gone_wild/part2)\n==14641== \n==14641== Invalid read of size 1\n==14641==    at 0x4006D5: empty_step (in .../nkou2/pointers_gone_wild/part2)\n==14641==    by 0x4008CC: main (in .../nkou2/pointers_gone_wild/part2)\n==14641==  Address 0x5204123 is 0 bytes after a block of size 3 alloc'd\n==14641==    at 0x4C2DB8F: malloc (in /usr/lib/valgrind/vgpreload_memcheck-amd64-linux.so)\n==14641==    by 0x4008BD: main (in .../nkou2/pointers_gone_wild/part2)\n==14641== \n==14641== \n==14641== HEAP SUMMARY:\n==14641==     in use at exit: 1 bytes in 1 blocks\n==14641==   total heap usage: 5 allocs, 4 frees, 4,113 bytes allocated\n==14641== \n==14641== 1 bytes in 1 blocks are definitely lost in loss record 1 of 1\n==14641==    at 0x4C2DB8F: malloc (in /usr/lib/valgrind/vgpreload_memcheck-amd64-linux.so)\n==14641==    by 0x400927: main (in .../nkou2/pointers_gone_wild/part2)\n==14641== \n==14641== LEAK SUMMARY:\n==14641==    definitely lost: 1 bytes in 1 blocks\n==14641==    indirectly lost: 0 bytes in 0 blocks\n==14641==      possibly lost: 0 bytes in 0 blocks\n==14641==    still reachable: 0 bytes in 0 blocks\n==14641==         suppressed: 0 bytes in 0 blocks\n==14641== \n==14641== For counts of detected and suppressed errors, rerun with: -v\n==14641== Use --track-origins=yes to see where uninitialised values come from\n==14641== ERROR SUMMARY: 3 errors from 3 contexts (suppressed: 0 from 0)\n\nMEMORY ERROR/LEAK!"
      }
    ], 
    "checksum": "7c8b90234cfcb8dfd1e65cb0bcf0226982e9f54e  part1-functions.c\n52f86a3cf9187a2d448cff7d1908cbf2866512fc  part2-main.c", 
    "revision": "4946"
  }, 
  {
    "timestamp": "2016-09-04 23:59:00.663985", 
    "testcases": [
      {
        "description": "Part1: Test function 1", 
        "ptsEarned": 1.0, 
        "log": "Trying to compile your code...\nSuccessfully compiled your code..", 
        "name": "part1_test1", 
        "ptsPossible": 1.0
      }, 
      {
        "description": "Part1: Test function 2", 
        "ptsEarned": 0.0, 
        "log": "Trying to compile your code...\nSuccessfully compiled your code..", 
        "name": "part1_test2", 
        "ptsPossible": 1.0
      }, 
      {
        "description": "Part1: Test function 3", 
        "ptsEarned": 1.0, 
        "log": "Trying to compile your code...\nSuccessfully compiled your code..", 
        "name": "part1_test3", 
        "ptsPossible": 1.0
      }, 
      {
        "description": "Part1: Test function 4", 
        "ptsEarned": 1.0, 
        "log": "Trying to compile your code...\nSuccessfully compiled your code..", 
        "name": "part1_test4", 
        "ptsPossible": 1.0
      }, 
      {
        "description": "Part1: Test function 5", 
        "ptsEarned": 1.0, 
        "log": "Trying to compile your code...\nSuccessfully compiled your code..", 
        "name": "part1_test5", 
        "ptsPossible": 1.0
      }, 
      {
        "description": "Part1: Test function 6", 
        "ptsEarned": 1.0, 
        "log": "Trying to compile your code...\nSuccessfully compiled your code..", 
        "name": "part1_test6", 
        "ptsPossible": 1.0
      }, 
      {
        "description": "Part1: Test function 7", 
        "ptsEarned": 1.0, 
        "log": "Trying to compile your code...\nSuccessfully compiled your code..", 
        "name": "part1_test7", 
        "ptsPossible": 1.0
      }, 
      {
        "description": "Part1: Test function 8", 
        "ptsEarned": 1.0, 
        "log": "Trying to compile your code...\nSuccessfully compiled your code..", 
        "name": "part1_test8", 
        "ptsPossible": 1.0
      }, 
      {
        "description": "Part1: Test function 9", 
        "ptsEarned": 1.0, 
        "log": "Trying to compile your code...\nSuccessfully compiled your code..", 
        "name": "part1_test9", 
        "ptsPossible": 1.0
      }, 
      {
        "description": "Part1: Test function 10", 
        "ptsEarned": 1.0, 
        "log": "Trying to compile your code...\nSuccessfully compiled your code..", 
        "name": "part1_test10", 
        "ptsPossible": 1.0
      }, 
      {
        "description": "Part1: Test function 11", 
        "ptsEarned": 1.0, 
        "log": "Trying to compile your code...\nSuccessfully compiled your code..", 
        "name": "part1_test11", 
        "ptsPossible": 1.0
      }, 
      {
        "description": "Part1: Test function 12", 
        "ptsEarned": 1.0, 
        "log": "Trying to compile your code...\nSuccessfully compiled your code..", 
        "name": "part1_test12", 
        "ptsPossible": 1.0
      }, 
      {
        "description": "Part1: Test function 13", 
        "ptsEarned": 1.0, 
        "log": "Trying to compile your code...\nSuccessfully compiled your code..", 
        "name": "part1_test13", 
        "ptsPossible": 1.0
      }, 
      {
        "description": "Part1: Test function 14", 
        "ptsEarned": 1.0, 
        "log": "Trying to compile your code...\nSuccessfully compiled your code..", 
        "name": "part1_test14", 
        "ptsPossible": 1.0
      }, 
      {
        "description": "Part1: Test function 15", 
        "ptsEarned": 1.0, 
        "log": "Trying to compile your code...\nSuccessfully compiled your code..", 
        "name": "part1_test15", 
        "ptsPossible": 1.0
      }, 
      {
        "description": "Part1: Test function 16", 
        "ptsEarned": 1.0, 
        "log": "Trying to compile your code...\nSuccessfully compiled your code..", 
        "name": "part1_test16", 
        "ptsPossible": 1.0
      }, 
      {
        "description": "Part1: Test function 17", 
        "ptsEarned": 1.0, 
        "log": "Trying to compile your code...\nSuccessfully compiled your code..", 
        "name": "part1_test17", 
        "ptsPossible": 1.0
      }, 
      {
        "description": "Part1: Test function 18", 
        "ptsEarned": 1.0, 
        "log": "Trying to compile your code...\nSuccessfully compiled your code..", 
        "name": "part1_test18", 
        "ptsPossible": 1.0
      }, 
      {
        "description": "Part1: Test function clear_bits", 
        "ptsEarned": 1.0, 
        "log": "Trying to compile your code...\nSuccessfully compiled your code..", 
        "name": "part1_test_clear_bits", 
        "ptsPossible": 1.0
      }, 
      {
        "description": "Part1: Test function little_automaton()", 
        "ptsEarned": 1.0, 
        "log": "Trying to compile your code...\nSuccessfully compiled your code..", 
        "name": "part1_test_little_automaton", 
        "ptsPossible": 1.0
      }, 
      {
        "description": "Part1: Checking for memory issues...", 
        "ptsEarned": 1.0, 
        "log": "Trying to compile your code...\nSuccessfully compiled your code..\n==26792== Memcheck, a memory error detector\n==26792== Copyright (C) 2002-2015, and GNU GPL'd, by Julian Seward et al.\n==26792== Using Valgrind-3.11.0 and LibVEX; rerun with -h for copyright info\n==26792== Command: .../nkou2/pointers_gone_wild/part1-memory\n==26792== \n==26792== \n==26792== HEAP SUMMARY:\n==26792==     in use at exit: 0 bytes in 0 blocks\n==26792==   total heap usage: 16 allocs, 16 frees, 4,596 bytes allocated\n==26792== \n==26792== All heap blocks were freed -- no leaks are possible\n==26792== \n==26792== For counts of detected and suppressed errors, rerun with: -v\n==26792== ERROR SUMMARY: 0 errors from 0 contexts (suppressed: 0 from 0)\n", 
        "name": "part1_memory", 
        "ptsPossible": 1.0
      }, 
      {
        "description": "Part2: Test function main", 
        "ptsEarned": 11.0, 
        "log": "Trying to compile your code...\nSuccessfully compiled your code..", 
        "name": "part2_test_main", 
        "ptsPossible": 11.0
      }, 
      {
        "description": "Part2: Checking for memory issues...", 
        "ptsEarned": 0.0, 
        "log": "Trying to compile your code...\nSuccessfully compiled your code..\n==26806== Memcheck, a memory error detector\n==26806== Copyright (C) 2002-2015, and GNU GPL'd, by Julian Seward et al.\n==26806== Using Valgrind-3.11.0 and LibVEX; rerun with -h for copyright info\n==26806== Command: .../nkou2/pointers_gone_wild/part2\n==26806== \n==26806== Conditional jump or move depends on uninitialised value(s)\n==26806==    at 0x4006B4: strange_step (in .../nkou2/pointers_gone_wild/part2)\n==26806==    by 0x4008AB: main (in .../nkou2/pointers_gone_wild/part2)\n==26806== \n==26806== Invalid read of size 1\n==26806==    at 0x4006D5: empty_step (in .../nkou2/pointers_gone_wild/part2)\n==26806==    by 0x4008CC: main (in .../nkou2/pointers_gone_wild/part2)\n==26806==  Address 0x5204123 is 0 bytes after a block of size 3 alloc'd\n==26806==    at 0x4C2DB8F: malloc (in /usr/lib/valgrind/vgpreload_memcheck-amd64-linux.so)\n==26806==    by 0x4008BD: main (in .../nkou2/pointers_gone_wild/part2)\n==26806== \n==26806== \n==26806== HEAP SUMMARY:\n==26806==     in use at exit: 1 bytes in 1 blocks\n==26806==   total heap usage: 5 allocs, 4 frees, 4,113 bytes allocated\n==26806== \n==26806== 1 bytes in 1 blocks are definitely lost in loss record 1 of 1\n==26806==    at 0x4C2DB8F: malloc (in /usr/lib/valgrind/vgpreload_memcheck-amd64-linux.so)\n==26806==    by 0x400927: main (in .../nkou2/pointers_gone_wild/part2)\n==26806== \n==26806== LEAK SUMMARY:\n==26806==    definitely lost: 1 bytes in 1 blocks\n==26806==    indirectly lost: 0 bytes in 0 blocks\n==26806==      possibly lost: 0 bytes in 0 blocks\n==26806==    still reachable: 0 bytes in 0 blocks\n==26806==         suppressed: 0 bytes in 0 blocks\n==26806== \n==26806== For counts of detected and suppressed errors, rerun with: -v\n==26806== Use --track-origins=yes to see where uninitialised values come from\n==26806== ERROR SUMMARY: 3 errors from 3 contexts (suppressed: 0 from 0)\n\nMEMORY ERROR/LEAK!", 
        "name": "part2_memory", 
        "ptsPossible": 1.0
      }
    ], 
    "revision": "6155", 
    "checksum": "7c8b90234cfcb8dfd1e65cb0bcf0226982e9f54e  part1-functions.c\n52f86a3cf9187a2d448cff7d1908cbf2866512fc  part2-main.c"
  }, 
  {
    "timestamp": "2016-09-06 00:00:00.609679", 
    "testcases": [
      {
        "log": "Trying to compile your code...\nSuccessfully compiled your code..", 
        "ptsPossible": 1.0, 
        "ptsEarned": 1.0, 
        "name": "part1_test1", 
        "description": "Part1: Test function 1"
      }, 
      {
        "log": "Trying to compile your code...\nSuccessfully compiled your code..", 
        "ptsPossible": 1.0, 
        "ptsEarned": 0.0, 
        "name": "part1_test2", 
        "description": "Part1: Test function 2"
      }, 
      {
        "log": "Trying to compile your code...\nSuccessfully compiled your code..", 
        "ptsPossible": 1.0, 
        "ptsEarned": 1.0, 
        "name": "part1_test3", 
        "description": "Part1: Test function 3"
      }, 
      {
        "log": "Trying to compile your code...\nSuccessfully compiled your code..", 
        "ptsPossible": 1.0, 
        "ptsEarned": 1.0, 
        "name": "part1_test4", 
        "description": "Part1: Test function 4"
      }, 
      {
        "log": "Trying to compile your code...\nSuccessfully compiled your code..", 
        "ptsPossible": 1.0, 
        "ptsEarned": 1.0, 
        "name": "part1_test5", 
        "description": "Part1: Test function 5"
      }, 
      {
        "log": "Trying to compile your code...\nSuccessfully compiled your code..", 
        "ptsPossible": 1.0, 
        "ptsEarned": 1.0, 
        "name": "part1_test6", 
        "description": "Part1: Test function 6"
      }, 
      {
        "log": "Trying to compile your code...\nSuccessfully compiled your code..", 
        "ptsPossible": 1.0, 
        "ptsEarned": 1.0, 
        "name": "part1_test7", 
        "description": "Part1: Test function 7"
      }, 
      {
        "log": "Trying to compile your code...\nSuccessfully compiled your code..", 
        "ptsPossible": 1.0, 
        "ptsEarned": 1.0, 
        "name": "part1_test8", 
        "description": "Part1: Test function 8"
      }, 
      {
        "log": "Trying to compile your code...\nSuccessfully compiled your code..", 
        "ptsPossible": 1.0, 
        "ptsEarned": 1.0, 
        "name": "part1_test9", 
        "description": "Part1: Test function 9"
      }, 
      {
        "log": "Trying to compile your code...\nSuccessfully compiled your code..", 
        "ptsPossible": 1.0, 
        "ptsEarned": 1.0, 
        "name": "part1_test10", 
        "description": "Part1: Test function 10"
      }, 
      {
        "log": "Trying to compile your code...\nSuccessfully compiled your code..", 
        "ptsPossible": 1.0, 
        "ptsEarned": 1.0, 
        "name": "part1_test11", 
        "description": "Part1: Test function 11"
      }, 
      {
        "log": "Trying to compile your code...\nSuccessfully compiled your code..", 
        "ptsPossible": 1.0, 
        "ptsEarned": 1.0, 
        "name": "part1_test12", 
        "description": "Part1: Test function 12"
      }, 
      {
        "log": "Trying to compile your code...\nSuccessfully compiled your code..", 
        "ptsPossible": 1.0, 
        "ptsEarned": 1.0, 
        "name": "part1_test13", 
        "description": "Part1: Test function 13"
      }, 
      {
        "log": "Trying to compile your code...\nSuccessfully compiled your code..", 
        "ptsPossible": 1.0, 
        "ptsEarned": 1.0, 
        "name": "part1_test14", 
        "description": "Part1: Test function 14"
      }, 
      {
        "log": "Trying to compile your code...\nSuccessfully compiled your code..", 
        "ptsPossible": 1.0, 
        "ptsEarned": 1.0, 
        "name": "part1_test15", 
        "description": "Part1: Test function 15"
      }, 
      {
        "log": "Trying to compile your code...\nSuccessfully compiled your code..", 
        "ptsPossible": 1.0, 
        "ptsEarned": 1.0, 
        "name": "part1_test16", 
        "description": "Part1: Test function 16"
      }, 
      {
        "log": "Trying to compile your code...\nSuccessfully compiled your code..", 
        "ptsPossible": 1.0, 
        "ptsEarned": 1.0, 
        "name": "part1_test17", 
        "description": "Part1: Test function 17"
      }, 
      {
        "log": "Trying to compile your code...\nSuccessfully compiled your code..", 
        "ptsPossible": 1.0, 
        "ptsEarned": 1.0, 
        "name": "part1_test18", 
        "description": "Part1: Test function 18"
      }, 
      {
        "log": "Trying to compile your code...\nSuccessfully compiled your code..", 
        "ptsPossible": 1.0, 
        "ptsEarned": 1.0, 
        "name": "part1_test_clear_bits", 
        "description": "Part1: Test function clear_bits"
      }, 
      {
        "log": "Trying to compile your code...\nSuccessfully compiled your code..", 
        "ptsPossible": 1.0, 
        "ptsEarned": 1.0, 
        "name": "part1_test_little_automaton", 
        "description": "Part1: Test function little_automaton()"
      }, 
      {
        "log": "Trying to compile your code...\nSuccessfully compiled your code..\n==2672== Memcheck, a memory error detector\n==2672== Copyright (C) 2002-2015, and GNU GPL'd, by Julian Seward et al.\n==2672== Using Valgrind-3.11.0 and LibVEX; rerun with -h for copyright info\n==2672== Command: .../nkou2/pointers_gone_wild/part1-memory\n==2672== \n==2672== \n==2672== HEAP SUMMARY:\n==2672==     in use at exit: 0 bytes in 0 blocks\n==2672==   total heap usage: 16 allocs, 16 frees, 4,596 bytes allocated\n==2672== \n==2672== All heap blocks were freed -- no leaks are possible\n==2672== \n==2672== For counts of detected and suppressed errors, rerun with: -v\n==2672== ERROR SUMMARY: 0 errors from 0 contexts (suppressed: 0 from 0)\n", 
        "ptsPossible": 1.0, 
        "ptsEarned": 1.0, 
        "name": "part1_memory", 
        "description": "Part1: Checking for memory issues..."
      }, 
      {
        "log": "Trying to compile your code...\nSuccessfully compiled your code..", 
        "ptsPossible": 11.0, 
        "ptsEarned": 11.0, 
        "name": "part2_test_main", 
        "description": "Part2: Test function main"
      }, 
      {
        "log": "Trying to compile your code...\nSuccessfully compiled your code..\n==2686== Memcheck, a memory error detector\n==2686== Copyright (C) 2002-2015, and GNU GPL'd, by Julian Seward et al.\n==2686== Using Valgrind-3.11.0 and LibVEX; rerun with -h for copyright info\n==2686== Command: .../nkou2/pointers_gone_wild/part2\n==2686== \n==2686== Conditional jump or move depends on uninitialised value(s)\n==2686==    at 0x4006B4: strange_step (in .../nkou2/pointers_gone_wild/part2)\n==2686==    by 0x4008AB: main (in .../nkou2/pointers_gone_wild/part2)\n==2686== \n==2686== Invalid read of size 1\n==2686==    at 0x4006D5: empty_step (in .../nkou2/pointers_gone_wild/part2)\n==2686==    by 0x4008CC: main (in .../nkou2/pointers_gone_wild/part2)\n==2686==  Address 0x5204123 is 0 bytes after a block of size 3 alloc'd\n==2686==    at 0x4C2DB8F: malloc (in /usr/lib/valgrind/vgpreload_memcheck-amd64-linux.so)\n==2686==    by 0x4008BD: main (in .../nkou2/pointers_gone_wild/part2)\n==2686== \n==2686== \n==2686== HEAP SUMMARY:\n==2686==     in use at exit: 1 bytes in 1 blocks\n==2686==   total heap usage: 5 allocs, 4 frees, 4,113 bytes allocated\n==2686== \n==2686== 1 bytes in 1 blocks are definitely lost in loss record 1 of 1\n==2686==    at 0x4C2DB8F: malloc (in /usr/lib/valgrind/vgpreload_memcheck-amd64-linux.so)\n==2686==    by 0x400927: main (in .../nkou2/pointers_gone_wild/part2)\n==2686== \n==2686== LEAK SUMMARY:\n==2686==    definitely lost: 1 bytes in 1 blocks\n==2686==    indirectly lost: 0 bytes in 0 blocks\n==2686==      possibly lost: 0 bytes in 0 blocks\n==2686==    still reachable: 0 bytes in 0 blocks\n==2686==         suppressed: 0 bytes in 0 blocks\n==2686== \n==2686== For counts of detected and suppressed errors, rerun with: -v\n==2686== Use --track-origins=yes to see where uninitialised values come from\n==2686== ERROR SUMMARY: 3 errors from 3 contexts (suppressed: 0 from 0)\n\nMEMORY ERROR/LEAK!", 
        "ptsPossible": 1.0, 
        "ptsEarned": 0.0, 
        "name": "part2_memory", 
        "description": "Part2: Checking for memory issues..."
      }
    ], 
    "checksum": "7c8b90234cfcb8dfd1e65cb0bcf0226982e9f54e  part1-functions.c\n52f86a3cf9187a2d448cff7d1908cbf2866512fc  part2-main.c", 
    "revision": "8091"
  }
]