[
  {
    "timestamp": "2016-09-10 00:00:00.205191", 
    "testcases": [
      {
        "log": "Trying to compile your code...\nFAILED TO COMPILE!\ntime.c:12:19: error: variable has incomplete type 'struct timespec'\n  struct timespec start, end;\n                  ^\ntime.c:12:10: note: forward declaration of 'struct timespec'\n  struct timespec start, end;\n         ^\ntime.c:12:26: error: variable has incomplete type 'struct timespec'\n  struct timespec start, end;\n                         ^\ntime.c:12:10: note: forward declaration of 'struct timespec'\n  struct timespec start, end;\n         ^\ntime.c:13:3: error: implicit declaration of function 'clock_gettime' is invalid in C99 [-Werror,-Wimplicit-function-declaration]\n  clock_gettime(CLOCK_MONOTONIC, &start);\n  ^\ntime.c:13:17: error: use of undeclared identifier 'CLOCK_MONOTONIC'\n  clock_gettime(CLOCK_MONOTONIC, &start);\n                ^\ntime.c:15:3: error: use of undeclared identifier 'pid_t'\n  pid_t id = fork();\n  ^\ntime.c:16:7: error: use of undeclared identifier 'id'\n  if (id > 0) {\n      ^\ntime.c:19:13: error: use of undeclared identifier 'id'\n    waitpid(id, &status, 0);\n            ^\ntime.c:20:19: error: use of undeclared identifier 'CLOCK_MONOTONIC'\n    clock_gettime(CLOCK_MONOTONIC, &end);\n                  ^\n8 errors generated.\nmake: *** [time.o] Error 1\n", 
        "ptsEarned": 0.0, 
        "ptsPossible": 1.0, 
        "name": "time_test_usage", 
        "description": "Test time usage"
      }, 
      {
        "log": "Did not find correct output", 
        "ptsEarned": 0.0, 
        "ptsPossible": 1.0, 
        "name": "env_test_usage", 
        "description": "Test env usage"
      }, 
      {
        "log": "Trying to compile your code...\nFAILED TO COMPILE!\ntime.c:12:19: error: variable has incomplete type 'struct timespec'\n  struct timespec start, end;\n                  ^\ntime.c:12:10: note: forward declaration of 'struct timespec'\n  struct timespec start, end;\n         ^\ntime.c:12:26: error: variable has incomplete type 'struct timespec'\n  struct timespec start, end;\n                         ^\ntime.c:12:10: note: forward declaration of 'struct timespec'\n  struct timespec start, end;\n         ^\ntime.c:13:3: error: implicit declaration of function 'clock_gettime' is invalid in C99 [-Werror,-Wimplicit-function-declaration]\n  clock_gettime(CLOCK_MONOTONIC, &start);\n  ^\ntime.c:13:17: error: use of undeclared identifier 'CLOCK_MONOTONIC'\n  clock_gettime(CLOCK_MONOTONIC, &start);\n                ^\ntime.c:15:3: error: use of undeclared identifier 'pid_t'\n  pid_t id = fork();\n  ^\ntime.c:16:7: error: use of undeclared identifier 'id'\n  if (id > 0) {\n      ^\ntime.c:19:13: error: use of undeclared identifier 'id'\n    waitpid(id, &status, 0);\n            ^\ntime.c:20:19: error: use of undeclared identifier 'CLOCK_MONOTONIC'\n    clock_gettime(CLOCK_MONOTONIC, &end);\n                  ^\n8 errors generated.\nmake: *** [time.o] Error 1\n", 
        "ptsEarned": 0.0, 
        "ptsPossible": 1.0, 
        "name": "time_test_exec", 
        "description": "Test time exec failure"
      }, 
      {
        "log": "Did not find correct output", 
        "ptsEarned": 0.0, 
        "ptsPossible": 1.0, 
        "name": "env_test_exec", 
        "description": "Test env exec failure"
      }, 
      {
        "log": "Trying to compile your code...\nFAILED TO COMPILE!\ntime.c:12:19: error: variable has incomplete type 'struct timespec'\n  struct timespec start, end;\n                  ^\ntime.c:12:10: note: forward declaration of 'struct timespec'\n  struct timespec start, end;\n         ^\ntime.c:12:26: error: variable has incomplete type 'struct timespec'\n  struct timespec start, end;\n                         ^\ntime.c:12:10: note: forward declaration of 'struct timespec'\n  struct timespec start, end;\n         ^\ntime.c:13:3: error: implicit declaration of function 'clock_gettime' is invalid in C99 [-Werror,-Wimplicit-function-declaration]\n  clock_gettime(CLOCK_MONOTONIC, &start);\n  ^\ntime.c:13:17: error: use of undeclared identifier 'CLOCK_MONOTONIC'\n  clock_gettime(CLOCK_MONOTONIC, &start);\n                ^\ntime.c:15:3: error: use of undeclared identifier 'pid_t'\n  pid_t id = fork();\n  ^\ntime.c:16:7: error: use of undeclared identifier 'id'\n  if (id > 0) {\n      ^\ntime.c:19:13: error: use of undeclared identifier 'id'\n    waitpid(id, &status, 0);\n            ^\ntime.c:20:19: error: use of undeclared identifier 'CLOCK_MONOTONIC'\n    clock_gettime(CLOCK_MONOTONIC, &end);\n                  ^\n8 errors generated.\nmake: *** [time.o] Error 1\n", 
        "ptsEarned": 0.0, 
        "ptsPossible": 1.0, 
        "name": "time_test", 
        "description": "Test time"
      }, 
      {
        "log": "Something Failed, report to Autograding staff", 
        "ptsEarned": 0.0, 
        "ptsPossible": 1.0, 
        "name": "env_test", 
        "description": "Test env"
      }, 
      {
        "log": "Did not find correct output", 
        "ptsEarned": 0.0, 
        "ptsPossible": 1.0, 
        "name": "env_test_one", 
        "description": "Test env"
      }, 
      {
        "log": "Something Failed, report to Autograding staff", 
        "ptsEarned": 0.0, 
        "ptsPossible": 1.0, 
        "name": "env_test_two", 
        "description": "Test env"
      }, 
      {
        "log": "Something Failed, report to Autograding staff", 
        "ptsEarned": 0.0, 
        "ptsPossible": 1.0, 
        "name": "env_test_ref", 
        "description": "Test env referencing variable"
      }, 
      {
        "log": "Something Failed, report to Autograding staff", 
        "ptsEarned": 0.0, 
        "ptsPossible": 1.0, 
        "name": "env_test_ref_empty", 
        "description": "Test env referencing nonexistence variable"
      }
    ], 
    "checksum": "034a86d0649e74b23984b18d419f41c4176aea32  env.c\n2677de2fe79519535f05cb2640c06c2430b86650  time.c", 
    "revision": "12194"
  }, 
  {
    "timestamp": "2016-09-10 20:40:00.114211", 
    "testcases": [
      {
        "ptsPossible": 1.0, 
        "ptsEarned": 0.0, 
        "description": "Test time usage", 
        "name": "time_test_usage", 
        "log": "Did not find correct output"
      }, 
      {
        "ptsPossible": 1.0, 
        "ptsEarned": 0.0, 
        "description": "Test env usage", 
        "name": "env_test_usage", 
        "log": "Did not find correct output"
      }, 
      {
        "ptsPossible": 1.0, 
        "ptsEarned": 0.0, 
        "description": "Test time exec failure", 
        "name": "time_test_exec", 
        "log": "Did not find correct output"
      }, 
      {
        "ptsPossible": 1.0, 
        "ptsEarned": 0.0, 
        "description": "Test env exec failure", 
        "name": "env_test_exec", 
        "log": "Did not find correct output"
      }, 
      {
        "ptsPossible": 1.0, 
        "ptsEarned": 1.0, 
        "description": "Test time", 
        "name": "time_test", 
        "log": "Trying to compile your code...\nSuccessfully compiled your code.."
      }, 
      {
        "ptsPossible": 1.0, 
        "ptsEarned": 1.0, 
        "description": "Test env", 
        "name": "env_test", 
        "log": "Trying to compile your code...\nSuccessfully compiled your code.."
      }, 
      {
        "ptsPossible": 1.0, 
        "ptsEarned": 1.0, 
        "description": "Test env", 
        "name": "env_test_one", 
        "log": "Trying to compile your code...\nSuccessfully compiled your code.."
      }, 
      {
        "ptsPossible": 1.0, 
        "ptsEarned": 0.0, 
        "description": "Test env", 
        "name": "env_test_two", 
        "log": "Did not find correct output"
      }, 
      {
        "ptsPossible": 1.0, 
        "ptsEarned": 0.0, 
        "description": "Test env referencing variable", 
        "name": "env_test_ref", 
        "log": "Did not find correct output"
      }, 
      {
        "ptsPossible": 1.0, 
        "ptsEarned": 0.0, 
        "description": "Test env referencing nonexistence variable", 
        "name": "env_test_ref_empty", 
        "log": "Did not find correct output"
      }
    ], 
    "revision": "12702", 
    "checksum": "bb8ba226c6406782524e79cf6cd80074ae87218d  env.c\n3a31e32d1dbec7398cef4f5de004af1a0b18e32a  time.c"
  }, 
  {
    "timestamp": "2016-09-11 00:00:00.573402", 
    "testcases": [
      {
        "description": "Test time usage", 
        "ptsEarned": 0.0, 
        "log": "Did not find correct output", 
        "name": "time_test_usage", 
        "ptsPossible": 1.0
      }, 
      {
        "description": "Test env usage", 
        "ptsEarned": 0.0, 
        "log": "Did not find correct output", 
        "name": "env_test_usage", 
        "ptsPossible": 1.0
      }, 
      {
        "description": "Test time exec failure", 
        "ptsEarned": 0.0, 
        "log": "Did not find correct output", 
        "name": "time_test_exec", 
        "ptsPossible": 1.0
      }, 
      {
        "description": "Test env exec failure", 
        "ptsEarned": 0.0, 
        "log": "Did not find correct output", 
        "name": "env_test_exec", 
        "ptsPossible": 1.0
      }, 
      {
        "description": "Test time", 
        "ptsEarned": 1.0, 
        "log": "Trying to compile your code...\nSuccessfully compiled your code..", 
        "name": "time_test", 
        "ptsPossible": 1.0
      }, 
      {
        "description": "Test env", 
        "ptsEarned": 1.0, 
        "log": "Trying to compile your code...\nSuccessfully compiled your code..", 
        "name": "env_test", 
        "ptsPossible": 1.0
      }, 
      {
        "description": "Test env", 
        "ptsEarned": 1.0, 
        "log": "Trying to compile your code...\nSuccessfully compiled your code..", 
        "name": "env_test_one", 
        "ptsPossible": 1.0
      }, 
      {
        "description": "Test env", 
        "ptsEarned": 0.0, 
        "log": "Did not find correct output", 
        "name": "env_test_two", 
        "ptsPossible": 1.0
      }, 
      {
        "description": "Test env referencing variable", 
        "ptsEarned": 0.0, 
        "log": "Did not find correct output", 
        "name": "env_test_ref", 
        "ptsPossible": 1.0
      }, 
      {
        "description": "Test env referencing nonexistence variable", 
        "ptsEarned": 0.0, 
        "log": "Did not find correct output", 
        "name": "env_test_ref_empty", 
        "ptsPossible": 1.0
      }
    ], 
    "checksum": "bb8ba226c6406782524e79cf6cd80074ae87218d  env.c\n3a31e32d1dbec7398cef4f5de004af1a0b18e32a  time.c", 
    "revision": "13069"
  }, 
  {
    "timestamp": "2016-09-12 00:00:00.578407", 
    "testcases": [
      {
        "log": "Did not find correct output", 
        "ptsEarned": 0.0, 
        "ptsPossible": 1.0, 
        "name": "time_test_usage", 
        "description": "Test time usage"
      }, 
      {
        "log": "Did not find correct output", 
        "ptsEarned": 0.0, 
        "ptsPossible": 1.0, 
        "name": "env_test_usage", 
        "description": "Test env usage"
      }, 
      {
        "log": "Did not find correct output", 
        "ptsEarned": 0.0, 
        "ptsPossible": 1.0, 
        "name": "time_test_exec", 
        "description": "Test time exec failure"
      }, 
      {
        "log": "Did not find correct output", 
        "ptsEarned": 0.0, 
        "ptsPossible": 1.0, 
        "name": "env_test_exec", 
        "description": "Test env exec failure"
      }, 
      {
        "log": "Trying to compile your code...\nSuccessfully compiled your code..", 
        "ptsEarned": 1.0, 
        "ptsPossible": 1.0, 
        "name": "time_test", 
        "description": "Test time"
      }, 
      {
        "log": "Trying to compile your code...\nSuccessfully compiled your code..", 
        "ptsEarned": 1.0, 
        "ptsPossible": 1.0, 
        "name": "env_test", 
        "description": "Test env"
      }, 
      {
        "log": "Trying to compile your code...\nSuccessfully compiled your code..", 
        "ptsEarned": 1.0, 
        "ptsPossible": 1.0, 
        "name": "env_test_one", 
        "description": "Test env"
      }, 
      {
        "log": "Did not find correct output", 
        "ptsEarned": 0.0, 
        "ptsPossible": 1.0, 
        "name": "env_test_two", 
        "description": "Test env"
      }, 
      {
        "log": "Did not find correct output", 
        "ptsEarned": 0.0, 
        "ptsPossible": 1.0, 
        "name": "env_test_ref", 
        "description": "Test env referencing variable"
      }, 
      {
        "log": "Did not find correct output", 
        "ptsEarned": 0.0, 
        "ptsPossible": 1.0, 
        "name": "env_test_ref_empty", 
        "description": "Test env referencing nonexistence variable"
      }
    ], 
    "revision": "14320", 
    "checksum": "bb8ba226c6406782524e79cf6cd80074ae87218d  env.c\n3a31e32d1dbec7398cef4f5de004af1a0b18e32a  time.c"
  }, 
  {
    "timestamp": "2016-09-13 00:00:00.575210", 
    "testcases": [
      {
        "ptsPossible": 1.0, 
        "ptsEarned": 0.0, 
        "description": "Test time usage", 
        "name": "time_test_usage", 
        "log": "Did not find correct output"
      }, 
      {
        "ptsPossible": 1.0, 
        "ptsEarned": 0.0, 
        "description": "Test env usage", 
        "name": "env_test_usage", 
        "log": "Did not find correct output"
      }, 
      {
        "ptsPossible": 1.0, 
        "ptsEarned": 0.0, 
        "description": "Test time exec failure", 
        "name": "time_test_exec", 
        "log": "Did not find correct output"
      }, 
      {
        "ptsPossible": 1.0, 
        "ptsEarned": 0.0, 
        "description": "Test env exec failure", 
        "name": "env_test_exec", 
        "log": "Did not find correct output"
      }, 
      {
        "ptsPossible": 1.0, 
        "ptsEarned": 1.0, 
        "description": "Test time", 
        "name": "time_test", 
        "log": "Trying to compile your code...\nSuccessfully compiled your code.."
      }, 
      {
        "ptsPossible": 1.0, 
        "ptsEarned": 1.0, 
        "description": "Test env", 
        "name": "env_test", 
        "log": "Trying to compile your code...\nSuccessfully compiled your code.."
      }, 
      {
        "ptsPossible": 1.0, 
        "ptsEarned": 1.0, 
        "description": "Test env", 
        "name": "env_test_one", 
        "log": "Trying to compile your code...\nSuccessfully compiled your code.."
      }, 
      {
        "ptsPossible": 1.0, 
        "ptsEarned": 0.0, 
        "description": "Test env", 
        "name": "env_test_two", 
        "log": "Did not find correct output"
      }, 
      {
        "ptsPossible": 1.0, 
        "ptsEarned": 0.0, 
        "description": "Test env referencing variable", 
        "name": "env_test_ref", 
        "log": "Did not find correct output"
      }, 
      {
        "ptsPossible": 1.0, 
        "ptsEarned": 0.0, 
        "description": "Test env referencing nonexistence variable", 
        "name": "env_test_ref_empty", 
        "log": "Did not find correct output"
      }
    ], 
    "checksum": "bb8ba226c6406782524e79cf6cd80074ae87218d  env.c\n3a31e32d1dbec7398cef4f5de004af1a0b18e32a  time.c", 
    "revision": "16163"
  }, 
  {
    "timestamp": "2016-09-14 00:00:00.597500", 
    "testcases": [
      {
        "description": "Test time usage", 
        "ptsEarned": 0.0, 
        "log": "Did not find correct output", 
        "name": "time_test_usage", 
        "ptsPossible": 1.0
      }, 
      {
        "description": "Test env usage", 
        "ptsEarned": 0.0, 
        "log": "Did not find correct output", 
        "name": "env_test_usage", 
        "ptsPossible": 1.0
      }, 
      {
        "description": "Test time exec failure", 
        "ptsEarned": 0.0, 
        "log": "Did not find correct output", 
        "name": "time_test_exec", 
        "ptsPossible": 1.0
      }, 
      {
        "description": "Test env exec failure", 
        "ptsEarned": 0.0, 
        "log": "Did not find correct output", 
        "name": "env_test_exec", 
        "ptsPossible": 1.0
      }, 
      {
        "description": "Test time", 
        "ptsEarned": 1.0, 
        "log": "Trying to compile your code...\nSuccessfully compiled your code..", 
        "name": "time_test", 
        "ptsPossible": 1.0
      }, 
      {
        "description": "Test env", 
        "ptsEarned": 1.0, 
        "log": "Trying to compile your code...\nSuccessfully compiled your code..", 
        "name": "env_test", 
        "ptsPossible": 1.0
      }, 
      {
        "description": "Test env", 
        "ptsEarned": 1.0, 
        "log": "Trying to compile your code...\nSuccessfully compiled your code..", 
        "name": "env_test_one", 
        "ptsPossible": 1.0
      }, 
      {
        "description": "Test env", 
        "ptsEarned": 0.0, 
        "log": "Did not find correct output", 
        "name": "env_test_two", 
        "ptsPossible": 1.0
      }, 
      {
        "description": "Test env referencing variable", 
        "ptsEarned": 0.0, 
        "log": "Did not find correct output", 
        "name": "env_test_ref", 
        "ptsPossible": 1.0
      }, 
      {
        "description": "Test env referencing nonexistence variable", 
        "ptsEarned": 0.0, 
        "log": "Did not find correct output", 
        "name": "env_test_ref_empty", 
        "ptsPossible": 1.0
      }
    ], 
    "revision": "19328", 
    "checksum": "bb8ba226c6406782524e79cf6cd80074ae87218d  env.c\n3a31e32d1dbec7398cef4f5de004af1a0b18e32a  time.c"
  }, 
  {
    "timestamp": "2016-09-15 00:00:00.653157", 
    "testcases": [
      {
        "log": "Did not find correct output", 
        "ptsPossible": 1.0, 
        "ptsEarned": 0.0, 
        "name": "time_test_usage", 
        "description": "Test time usage"
      }, 
      {
        "log": "Trying to compile your code...\nSuccessfully compiled your code..", 
        "ptsPossible": 1.0, 
        "ptsEarned": 1.0, 
        "name": "env_test_usage", 
        "description": "Test env usage"
      }, 
      {
        "log": "Trying to compile your code...\nSuccessfully compiled your code..", 
        "ptsPossible": 1.0, 
        "ptsEarned": 1.0, 
        "name": "time_test_exec", 
        "description": "Test time exec failure"
      }, 
      {
        "log": "Trying to compile your code...\nSuccessfully compiled your code..", 
        "ptsPossible": 1.0, 
        "ptsEarned": 1.0, 
        "name": "env_test_exec", 
        "description": "Test env exec failure"
      }, 
      {
        "log": "Trying to compile your code...\nSuccessfully compiled your code..", 
        "ptsPossible": 1.0, 
        "ptsEarned": 1.0, 
        "name": "time_test", 
        "description": "Test time"
      }, 
      {
        "log": "Did not find correct output", 
        "ptsPossible": 1.0, 
        "ptsEarned": 0.0, 
        "name": "env_test", 
        "description": "Test env"
      }, 
      {
        "log": "Trying to compile your code...\nSuccessfully compiled your code..", 
        "ptsPossible": 1.0, 
        "ptsEarned": 1.0, 
        "name": "env_test_one", 
        "description": "Test env"
      }, 
      {
        "log": "Trying to compile your code...\nSuccessfully compiled your code..", 
        "ptsPossible": 1.0, 
        "ptsEarned": 1.0, 
        "name": "env_test_two", 
        "description": "Test env"
      }, 
      {
        "log": "Trying to compile your code...\nSuccessfully compiled your code..", 
        "ptsPossible": 1.0, 
        "ptsEarned": 1.0, 
        "name": "env_test_ref", 
        "description": "Test env referencing variable"
      }, 
      {
        "log": "Trying to compile your code...\nSuccessfully compiled your code..", 
        "ptsPossible": 1.0, 
        "ptsEarned": 1.0, 
        "name": "env_test_ref_empty", 
        "description": "Test env referencing nonexistence variable"
      }
    ], 
    "checksum": "208aa1c24b8dbf0d27d39329638c1bdd57e9bfc7  env.c\n0d64b0aa91abc6a0ac5a04845d4877817b624ee5  time.c", 
    "revision": "21563"
  }
]